INFO: [VRFC 10-2263] Analyzing Verilog file "C:/Users/curti/OneDrive/Documents/UIUC/ECE-385/Vivado Projects/lab_5/lab_5.gen/sources_1/ip/blk_mem_gen_0/blk_mem_gen_0_sim_netlist.v" into library xil_defaultlib
INFO: [VRFC 10-311] analyzing module blk_mem_gen_0
INFO: [VRFC 10-311] analyzing module blk_mem_gen_0_blk_mem_gen_generic_cstr
INFO: [VRFC 10-311] analyzing module blk_mem_gen_0_blk_mem_gen_prim_width
INFO: [VRFC 10-311] analyzing module blk_mem_gen_0_blk_mem_gen_prim_wrapper
INFO: [VRFC 10-311] analyzing module blk_mem_gen_0_blk_mem_gen_top
INFO: [VRFC 10-311] analyzing module blk_mem_gen_0_blk_mem_gen_v8_4_5
INFO: [VRFC 10-311] analyzing module blk_mem_gen_0_blk_mem_gen_v8_4_5_synth
INFO: [VRFC 10-311] analyzing module glbl
INFO: [VRFC 10-2263] Analyzing SystemVerilog file "C:/Users/curti/OneDrive/Documents/UIUC/ECE-385/Vivado Projects/lab5_provided_fa24/srcs/control.sv" into library xil_defaultlib
INFO: [VRFC 10-311] analyzing module control
INFO: [VRFC 10-2263] Analyzing SystemVerilog file "C:/Users/curti/OneDrive/Documents/UIUC/ECE-385/Vivado Projects/lab5_provided_fa24/srcs/cpu.sv" into library xil_defaultlib
INFO: [VRFC 10-311] analyzing module cpu
INFO: [VRFC 10-2263] Analyzing SystemVerilog file "C:/Users/curti/OneDrive/Documents/UIUC/ECE-385/Vivado Projects/lab5_provided_fa24/srcs/cpu_to_io.sv" into library xil_defaultlib
INFO: [VRFC 10-311] analyzing module cpu_to_io
INFO: [VRFC 10-2263] Analyzing SystemVerilog file "C:/Users/curti/OneDrive/Documents/UIUC/ECE-385/Vivado Projects/lab5_provided_fa24/srcs/hex_driver.sv" into library xil_defaultlib
INFO: [VRFC 10-311] analyzing module hex_driver
INFO: [VRFC 10-311] analyzing module nibble_to_hex
INFO: [VRFC 10-2263] Analyzing SystemVerilog file "C:/Users/curti/OneDrive/Documents/UIUC/ECE-385/Vivado Projects/lab5_provided_fa24/srcs/types.sv" into library xil_defaultlib
INFO: [VRFC 10-2263] Analyzing SystemVerilog file "C:/Users/curti/OneDrive/Documents/UIUC/ECE-385/Vivado Projects/lab5_provided_fa24/srcs/instantiate_ram.sv" into library xil_defaultlib
INFO: [VRFC 10-311] analyzing module instantiate_ram
INFO: [VRFC 10-2263] Analyzing SystemVerilog file "C:/Users/curti/OneDrive/Documents/UIUC/ECE-385/Vivado Projects/lab5_provided_fa24/srcs/load_reg.sv" into library xil_defaultlib
INFO: [VRFC 10-311] analyzing module load_reg
INFO: [VRFC 10-2263] Analyzing SystemVerilog file "C:/Users/curti/OneDrive/Documents/UIUC/ECE-385/Vivado Projects/lab5_provided_fa24/srcs/memory.sv" into library xil_defaultlib
INFO: [VRFC 10-311] analyzing module memory
INFO: [VRFC 10-2263] Analyzing SystemVerilog file "C:/Users/curti/OneDrive/Documents/UIUC/ECE-385/Vivado Projects/lab5_provided_fa24/srcs/slc3.sv" into library xil_defaultlib
INFO: [VRFC 10-311] analyzing module slc3
INFO: [VRFC 10-2263] Analyzing SystemVerilog file "C:/Users/curti/OneDrive/Documents/UIUC/ECE-385/Vivado Projects/lab5_provided_fa24/srcs/sync.sv" into library xil_defaultlib
INFO: [VRFC 10-311] analyzing module sync_debounce
INFO: [VRFC 10-311] analyzing module sync_flop
INFO: [VRFC 10-2263] Analyzing SystemVerilog file "C:/Users/curti/OneDrive/Documents/UIUC/ECE-385/Vivado Projects/lab5_provided_fa24/srcs/processor_top.sv" into library xil_defaultlib
INFO: [VRFC 10-311] analyzing module processor_top
INFO: [VRFC 10-2263] Analyzing SystemVerilog file "C:/Users/curti/OneDrive/Documents/UIUC/ECE-385/Vivado Projects/lab5_provided_fa24/srcs/test_memory.sv" into library xil_defaultlib
INFO: [VRFC 10-311] analyzing module test_memory
INFO: [VRFC 10-2263] Analyzing SystemVerilog file "C:/Users/curti/OneDrive/Documents/UIUC/ECE-385/Vivado Projects/lab_5/lab_5.srcs/sim_1/new/testbench.sv" into library xil_defaultlib
INFO: [VRFC 10-311] analyzing module testbench
