Vivado Simulator v2022.2
Copyright 1986-1999, 2001-2022 Xilinx, Inc. All Rights Reserved.
Running: C:/Xilinx/Vivado/2022.2/bin/unwrapped/win64.o/xelab.exe --incr --debug typical --relax --mt 2 -L xil_defaultlib -L uvm -L unisims_ver -L unimacro_ver -L secureip --snapshot adder_toplevel_behav xil_defaultlib.adder_toplevel xil_defaultlib.glbl -log elaborate.log 
Using 2 slave threads.
Starting static elaboration
Pass Through NonSizing Optimizer
Completed static elaboration
Starting simulation data flow analysis
WARNING: [XSIM 43-4100] "C:/Users/curti/OneDrive/Documents/UIUC/ECE 385/Vivado Projects/lab3/lab3.sim/sim_1/behav/xsim/glbl.v" Line 6. Module glbl has a timescale but at least one module in design doesn't have timescale.
WARNING: [XSIM 43-4100] "C:/Users/curti/OneDrive/Documents/UIUC/ECE 385/Vivado Projects/lab3/lab3.sim/sim_1/behav/xsim/glbl.v" Line 6. Module glbl has a timescale but at least one module in design doesn't have timescale.
Completed simulation data flow analysis
Time Resolution for simulation is 1ps
Compiling package xil_defaultlib.$unit_hex_driver_sv_768700508
Compiling module xil_defaultlib.negedge_detector
Compiling module xil_defaultlib.load_reg(DATA_WIDTH=17)
Compiling module xil_defaultlib.full_adder
Compiling module xil_defaultlib.ripple_adder_default
Compiling module xil_defaultlib.nibble_to_hex
Compiling module xil_defaultlib.hex_driver_default
Compiling module xil_defaultlib.sync_debounce
Compiling module xil_defaultlib.load_reg(DATA_WIDTH=16)
Compiling module xil_defaultlib.adder_toplevel
Compiling module xil_defaultlib.glbl
Built simulation snapshot adder_toplevel_behav
