#-----------------------------------------------------------
# Vivado v2022.2 (64-bit)
# SW Build 3671981 on Fri Oct 14 05:00:03 MDT 2022
# IP Build 3669848 on Fri Oct 14 08:30:02 MDT 2022
# Start of session at: Thu Oct 17 12:46:13 2024
# Process ID: 35780
# Current directory: C:/Users/curti/OneDrive/Documents/UIUC/ECE-385/Vivado_Projects/lab_6
# Command line: vivado.exe -gui_launcher_event rodinguilauncherevent8580 C:\Users\curti\OneDrive\Documents\UIUC\ECE-385\Vivado_Projects\lab_6\lab_6.xpr
# Log file: C:/Users/curti/OneDrive/Documents/UIUC/ECE-385/Vivado_Projects/lab_6/vivado.log
# Journal file: C:/Users/curti/OneDrive/Documents/UIUC/ECE-385/Vivado_Projects/lab_6\vivado.jou
# Running On: Curtis-Laptop, OS: Windows, CPU Frequency: 2688 MHz, CPU Physical cores: 14, Host memory: 34014 MB
#-----------------------------------------------------------
start_gui
open_project C:/Users/curti/OneDrive/Documents/UIUC/ECE-385/Vivado_Projects/lab_6/lab_6.xpr
WARNING: [Board 49-26] cannot add Board Part xilinx.com:ac701:part0:1.4 available at C:/Xilinx/Vivado/2022.2/data/xhub/boards/XilinxBoardStore/boards/Xilinx/ac701/1.4/board.xml as part xc7a200tfbg676-2 specified in board_part file is either invalid or not available
WARNING: [Board 49-26] cannot add Board Part xilinx.com:k26c:part0:1.2 available at C:/Xilinx/Vivado/2022.2/data/xhub/boards/XilinxBoardStore/boards/Xilinx/k26c/1.2/board.xml as part xck26-sfvc784-2lv-c specified in board_part file is either invalid or not available
WARNING: [Board 49-26] cannot add Board Part xilinx.com:k26c:part0:1.3 available at C:/Xilinx/Vivado/2022.2/data/xhub/boards/XilinxBoardStore/boards/Xilinx/k26c/1.3/board.xml as part xck26-sfvc784-2lv-c specified in board_part file is either invalid or not available
WARNING: [Board 49-26] cannot add Board Part xilinx.com:k26c:part0:1.4 available at C:/Xilinx/Vivado/2022.2/data/xhub/boards/XilinxBoardStore/boards/Xilinx/k26c/1.4/board.xml as part xck26-sfvc784-2lv-c specified in board_part file is either invalid or not available
WARNING: [Board 49-26] cannot add Board Part xilinx.com:k26i:part0:1.2 available at C:/Xilinx/Vivado/2022.2/data/xhub/boards/XilinxBoardStore/boards/Xilinx/k26i/1.2/board.xml as part xck26-sfvc784-2lvi-i specified in board_part file is either invalid or not available
WARNING: [Board 49-26] cannot add Board Part xilinx.com:k26i:part0:1.3 available at C:/Xilinx/Vivado/2022.2/data/xhub/boards/XilinxBoardStore/boards/Xilinx/k26i/1.3/board.xml as part xck26-sfvc784-2lvi-i specified in board_part file is either invalid or not available
WARNING: [Board 49-26] cannot add Board Part xilinx.com:k26i:part0:1.4 available at C:/Xilinx/Vivado/2022.2/data/xhub/boards/XilinxBoardStore/boards/Xilinx/k26i/1.4/board.xml as part xck26-sfvc784-2lvi-i specified in board_part file is either invalid or not available
WARNING: [Board 49-26] cannot add Board Part xilinx.com:kc705:part0:1.6 available at C:/Xilinx/Vivado/2022.2/data/xhub/boards/XilinxBoardStore/boards/Xilinx/kc705/1.6/board.xml as part xc7k325tffg900-2 specified in board_part file is either invalid or not available
WARNING: [Board 49-26] cannot add Board Part xilinx.com:kcu105:part0:1.6 available at C:/Xilinx/Vivado/2022.2/data/xhub/boards/XilinxBoardStore/boards/Xilinx/kcu105/1.6/board.xml as part xcku040-ffva1156-2-e specified in board_part file is either invalid or not available
WARNING: [Board 49-26] cannot add Board Part xilinx.com:kcu105:part0:1.7 available at C:/Xilinx/Vivado/2022.2/data/xhub/boards/XilinxBoardStore/boards/Xilinx/kcu105/1.7/board.xml as part xcku040-ffva1156-2-e specified in board_part file is either invalid or not available
WARNING: [Board 49-26] cannot add Board Part xilinx.com:kcu116:part0:1.4 available at C:/Xilinx/Vivado/2022.2/data/xhub/boards/XilinxBoardStore/boards/Xilinx/kcu116/1.4/board.xml as part xcku5p-ffvb676-2-e specified in board_part file is either invalid or not available
WARNING: [Board 49-26] cannot add Board Part xilinx.com:kcu116:part0:1.5 available at C:/Xilinx/Vivado/2022.2/data/xhub/boards/XilinxBoardStore/boards/Xilinx/kcu116/1.5/board.xml as part xcku5p-ffvb676-2-e specified in board_part file is either invalid or not available
WARNING: [Board 49-26] cannot add Board Part xilinx.com:kcu1500:part0:1.2 available at C:/Xilinx/Vivado/2022.2/data/xhub/boards/XilinxBoardStore/boards/Xilinx/kcu1500/1.2/board.xml as part xcku115-flvb2104-2-e specified in board_part file is either invalid or not available
WARNING: [Board 49-26] cannot add Board Part xilinx.com:kr260_som:part0:1.0 available at C:/Xilinx/Vivado/2022.2/data/xhub/boards/XilinxBoardStore/boards/Xilinx/kr260_som/1.0/board.xml as part xck26-sfvc784-2lv-c specified in board_part file is either invalid or not available
WARNING: [Board 49-26] cannot add Board Part xilinx.com:kr260_som:part0:1.1 available at C:/Xilinx/Vivado/2022.2/data/xhub/boards/XilinxBoardStore/boards/Xilinx/kr260_som/1.1/board.xml as part xck26-sfvc784-2lv-c specified in board_part file is either invalid or not available
WARNING: [Board 49-26] cannot add Board Part xilinx.com:kv260_som:part0:1.2 available at C:/Xilinx/Vivado/2022.2/data/xhub/boards/XilinxBoardStore/boards/Xilinx/kv260_som/1.2/board.xml as part xck26-sfvc784-2lv-c specified in board_part file is either invalid or not available
WARNING: [Board 49-26] cannot add Board Part xilinx.com:kv260_som:part0:1.3 available at C:/Xilinx/Vivado/2022.2/data/xhub/boards/XilinxBoardStore/boards/Xilinx/kv260_som/1.3/board.xml as part xck26-sfvc784-2lv-c specified in board_part file is either invalid or not available
WARNING: [Board 49-26] cannot add Board Part xilinx.com:kv260_som:part0:1.4 available at C:/Xilinx/Vivado/2022.2/data/xhub/boards/XilinxBoardStore/boards/Xilinx/kv260_som/1.4/board.xml as part xck26-sfvc784-2lv-c specified in board_part file is either invalid or not available
WARNING: [Board 49-26] cannot add Board Part xilinx.com:vc707:part0:1.4 available at C:/Xilinx/Vivado/2022.2/data/xhub/boards/XilinxBoardStore/boards/Xilinx/vc707/1.4/board.xml as part xc7vx485tffg1761-2 specified in board_part file is either invalid or not available
WARNING: [Board 49-26] cannot add Board Part xilinx.com:vc709:part0:1.8 available at C:/Xilinx/Vivado/2022.2/data/xhub/boards/XilinxBoardStore/boards/Xilinx/vc709/1.8/board.xml as part xc7vx690tffg1761-2 specified in board_part file is either invalid or not available
WARNING: [Board 49-26] cannot add Board Part xilinx.com:vck190:part0:2.2 available at C:/Xilinx/Vivado/2022.2/data/xhub/boards/XilinxBoardStore/boards/Xilinx/vck190/production/2.2/board.xml as part xcvc1902-vsva2197-2mp-e-s specified in board_part file is either invalid or not available
WARNING: [Board 49-26] cannot add Board Part xilinx.com:vck190:part0:3.0 available at C:/Xilinx/Vivado/2022.2/data/xhub/boards/XilinxBoardStore/boards/Xilinx/vck190/production/3.0/board.xml as part xcvc1902-vsva2197-2mp-e-s specified in board_part file is either invalid or not available
WARNING: [Board 49-26] cannot add Board Part xilinx.com:vck190:part0:3.1 available at C:/Xilinx/Vivado/2022.2/data/xhub/boards/XilinxBoardStore/boards/Xilinx/vck190/production/3.1/board.xml as part xcvc1902-vsva2197-2mp-e-s specified in board_part file is either invalid or not available
WARNING: [Board 49-26] cannot add Board Part xilinx.com:vck190_newl:part0:1.0 available at C:/Xilinx/Vivado/2022.2/data/xhub/boards/XilinxBoardStore/boards/Xilinx/vck190_newl/production/1.0/board.xml as part xcvc1902-vsva2197-2mp-e-s specified in board_part file is either invalid or not available
WARNING: [Board 49-26] cannot add Board Part xilinx.com:vcu108:part0:1.6 available at C:/Xilinx/Vivado/2022.2/data/xhub/boards/XilinxBoardStore/boards/Xilinx/vcu108/1.6/board.xml as part xcvu095-ffva2104-2-e specified in board_part file is either invalid or not available
WARNING: [Board 49-26] cannot add Board Part xilinx.com:vcu108:part0:1.7 available at C:/Xilinx/Vivado/2022.2/data/xhub/boards/XilinxBoardStore/boards/Xilinx/vcu108/1.7/board.xml as part xcvu095-ffva2104-2-e specified in board_part file is either invalid or not available
WARNING: [Board 49-26] cannot add Board Part xilinx.com:vcu110:part0:1.4 available at C:/Xilinx/Vivado/2022.2/data/xhub/boards/XilinxBoardStore/boards/Xilinx/vcu110/1.4/board.xml as part xcvu190-flgc2104-2-e specified in board_part file is either invalid or not available
WARNING: [Board 49-26] cannot add Board Part xilinx.com:vcu118:part0:2.0 available at C:/Xilinx/Vivado/2022.2/data/xhub/boards/XilinxBoardStore/boards/Xilinx/vcu118/2.0/board.xml as part xcvu9p-flga2104-2l-e specified in board_part file is either invalid or not available
WARNING: [Board 49-26] cannot add Board Part xilinx.com:vcu118:part0:2.3 available at C:/Xilinx/Vivado/2022.2/data/xhub/boards/XilinxBoardStore/boards/Xilinx/vcu118/2.3/board.xml as part xcvu9p-flga2104-2l-e specified in board_part file is either invalid or not available
WARNING: [Board 49-26] cannot add Board Part xilinx.com:vcu118:part0:2.4 available at C:/Xilinx/Vivado/2022.2/data/xhub/boards/XilinxBoardStore/boards/Xilinx/vcu118/2.4/board.xml as part xcvu9p-flga2104-2l-e specified in board_part file is either invalid or not available
WARNING: [Board 49-26] cannot add Board Part xilinx.com:vcu128:part0:1.0 available at C:/Xilinx/Vivado/2022.2/data/xhub/boards/XilinxBoardStore/boards/Xilinx/vcu128/production/1.0/board.xml as part xcvu37p-fsvh2892-2l-e specified in board_part file is either invalid or not available
WARNING: [Board 49-26] cannot add Board Part xilinx.com:vcu129:part0:1.0 available at C:/Xilinx/Vivado/2022.2/data/xhub/boards/XilinxBoardStore/boards/Xilinx/vcu129/production/1.0/board.xml as part xcvu29p-fsga2577-2l-e specified in board_part file is either invalid or not available
WARNING: [Board 49-26] cannot add Board Part xilinx.com:vcu1525:part0:1.3 available at C:/Xilinx/Vivado/2022.2/data/xhub/boards/XilinxBoardStore/boards/Xilinx/vcu1525/1.3/board.xml as part xcvu9p-fsgd2104-2l-e specified in board_part file is either invalid or not available
WARNING: [Board 49-26] cannot add Board Part xilinx.com:vek280_es:part0:1.0 available at C:/Xilinx/Vivado/2022.2/data/xhub/boards/XilinxBoardStore/boards/Xilinx/vek280/es/1.0/board.xml as part xcve2802-vsvh1760-2lp-e-s-es1 specified in board_part file is either invalid or not available
WARNING: [Board 49-26] cannot add Board Part xilinx.com:vermeo_t1_mpsoc:part0:1.0 available at C:/Xilinx/Vivado/2022.2/data/xhub/boards/XilinxBoardStore/boards/Xilinx/vermeo_t1_mpsoc/1.0/board.xml as part xczu19eg-ffvd1760-2l-e specified in board_part file is either invalid or not available
WARNING: [Board 49-26] cannot add Board Part xilinx.com:vermeo_t1_rfsoc:part0:1.0 available at C:/Xilinx/Vivado/2022.2/data/xhub/boards/XilinxBoardStore/boards/Xilinx/vermeo_t1_rfsoc/1.0/board.xml as part xczu21dr-ffvd1156-2l-e specified in board_part file is either invalid or not available
WARNING: [Board 49-26] cannot add Board Part xilinx.com:vhk158_es:part0:1.0 available at C:/Xilinx/Vivado/2022.2/data/xhub/boards/XilinxBoardStore/boards/Xilinx/vhk158/es/1.0/board.xml as part xcvh1582-vsva3697-2mp-e-s-es1 specified in board_part file is either invalid or not available
WARNING: [Board 49-26] cannot add Board Part xilinx.com:vmk180:part0:2.2 available at C:/Xilinx/Vivado/2022.2/data/xhub/boards/XilinxBoardStore/boards/Xilinx/vmk180/production/2.2/board.xml as part xcvm1802-vsva2197-2mp-e-s specified in board_part file is either invalid or not available
WARNING: [Board 49-26] cannot add Board Part xilinx.com:vmk180:part0:3.0 available at C:/Xilinx/Vivado/2022.2/data/xhub/boards/XilinxBoardStore/boards/Xilinx/vmk180/production/3.0/board.xml as part xcvm1802-vsva2197-2mp-e-s specified in board_part file is either invalid or not available
WARNING: [Board 49-26] cannot add Board Part xilinx.com:vmk180:part0:3.1 available at C:/Xilinx/Vivado/2022.2/data/xhub/boards/XilinxBoardStore/boards/Xilinx/vmk180/production/3.1/board.xml as part xcvm1802-vsva2197-2mp-e-s specified in board_part file is either invalid or not available
WARNING: [Board 49-26] cannot add Board Part xilinx.com:vmk180_newl:part0:1.0 available at C:/Xilinx/Vivado/2022.2/data/xhub/boards/XilinxBoardStore/boards/Xilinx/vmk180_newl/production/1.0/board.xml as part xcvm1802-vsva2197-2mp-e-s specified in board_part file is either invalid or not available
WARNING: [Board 49-26] cannot add Board Part xilinx.com:vpk120:part0:1.0 available at C:/Xilinx/Vivado/2022.2/data/xhub/boards/XilinxBoardStore/boards/Xilinx/vpk120/production/1.0/board.xml as part xcvp1202-vsva2785-2mp-e-s specified in board_part file is either invalid or not available
WARNING: [Board 49-26] cannot add Board Part xilinx.com:vpk120_es:part0:1.2 available at C:/Xilinx/Vivado/2022.2/data/xhub/boards/XilinxBoardStore/boards/Xilinx/vpk120/es/1.2/board.xml as part xcvp1202-vsva2785-2mp-e-s-es1 specified in board_part file is either invalid or not available
WARNING: [Board 49-26] cannot add Board Part xilinx.com:vpk120_es_revb:part0:1.0 available at C:/Xilinx/Vivado/2022.2/data/xhub/boards/XilinxBoardStore/boards/Xilinx/vpk120_revb/es/1.0/board.xml as part xcvp1202-vsva2785-2mp-e-s-es1 specified in board_part file is either invalid or not available
WARNING: [Board 49-26] cannot add Board Part xilinx.com:vpk180_es:part0:1.0 available at C:/Xilinx/Vivado/2022.2/data/xhub/boards/XilinxBoardStore/boards/Xilinx/vpk180/es/1.0/board.xml as part xcvp1802-lsvc4072-2mp-e-s-es1 specified in board_part file is either invalid or not available
WARNING: [Board 49-26] cannot add Board Part xilinx.com:zc702:part0:1.4 available at C:/Xilinx/Vivado/2022.2/data/xhub/boards/XilinxBoardStore/boards/Xilinx/zc702/1.4/board.xml as part xc7z020clg484-1 specified in board_part file is either invalid or not available
WARNING: [Board 49-26] cannot add Board Part xilinx.com:zc706:part0:1.4 available at C:/Xilinx/Vivado/2022.2/data/xhub/boards/XilinxBoardStore/boards/Xilinx/zc706/1.4/board.xml as part xc7z045ffg900-2 specified in board_part file is either invalid or not available
WARNING: [Board 49-26] cannot add Board Part xilinx.com:zcu102:part0:3.3 available at C:/Xilinx/Vivado/2022.2/data/xhub/boards/XilinxBoardStore/boards/Xilinx/zcu102/3.3/board.xml as part xczu9eg-ffvb1156-2-e specified in board_part file is either invalid or not available
WARNING: [Board 49-26] cannot add Board Part xilinx.com:zcu102:part0:3.4 available at C:/Xilinx/Vivado/2022.2/data/xhub/boards/XilinxBoardStore/boards/Xilinx/zcu102/3.4/board.xml as part xczu9eg-ffvb1156-2-e specified in board_part file is either invalid or not available
WARNING: [Board 49-26] cannot add Board Part xilinx.com:zcu104:part0:1.1 available at C:/Xilinx/Vivado/2022.2/data/xhub/boards/XilinxBoardStore/boards/Xilinx/zcu104/1.1/board.xml as part xczu7ev-ffvc1156-2-e specified in board_part file is either invalid or not available
WARNING: [Board 49-26] cannot add Board Part xilinx.com:zcu106:part0:2.4 available at C:/Xilinx/Vivado/2022.2/data/xhub/boards/XilinxBoardStore/boards/Xilinx/zcu106/2.4/board.xml as part xczu7ev-ffvc1156-2-e specified in board_part file is either invalid or not available
WARNING: [Board 49-26] cannot add Board Part xilinx.com:zcu106:part0:2.5 available at C:/Xilinx/Vivado/2022.2/data/xhub/boards/XilinxBoardStore/boards/Xilinx/zcu106/2.5/board.xml as part xczu7ev-ffvc1156-2-e specified in board_part file is either invalid or not available
WARNING: [Board 49-26] cannot add Board Part xilinx.com:zcu106:part0:2.6 available at C:/Xilinx/Vivado/2022.2/data/xhub/boards/XilinxBoardStore/boards/Xilinx/zcu106/2.6/board.xml as part xczu7ev-ffvc1156-2-e specified in board_part file is either invalid or not available
WARNING: [Board 49-26] cannot add Board Part xilinx.com:zcu111:part0:1.2 available at C:/Xilinx/Vivado/2022.2/data/xhub/boards/XilinxBoardStore/boards/Xilinx/zcu111/1.2/board.xml as part xczu28dr-ffvg1517-2-e specified in board_part file is either invalid or not available
WARNING: [Board 49-26] cannot add Board Part xilinx.com:zcu111:part0:1.3 available at C:/Xilinx/Vivado/2022.2/data/xhub/boards/XilinxBoardStore/boards/Xilinx/zcu111/1.3/board.xml as part xczu28dr-ffvg1517-2-e specified in board_part file is either invalid or not available
WARNING: [Board 49-26] cannot add Board Part xilinx.com:zcu111:part0:1.4 available at C:/Xilinx/Vivado/2022.2/data/xhub/boards/XilinxBoardStore/boards/Xilinx/zcu111/1.4/board.xml as part xczu28dr-ffvg1517-2-e specified in board_part file is either invalid or not available
WARNING: [Board 49-26] cannot add Board Part xilinx.com:zcu1275:part0:1.0 available at C:/Xilinx/Vivado/2022.2/data/xhub/boards/XilinxBoardStore/boards/Xilinx/zcu1275/1.0/board.xml as part xczu29dr-ffvf1760-2-e specified in board_part file is either invalid or not available
WARNING: [Board 49-26] cannot add Board Part xilinx.com:zcu1285:part0:1.0 available at C:/Xilinx/Vivado/2022.2/data/xhub/boards/XilinxBoardStore/boards/Xilinx/zcu1285/1.0/board.xml as part xczu39dr-ffvf1760-2-i specified in board_part file is either invalid or not available
WARNING: [Board 49-26] cannot add Board Part xilinx.com:zcu208:part0:2.0 available at C:/Xilinx/Vivado/2022.2/data/xhub/boards/XilinxBoardStore/boards/Xilinx/zcu208/production/2.0/board.xml as part xczu48dr-fsvg1517-2-e specified in board_part file is either invalid or not available
WARNING: [Board 49-26] cannot add Board Part xilinx.com:zcu208ld:part0:2.0 available at C:/Xilinx/Vivado/2022.2/data/xhub/boards/XilinxBoardStore/boards/Xilinx/zcu208ld/production/2.0/board.xml as part xczu58dr-fsvg1517-2-i specified in board_part file is either invalid or not available
WARNING: [Board 49-26] cannot add Board Part xilinx.com:zcu216:part0:2.0 available at C:/Xilinx/Vivado/2022.2/data/xhub/boards/XilinxBoardStore/boards/Xilinx/zcu216/production/2.0/board.xml as part xczu49dr-ffvf1760-2-e specified in board_part file is either invalid or not available
WARNING: [Board 49-26] cannot add Board Part xilinx.com:zcu216ld:part0:2.0 available at C:/Xilinx/Vivado/2022.2/data/xhub/boards/XilinxBoardStore/boards/Xilinx/zcu216ld/production/2.0/board.xml as part xczu59dr-ffvf1760-2-i specified in board_part file is either invalid or not available
WARNING: [Board 49-26] cannot add Board Part xilinx.com:zcu670:part0:2.0 available at C:/Xilinx/Vivado/2022.2/data/xhub/boards/XilinxBoardStore/boards/Xilinx/zcu670/2.0/board.xml as part xczu67dr-fsve1156-2-i specified in board_part file is either invalid or not available
WARNING: [Board 49-26] cannot add Board Part xilinx.com:zcu670ld:part0:1.0 available at C:/Xilinx/Vivado/2022.2/data/xhub/boards/XilinxBoardStore/boards/Xilinx/zcu670ld/1.0/board.xml as part xczu57dr-fsve1156-2-i specified in board_part file is either invalid or not available
Scanning sources...
Finished scanning sources
INFO: [IP_Flow 19-234] Refreshing IP repositories
INFO: [IP_Flow 19-1704] No user IP repositories specified
INFO: [IP_Flow 19-2313] Loaded Vivado IP repository 'C:/Xilinx/Vivado/2022.2/data/ip'.
open_project: Time (s): cpu = 00:00:11 ; elapsed = 00:00:13 . Memory (MB): peak = 1221.480 ; gain = 425.012
update_compile_order -fileset sources_1
open_bd_design {C:/Users/curti/OneDrive/Documents/UIUC/ECE-385/Vivado_Projects/lab_6/lab_6.srcs/sources_1/bd/mb_block/mb_block.bd}
Reading block design file <C:/Users/curti/OneDrive/Documents/UIUC/ECE-385/Vivado_Projects/lab_6/lab_6.srcs/sources_1/bd/mb_block/mb_block.bd>...
Adding component instance block -- xilinx.com:ip:microblaze:11.0 - microblaze_0
Adding component instance block -- xilinx.com:ip:lmb_v10:3.0 - dlmb_v10
Adding component instance block -- xilinx.com:ip:lmb_v10:3.0 - ilmb_v10
Adding component instance block -- xilinx.com:ip:lmb_bram_if_cntlr:4.0 - dlmb_bram_if_cntlr
Adding component instance block -- xilinx.com:ip:lmb_bram_if_cntlr:4.0 - ilmb_bram_if_cntlr
Adding component instance block -- xilinx.com:ip:blk_mem_gen:8.4 - lmb_bram
Adding component instance block -- xilinx.com:ip:axi_interconnect:2.1 - microblaze_0_axi_periph
Adding component instance block -- xilinx.com:ip:axi_crossbar:2.1 - xbar
Adding component instance block -- xilinx.com:ip:axi_intc:4.1 - microblaze_0_axi_intc
Adding component instance block -- xilinx.com:ip:mdm:3.2 - mdm_1
Adding component instance block -- xilinx.com:ip:clk_wiz:6.0 - clk_wiz_1
Adding component instance block -- xilinx.com:ip:proc_sys_reset:5.0 - rst_clk_wiz_1_100M
Adding component instance block -- xilinx.com:ip:axi_gpio:2.0 - axi_gpio_0
Adding component instance block -- xilinx.com:ip:axi_uartlite:2.0 - axi_uartlite_0
Successfully read diagram <mb_block> from block design file <C:/Users/curti/OneDrive/Documents/UIUC/ECE-385/Vivado_Projects/lab_6/lab_6.srcs/sources_1/bd/mb_block/mb_block.bd>
startgroup
set_property CONFIG.C_GPIO_WIDTH {1} [get_bd_cells axi_gpio_0]
endgroup
save_bd_design
Wrote  : <C:\Users\curti\OneDrive\Documents\UIUC\ECE-385\Vivado_Projects\lab_6\lab_6.srcs\sources_1\bd\mb_block\mb_block.bd> 
Wrote  : <C:/Users/curti/OneDrive/Documents/UIUC/ECE-385/Vivado_Projects/lab_6/lab_6.srcs/sources_1/bd/mb_block/ui/bd_d3042d03.ui> 
reset_run synth_1
INFO: [Project 1-1161] Replacing file C:/Users/curti/OneDrive/Documents/UIUC/ECE-385/Vivado_Projects/lab_6/lab_6.srcs/utils_1/imports/synth_1/mb_intro_top.dcp with file C:/Users/curti/OneDrive/Documents/UIUC/ECE-385/Vivado_Projects/lab_6/lab_6.runs/synth_1/mb_intro_top.dcp
reset_run mb_block_axi_gpio_0_0_synth_1
launch_runs impl_1 -to_step write_bitstream -jobs 10
INFO: [Common 17-365] Interrupt caught but 'launch_runs' cannot be canceled. Please wait for command to finish.
WARNING: [filemgmt 56-443] The ECC Algorithm string is empty. Setting the Memory Map to default ECC value to ECC_NONE.
WARNING: [filemgmt 56-443] The ECC Algorithm string is empty. Setting the Memory Map to default ECC value to ECC_NONE.
INFO: [xilinx.com:ip:axi_intc:4.1-1] /microblaze_0_axi_intc: The AXI INTC core has been configured to operate with synchronous clocks.
INFO: [xilinx.com:ip:clk_wiz:6.0-1] /clk_wiz_1 clk_wiz propagate
Wrote  : <C:\Users\curti\OneDrive\Documents\UIUC\ECE-385\Vivado_Projects\lab_6\lab_6.srcs\sources_1\bd\mb_block\mb_block.bd> 
Verilog Output written to : c:/Users/curti/OneDrive/Documents/UIUC/ECE-385/Vivado_Projects/lab_6/lab_6.gen/sources_1/bd/mb_block/synth/mb_block.v
Verilog Output written to : c:/Users/curti/OneDrive/Documents/UIUC/ECE-385/Vivado_Projects/lab_6/lab_6.gen/sources_1/bd/mb_block/sim/mb_block.v
Verilog Output written to : c:/Users/curti/OneDrive/Documents/UIUC/ECE-385/Vivado_Projects/lab_6/lab_6.gen/sources_1/bd/mb_block/hdl/mb_block_wrapper.v
INFO: [BD 41-1171] User-interrupt detected : Generation halted successfully for IP Integrator design C:/Users/curti/OneDrive/Documents/UIUC/ECE-385/Vivado_Projects/lab_6/lab_6.srcs/sources_1/bd/mb_block/mb_block.bd
INFO: [Common 17-681] Processing pending cancel.
startgroup
set_property CONFIG.C_GPIO_WIDTH {16} [get_bd_cells axi_gpio_0]
endgroup
save_bd_design
Wrote  : <C:\Users\curti\OneDrive\Documents\UIUC\ECE-385\Vivado_Projects\lab_6\lab_6.srcs\sources_1\bd\mb_block\mb_block.bd> 
Wrote  : <C:/Users/curti/OneDrive/Documents/UIUC/ECE-385/Vivado_Projects/lab_6/lab_6.srcs/sources_1/bd/mb_block/ui/bd_d3042d03.ui> 
launch_runs impl_1 -to_step write_bitstream -jobs 10
INFO: [BD 41-1662] The design 'mb_block.bd' is already validated. Therefore parameter propagation will not be re-run.
WARNING: [filemgmt 56-443] The ECC Algorithm string is empty. Setting the Memory Map to default ECC value to ECC_NONE.
WARNING: [filemgmt 56-443] The ECC Algorithm string is empty. Setting the Memory Map to default ECC value to ECC_NONE.
Verilog Output written to : c:/Users/curti/OneDrive/Documents/UIUC/ECE-385/Vivado_Projects/lab_6/lab_6.gen/sources_1/bd/mb_block/synth/mb_block.v
Verilog Output written to : c:/Users/curti/OneDrive/Documents/UIUC/ECE-385/Vivado_Projects/lab_6/lab_6.gen/sources_1/bd/mb_block/sim/mb_block.v
Verilog Output written to : c:/Users/curti/OneDrive/Documents/UIUC/ECE-385/Vivado_Projects/lab_6/lab_6.gen/sources_1/bd/mb_block/hdl/mb_block_wrapper.v
Exporting to file c:/Users/curti/OneDrive/Documents/UIUC/ECE-385/Vivado_Projects/lab_6/lab_6.gen/sources_1/bd/mb_block/hw_handoff/mb_block.hwh
Generated Hardware Definition File c:/Users/curti/OneDrive/Documents/UIUC/ECE-385/Vivado_Projects/lab_6/lab_6.gen/sources_1/bd/mb_block/synth/mb_block.hwdef
INFO: [IP_Flow 19-6930] IPCACHE: runCacheChecks() number of threads = 8
INFO: [IP_Flow 19-6921] IPCACHE: Adding cache check func to thread queue for IP mb_block_axi_gpio_0_0
INFO: [IP_Flow 19-6921] IPCACHE: Adding cache check func to thread queue for IP mb_block_axi_uartlite_0_0
INFO: [IP_Flow 19-6921] IPCACHE: Adding cache check func to thread queue for IP mb_block_clk_wiz_1_0
INFO: [IP_Flow 19-6921] IPCACHE: Adding cache check func to thread queue for IP mb_block_dlmb_bram_if_cntlr_0
INFO: [IP_Flow 19-6921] IPCACHE: Adding cache check func to thread queue for IP mb_block_dlmb_v10_0
INFO: [IP_Flow 19-6921] IPCACHE: Adding cache check func to thread queue for IP mb_block_ilmb_bram_if_cntlr_0
INFO: [IP_Flow 19-6921] IPCACHE: Adding cache check func to thread queue for IP mb_block_ilmb_v10_0
INFO: [IP_Flow 19-6921] IPCACHE: Adding cache check func to thread queue for IP mb_block_lmb_bram_0
INFO: [IP_Flow 19-6921] IPCACHE: Adding cache check func to thread queue for IP mb_block_mdm_1_0
INFO: [IP_Flow 19-6921] IPCACHE: Adding cache check func to thread queue for IP mb_block_microblaze_0_0
INFO: [IP_Flow 19-6921] IPCACHE: Adding cache check func to thread queue for IP mb_block_microblaze_0_axi_intc_0
INFO: [IP_Flow 19-6921] IPCACHE: Adding cache check func to thread queue for IP mb_block_rst_clk_wiz_1_100M_0
INFO: [IP_Flow 19-6921] IPCACHE: Adding cache check func to thread queue for IP mb_block_xbar_0
INFO: [IP_Flow 19-8020] IPCACHE: runCacheChecks() calling threadPool finishWork()
INFO: [IP_Flow 19-6924] IPCACHE: Running cache check for IP inst: mb_block_axi_gpio_0_0
INFO: [IP_Flow 19-6922] IPCACHE: Exporting cached entry 23b5c42d1c1e76a4 to dir: c:/Users/curti/OneDrive/Documents/UIUC/ECE-385/Vivado_Projects/lab_6/lab_6.gen/sources_1/bd/mb_block/ip/mb_block_axi_gpio_0_0
INFO: [IP_Flow 19-6928] IPCACHE: copied cached file c:/Users/curti/OneDrive/Documents/UIUC/ECE-385/Vivado_Projects/lab_6/lab_6.cache/ip/2022.2/2/3/23b5c42d1c1e76a4/mb_block_axi_gpio_0_0.dcp to c:/Users/curti/OneDrive/Documents/UIUC/ECE-385/Vivado_Projects/lab_6/lab_6.gen/sources_1/bd/mb_block/ip/mb_block_axi_gpio_0_0/mb_block_axi_gpio_0_0.dcp.
INFO: [IP_Flow 19-6926] IPCACHE: added file to list for BOM: c:/Users/curti/OneDrive/Documents/UIUC/ECE-385/Vivado_Projects/lab_6/lab_6.gen/sources_1/bd/mb_block/ip/mb_block_axi_gpio_0_0/mb_block_axi_gpio_0_0.dcp
INFO: [IP_Flow 19-6928] IPCACHE: copied cached file c:/Users/curti/OneDrive/Documents/UIUC/ECE-385/Vivado_Projects/lab_6/lab_6.cache/ip/2022.2/2/3/23b5c42d1c1e76a4/mb_block_axi_gpio_0_0_sim_netlist.v to c:/Users/curti/OneDrive/Documents/UIUC/ECE-385/Vivado_Projects/lab_6/lab_6.gen/sources_1/bd/mb_block/ip/mb_block_axi_gpio_0_0/mb_block_axi_gpio_0_0_sim_netlist.v.
INFO: [IP_Flow 19-6926] IPCACHE: added file to list for BOM: c:/Users/curti/OneDrive/Documents/UIUC/ECE-385/Vivado_Projects/lab_6/lab_6.gen/sources_1/bd/mb_block/ip/mb_block_axi_gpio_0_0/mb_block_axi_gpio_0_0_sim_netlist.v
INFO: [IP_Flow 19-6928] IPCACHE: copied cached file c:/Users/curti/OneDrive/Documents/UIUC/ECE-385/Vivado_Projects/lab_6/lab_6.cache/ip/2022.2/2/3/23b5c42d1c1e76a4/mb_block_axi_gpio_0_0_sim_netlist.vhdl to c:/Users/curti/OneDrive/Documents/UIUC/ECE-385/Vivado_Projects/lab_6/lab_6.gen/sources_1/bd/mb_block/ip/mb_block_axi_gpio_0_0/mb_block_axi_gpio_0_0_sim_netlist.vhdl.
INFO: [IP_Flow 19-6926] IPCACHE: added file to list for BOM: c:/Users/curti/OneDrive/Documents/UIUC/ECE-385/Vivado_Projects/lab_6/lab_6.gen/sources_1/bd/mb_block/ip/mb_block_axi_gpio_0_0/mb_block_axi_gpio_0_0_sim_netlist.vhdl
INFO: [IP_Flow 19-6928] IPCACHE: copied cached file c:/Users/curti/OneDrive/Documents/UIUC/ECE-385/Vivado_Projects/lab_6/lab_6.cache/ip/2022.2/2/3/23b5c42d1c1e76a4/mb_block_axi_gpio_0_0_stub.v to c:/Users/curti/OneDrive/Documents/UIUC/ECE-385/Vivado_Projects/lab_6/lab_6.gen/sources_1/bd/mb_block/ip/mb_block_axi_gpio_0_0/mb_block_axi_gpio_0_0_stub.v.
INFO: [IP_Flow 19-6926] IPCACHE: added file to list for BOM: c:/Users/curti/OneDrive/Documents/UIUC/ECE-385/Vivado_Projects/lab_6/lab_6.gen/sources_1/bd/mb_block/ip/mb_block_axi_gpio_0_0/mb_block_axi_gpio_0_0_stub.v
INFO: [IP_Flow 19-6928] IPCACHE: copied cached file c:/Users/curti/OneDrive/Documents/UIUC/ECE-385/Vivado_Projects/lab_6/lab_6.cache/ip/2022.2/2/3/23b5c42d1c1e76a4/mb_block_axi_gpio_0_0_stub.vhdl to c:/Users/curti/OneDrive/Documents/UIUC/ECE-385/Vivado_Projects/lab_6/lab_6.gen/sources_1/bd/mb_block/ip/mb_block_axi_gpio_0_0/mb_block_axi_gpio_0_0_stub.vhdl.
INFO: [IP_Flow 19-6926] IPCACHE: added file to list for BOM: c:/Users/curti/OneDrive/Documents/UIUC/ECE-385/Vivado_Projects/lab_6/lab_6.gen/sources_1/bd/mb_block/ip/mb_block_axi_gpio_0_0/mb_block_axi_gpio_0_0_stub.vhdl
INFO: [IP_Flow 19-4993] Using cached IP synthesis design for IP mb_block_axi_gpio_0_0, cache-ID = 23b5c42d1c1e76a4; cache size = 12.429 MB.
INFO: [IP_Flow 19-6924] IPCACHE: Running cache check for IP inst: mb_block_xbar_0
INFO: [IP_Flow 19-6922] IPCACHE: Exporting cached entry 3145d81abe2d6c29 to dir: c:/Users/curti/OneDrive/Documents/UIUC/ECE-385/Vivado_Projects/lab_6/lab_6.gen/sources_1/bd/mb_block/ip/mb_block_xbar_0
INFO: [IP_Flow 19-6928] IPCACHE: copied cached file c:/Users/curti/OneDrive/Documents/UIUC/ECE-385/Vivado_Projects/lab_6/lab_6.cache/ip/2022.2/3/1/3145d81abe2d6c29/mb_block_xbar_0.dcp to c:/Users/curti/OneDrive/Documents/UIUC/ECE-385/Vivado_Projects/lab_6/lab_6.gen/sources_1/bd/mb_block/ip/mb_block_xbar_0/mb_block_xbar_0.dcp.
INFO: [IP_Flow 19-6926] IPCACHE: added file to list for BOM: c:/Users/curti/OneDrive/Documents/UIUC/ECE-385/Vivado_Projects/lab_6/lab_6.gen/sources_1/bd/mb_block/ip/mb_block_xbar_0/mb_block_xbar_0.dcp
INFO: [IP_Flow 19-6928] IPCACHE: copied cached file c:/Users/curti/OneDrive/Documents/UIUC/ECE-385/Vivado_Projects/lab_6/lab_6.cache/ip/2022.2/3/1/3145d81abe2d6c29/mb_block_xbar_0_sim_netlist.v to c:/Users/curti/OneDrive/Documents/UIUC/ECE-385/Vivado_Projects/lab_6/lab_6.gen/sources_1/bd/mb_block/ip/mb_block_xbar_0/mb_block_xbar_0_sim_netlist.v.
INFO: [IP_Flow 19-6926] IPCACHE: added file to list for BOM: c:/Users/curti/OneDrive/Documents/UIUC/ECE-385/Vivado_Projects/lab_6/lab_6.gen/sources_1/bd/mb_block/ip/mb_block_xbar_0/mb_block_xbar_0_sim_netlist.v
INFO: [IP_Flow 19-6928] IPCACHE: copied cached file c:/Users/curti/OneDrive/Documents/UIUC/ECE-385/Vivado_Projects/lab_6/lab_6.cache/ip/2022.2/3/1/3145d81abe2d6c29/mb_block_xbar_0_sim_netlist.vhdl to c:/Users/curti/OneDrive/Documents/UIUC/ECE-385/Vivado_Projects/lab_6/lab_6.gen/sources_1/bd/mb_block/ip/mb_block_xbar_0/mb_block_xbar_0_sim_netlist.vhdl.
INFO: [IP_Flow 19-6926] IPCACHE: added file to list for BOM: c:/Users/curti/OneDrive/Documents/UIUC/ECE-385/Vivado_Projects/lab_6/lab_6.gen/sources_1/bd/mb_block/ip/mb_block_xbar_0/mb_block_xbar_0_sim_netlist.vhdl
INFO: [IP_Flow 19-6928] IPCACHE: copied cached file c:/Users/curti/OneDrive/Documents/UIUC/ECE-385/Vivado_Projects/lab_6/lab_6.cache/ip/2022.2/3/1/3145d81abe2d6c29/mb_block_xbar_0_stub.v to c:/Users/curti/OneDrive/Documents/UIUC/ECE-385/Vivado_Projects/lab_6/lab_6.gen/sources_1/bd/mb_block/ip/mb_block_xbar_0/mb_block_xbar_0_stub.v.
INFO: [IP_Flow 19-6926] IPCACHE: added file to list for BOM: c:/Users/curti/OneDrive/Documents/UIUC/ECE-385/Vivado_Projects/lab_6/lab_6.gen/sources_1/bd/mb_block/ip/mb_block_xbar_0/mb_block_xbar_0_stub.v
INFO: [IP_Flow 19-6928] IPCACHE: copied cached file c:/Users/curti/OneDrive/Documents/UIUC/ECE-385/Vivado_Projects/lab_6/lab_6.cache/ip/2022.2/3/1/3145d81abe2d6c29/mb_block_xbar_0_stub.vhdl to c:/Users/curti/OneDrive/Documents/UIUC/ECE-385/Vivado_Projects/lab_6/lab_6.gen/sources_1/bd/mb_block/ip/mb_block_xbar_0/mb_block_xbar_0_stub.vhdl.
INFO: [IP_Flow 19-6926] IPCACHE: added file to list for BOM: c:/Users/curti/OneDrive/Documents/UIUC/ECE-385/Vivado_Projects/lab_6/lab_6.gen/sources_1/bd/mb_block/ip/mb_block_xbar_0/mb_block_xbar_0_stub.vhdl
INFO: [IP_Flow 19-4993] Using cached IP synthesis design for IP mb_block_xbar_0, cache-ID = 3145d81abe2d6c29; cache size = 12.429 MB.
INFO: [IP_Flow 19-6924] IPCACHE: Running cache check for IP inst: mb_block_axi_uartlite_0_0
INFO: [IP_Flow 19-6922] IPCACHE: Exporting cached entry 24d175409b8b38ad to dir: c:/Users/curti/OneDrive/Documents/UIUC/ECE-385/Vivado_Projects/lab_6/lab_6.gen/sources_1/bd/mb_block/ip/mb_block_axi_uartlite_0_0
INFO: [IP_Flow 19-6928] IPCACHE: copied cached file c:/Users/curti/OneDrive/Documents/UIUC/ECE-385/Vivado_Projects/lab_6/lab_6.cache/ip/2022.2/2/4/24d175409b8b38ad/mb_block_axi_uartlite_0_0.dcp to c:/Users/curti/OneDrive/Documents/UIUC/ECE-385/Vivado_Projects/lab_6/lab_6.gen/sources_1/bd/mb_block/ip/mb_block_axi_uartlite_0_0/mb_block_axi_uartlite_0_0.dcp.
INFO: [IP_Flow 19-6926] IPCACHE: added file to list for BOM: c:/Users/curti/OneDrive/Documents/UIUC/ECE-385/Vivado_Projects/lab_6/lab_6.gen/sources_1/bd/mb_block/ip/mb_block_axi_uartlite_0_0/mb_block_axi_uartlite_0_0.dcp
INFO: [IP_Flow 19-6928] IPCACHE: copied cached file c:/Users/curti/OneDrive/Documents/UIUC/ECE-385/Vivado_Projects/lab_6/lab_6.cache/ip/2022.2/2/4/24d175409b8b38ad/mb_block_axi_uartlite_0_0_sim_netlist.v to c:/Users/curti/OneDrive/Documents/UIUC/ECE-385/Vivado_Projects/lab_6/lab_6.gen/sources_1/bd/mb_block/ip/mb_block_axi_uartlite_0_0/mb_block_axi_uartlite_0_0_sim_netlist.v.
INFO: [IP_Flow 19-6926] IPCACHE: added file to list for BOM: c:/Users/curti/OneDrive/Documents/UIUC/ECE-385/Vivado_Projects/lab_6/lab_6.gen/sources_1/bd/mb_block/ip/mb_block_axi_uartlite_0_0/mb_block_axi_uartlite_0_0_sim_netlist.v
INFO: [IP_Flow 19-6928] IPCACHE: copied cached file c:/Users/curti/OneDrive/Documents/UIUC/ECE-385/Vivado_Projects/lab_6/lab_6.cache/ip/2022.2/2/4/24d175409b8b38ad/mb_block_axi_uartlite_0_0_sim_netlist.vhdl to c:/Users/curti/OneDrive/Documents/UIUC/ECE-385/Vivado_Projects/lab_6/lab_6.gen/sources_1/bd/mb_block/ip/mb_block_axi_uartlite_0_0/mb_block_axi_uartlite_0_0_sim_netlist.vhdl.
INFO: [IP_Flow 19-6926] IPCACHE: added file to list for BOM: c:/Users/curti/OneDrive/Documents/UIUC/ECE-385/Vivado_Projects/lab_6/lab_6.gen/sources_1/bd/mb_block/ip/mb_block_axi_uartlite_0_0/mb_block_axi_uartlite_0_0_sim_netlist.vhdl
INFO: [IP_Flow 19-6928] IPCACHE: copied cached file c:/Users/curti/OneDrive/Documents/UIUC/ECE-385/Vivado_Projects/lab_6/lab_6.cache/ip/2022.2/2/4/24d175409b8b38ad/mb_block_axi_uartlite_0_0_stub.v to c:/Users/curti/OneDrive/Documents/UIUC/ECE-385/Vivado_Projects/lab_6/lab_6.gen/sources_1/bd/mb_block/ip/mb_block_axi_uartlite_0_0/mb_block_axi_uartlite_0_0_stub.v.
INFO: [IP_Flow 19-6926] IPCACHE: added file to list for BOM: c:/Users/curti/OneDrive/Documents/UIUC/ECE-385/Vivado_Projects/lab_6/lab_6.gen/sources_1/bd/mb_block/ip/mb_block_axi_uartlite_0_0/mb_block_axi_uartlite_0_0_stub.v
INFO: [IP_Flow 19-6928] IPCACHE: copied cached file c:/Users/curti/OneDrive/Documents/UIUC/ECE-385/Vivado_Projects/lab_6/lab_6.cache/ip/2022.2/2/4/24d175409b8b38ad/mb_block_axi_uartlite_0_0_stub.vhdl to c:/Users/curti/OneDrive/Documents/UIUC/ECE-385/Vivado_Projects/lab_6/lab_6.gen/sources_1/bd/mb_block/ip/mb_block_axi_uartlite_0_0/mb_block_axi_uartlite_0_0_stub.vhdl.
INFO: [IP_Flow 19-6926] IPCACHE: added file to list for BOM: c:/Users/curti/OneDrive/Documents/UIUC/ECE-385/Vivado_Projects/lab_6/lab_6.gen/sources_1/bd/mb_block/ip/mb_block_axi_uartlite_0_0/mb_block_axi_uartlite_0_0_stub.vhdl
INFO: [IP_Flow 19-4993] Using cached IP synthesis design for IP mb_block_axi_uartlite_0_0, cache-ID = 24d175409b8b38ad; cache size = 12.429 MB.
INFO: [IP_Flow 19-6924] IPCACHE: Running cache check for IP inst: mb_block_clk_wiz_1_0
INFO: [IP_Flow 19-6922] IPCACHE: Exporting cached entry f427da45af6e8d18 to dir: c:/Users/curti/OneDrive/Documents/UIUC/ECE-385/Vivado_Projects/lab_6/lab_6.gen/sources_1/bd/mb_block/ip/mb_block_clk_wiz_1_0
INFO: [IP_Flow 19-6928] IPCACHE: copied cached file c:/Users/curti/OneDrive/Documents/UIUC/ECE-385/Vivado_Projects/lab_6/lab_6.cache/ip/2022.2/f/4/f427da45af6e8d18/mb_block_clk_wiz_1_0.dcp to c:/Users/curti/OneDrive/Documents/UIUC/ECE-385/Vivado_Projects/lab_6/lab_6.gen/sources_1/bd/mb_block/ip/mb_block_clk_wiz_1_0/mb_block_clk_wiz_1_0.dcp.
INFO: [IP_Flow 19-6926] IPCACHE: added file to list for BOM: c:/Users/curti/OneDrive/Documents/UIUC/ECE-385/Vivado_Projects/lab_6/lab_6.gen/sources_1/bd/mb_block/ip/mb_block_clk_wiz_1_0/mb_block_clk_wiz_1_0.dcp
INFO: [IP_Flow 19-6928] IPCACHE: copied cached file c:/Users/curti/OneDrive/Documents/UIUC/ECE-385/Vivado_Projects/lab_6/lab_6.cache/ip/2022.2/f/4/f427da45af6e8d18/mb_block_clk_wiz_1_0_sim_netlist.v to c:/Users/curti/OneDrive/Documents/UIUC/ECE-385/Vivado_Projects/lab_6/lab_6.gen/sources_1/bd/mb_block/ip/mb_block_clk_wiz_1_0/mb_block_clk_wiz_1_0_sim_netlist.v.
INFO: [IP_Flow 19-6926] IPCACHE: added file to list for BOM: c:/Users/curti/OneDrive/Documents/UIUC/ECE-385/Vivado_Projects/lab_6/lab_6.gen/sources_1/bd/mb_block/ip/mb_block_clk_wiz_1_0/mb_block_clk_wiz_1_0_sim_netlist.v
INFO: [IP_Flow 19-6928] IPCACHE: copied cached file c:/Users/curti/OneDrive/Documents/UIUC/ECE-385/Vivado_Projects/lab_6/lab_6.cache/ip/2022.2/f/4/f427da45af6e8d18/mb_block_clk_wiz_1_0_sim_netlist.vhdl to c:/Users/curti/OneDrive/Documents/UIUC/ECE-385/Vivado_Projects/lab_6/lab_6.gen/sources_1/bd/mb_block/ip/mb_block_clk_wiz_1_0/mb_block_clk_wiz_1_0_sim_netlist.vhdl.
INFO: [IP_Flow 19-6926] IPCACHE: added file to list for BOM: c:/Users/curti/OneDrive/Documents/UIUC/ECE-385/Vivado_Projects/lab_6/lab_6.gen/sources_1/bd/mb_block/ip/mb_block_clk_wiz_1_0/mb_block_clk_wiz_1_0_sim_netlist.vhdl
INFO: [IP_Flow 19-6928] IPCACHE: copied cached file c:/Users/curti/OneDrive/Documents/UIUC/ECE-385/Vivado_Projects/lab_6/lab_6.cache/ip/2022.2/f/4/f427da45af6e8d18/mb_block_clk_wiz_1_0_stub.v to c:/Users/curti/OneDrive/Documents/UIUC/ECE-385/Vivado_Projects/lab_6/lab_6.gen/sources_1/bd/mb_block/ip/mb_block_clk_wiz_1_0/mb_block_clk_wiz_1_0_stub.v.
INFO: [IP_Flow 19-6926] IPCACHE: added file to list for BOM: c:/Users/curti/OneDrive/Documents/UIUC/ECE-385/Vivado_Projects/lab_6/lab_6.gen/sources_1/bd/mb_block/ip/mb_block_clk_wiz_1_0/mb_block_clk_wiz_1_0_stub.v
INFO: [IP_Flow 19-6928] IPCACHE: copied cached file c:/Users/curti/OneDrive/Documents/UIUC/ECE-385/Vivado_Projects/lab_6/lab_6.cache/ip/2022.2/f/4/f427da45af6e8d18/mb_block_clk_wiz_1_0_stub.vhdl to c:/Users/curti/OneDrive/Documents/UIUC/ECE-385/Vivado_Projects/lab_6/lab_6.gen/sources_1/bd/mb_block/ip/mb_block_clk_wiz_1_0/mb_block_clk_wiz_1_0_stub.vhdl.
INFO: [IP_Flow 19-6926] IPCACHE: added file to list for BOM: c:/Users/curti/OneDrive/Documents/UIUC/ECE-385/Vivado_Projects/lab_6/lab_6.gen/sources_1/bd/mb_block/ip/mb_block_clk_wiz_1_0/mb_block_clk_wiz_1_0_stub.vhdl
INFO: [IP_Flow 19-4993] Using cached IP synthesis design for IP mb_block_clk_wiz_1_0, cache-ID = f427da45af6e8d18; cache size = 12.429 MB.
INFO: [IP_Flow 19-6924] IPCACHE: Running cache check for IP inst: mb_block_dlmb_bram_if_cntlr_0
INFO: [IP_Flow 19-6922] IPCACHE: Exporting cached entry 707ce32141e7b4be to dir: c:/Users/curti/OneDrive/Documents/UIUC/ECE-385/Vivado_Projects/lab_6/lab_6.gen/sources_1/bd/mb_block/ip/mb_block_dlmb_bram_if_cntlr_0
INFO: [IP_Flow 19-6928] IPCACHE: copied cached file c:/Users/curti/OneDrive/Documents/UIUC/ECE-385/Vivado_Projects/lab_6/lab_6.cache/ip/2022.2/7/0/707ce32141e7b4be/mb_block_dlmb_bram_if_cntlr_0.dcp to c:/Users/curti/OneDrive/Documents/UIUC/ECE-385/Vivado_Projects/lab_6/lab_6.gen/sources_1/bd/mb_block/ip/mb_block_dlmb_bram_if_cntlr_0/mb_block_dlmb_bram_if_cntlr_0.dcp.
INFO: [IP_Flow 19-6926] IPCACHE: added file to list for BOM: c:/Users/curti/OneDrive/Documents/UIUC/ECE-385/Vivado_Projects/lab_6/lab_6.gen/sources_1/bd/mb_block/ip/mb_block_dlmb_bram_if_cntlr_0/mb_block_dlmb_bram_if_cntlr_0.dcp
INFO: [IP_Flow 19-6928] IPCACHE: copied cached file c:/Users/curti/OneDrive/Documents/UIUC/ECE-385/Vivado_Projects/lab_6/lab_6.cache/ip/2022.2/7/0/707ce32141e7b4be/mb_block_dlmb_bram_if_cntlr_0_sim_netlist.v to c:/Users/curti/OneDrive/Documents/UIUC/ECE-385/Vivado_Projects/lab_6/lab_6.gen/sources_1/bd/mb_block/ip/mb_block_dlmb_bram_if_cntlr_0/mb_block_dlmb_bram_if_cntlr_0_sim_netlist.v.
INFO: [IP_Flow 19-6926] IPCACHE: added file to list for BOM: c:/Users/curti/OneDrive/Documents/UIUC/ECE-385/Vivado_Projects/lab_6/lab_6.gen/sources_1/bd/mb_block/ip/mb_block_dlmb_bram_if_cntlr_0/mb_block_dlmb_bram_if_cntlr_0_sim_netlist.v
INFO: [IP_Flow 19-6928] IPCACHE: copied cached file c:/Users/curti/OneDrive/Documents/UIUC/ECE-385/Vivado_Projects/lab_6/lab_6.cache/ip/2022.2/7/0/707ce32141e7b4be/mb_block_dlmb_bram_if_cntlr_0_sim_netlist.vhdl to c:/Users/curti/OneDrive/Documents/UIUC/ECE-385/Vivado_Projects/lab_6/lab_6.gen/sources_1/bd/mb_block/ip/mb_block_dlmb_bram_if_cntlr_0/mb_block_dlmb_bram_if_cntlr_0_sim_netlist.vhdl.
INFO: [IP_Flow 19-6926] IPCACHE: added file to list for BOM: c:/Users/curti/OneDrive/Documents/UIUC/ECE-385/Vivado_Projects/lab_6/lab_6.gen/sources_1/bd/mb_block/ip/mb_block_dlmb_bram_if_cntlr_0/mb_block_dlmb_bram_if_cntlr_0_sim_netlist.vhdl
INFO: [IP_Flow 19-6928] IPCACHE: copied cached file c:/Users/curti/OneDrive/Documents/UIUC/ECE-385/Vivado_Projects/lab_6/lab_6.cache/ip/2022.2/7/0/707ce32141e7b4be/mb_block_dlmb_bram_if_cntlr_0_stub.v to c:/Users/curti/OneDrive/Documents/UIUC/ECE-385/Vivado_Projects/lab_6/lab_6.gen/sources_1/bd/mb_block/ip/mb_block_dlmb_bram_if_cntlr_0/mb_block_dlmb_bram_if_cntlr_0_stub.v.
INFO: [IP_Flow 19-6926] IPCACHE: added file to list for BOM: c:/Users/curti/OneDrive/Documents/UIUC/ECE-385/Vivado_Projects/lab_6/lab_6.gen/sources_1/bd/mb_block/ip/mb_block_dlmb_bram_if_cntlr_0/mb_block_dlmb_bram_if_cntlr_0_stub.v
INFO: [IP_Flow 19-6928] IPCACHE: copied cached file c:/Users/curti/OneDrive/Documents/UIUC/ECE-385/Vivado_Projects/lab_6/lab_6.cache/ip/2022.2/7/0/707ce32141e7b4be/mb_block_dlmb_bram_if_cntlr_0_stub.vhdl to c:/Users/curti/OneDrive/Documents/UIUC/ECE-385/Vivado_Projects/lab_6/lab_6.gen/sources_1/bd/mb_block/ip/mb_block_dlmb_bram_if_cntlr_0/mb_block_dlmb_bram_if_cntlr_0_stub.vhdl.
INFO: [IP_Flow 19-6926] IPCACHE: added file to list for BOM: c:/Users/curti/OneDrive/Documents/UIUC/ECE-385/Vivado_Projects/lab_6/lab_6.gen/sources_1/bd/mb_block/ip/mb_block_dlmb_bram_if_cntlr_0/mb_block_dlmb_bram_if_cntlr_0_stub.vhdl
INFO: [IP_Flow 19-4993] Using cached IP synthesis design for IP mb_block_dlmb_bram_if_cntlr_0, cache-ID = 707ce32141e7b4be; cache size = 12.429 MB.
INFO: [IP_Flow 19-6924] IPCACHE: Running cache check for IP inst: mb_block_dlmb_v10_0
INFO: [IP_Flow 19-6922] IPCACHE: Exporting cached entry 8b859a7611e3417d to dir: c:/Users/curti/OneDrive/Documents/UIUC/ECE-385/Vivado_Projects/lab_6/lab_6.gen/sources_1/bd/mb_block/ip/mb_block_dlmb_v10_0
INFO: [IP_Flow 19-6928] IPCACHE: copied cached file c:/Users/curti/OneDrive/Documents/UIUC/ECE-385/Vivado_Projects/lab_6/lab_6.cache/ip/2022.2/8/b/8b859a7611e3417d/mb_block_dlmb_v10_0.dcp to c:/Users/curti/OneDrive/Documents/UIUC/ECE-385/Vivado_Projects/lab_6/lab_6.gen/sources_1/bd/mb_block/ip/mb_block_dlmb_v10_0/mb_block_dlmb_v10_0.dcp.
INFO: [IP_Flow 19-6926] IPCACHE: added file to list for BOM: c:/Users/curti/OneDrive/Documents/UIUC/ECE-385/Vivado_Projects/lab_6/lab_6.gen/sources_1/bd/mb_block/ip/mb_block_dlmb_v10_0/mb_block_dlmb_v10_0.dcp
INFO: [IP_Flow 19-6928] IPCACHE: copied cached file c:/Users/curti/OneDrive/Documents/UIUC/ECE-385/Vivado_Projects/lab_6/lab_6.cache/ip/2022.2/8/b/8b859a7611e3417d/mb_block_dlmb_v10_0_sim_netlist.v to c:/Users/curti/OneDrive/Documents/UIUC/ECE-385/Vivado_Projects/lab_6/lab_6.gen/sources_1/bd/mb_block/ip/mb_block_dlmb_v10_0/mb_block_dlmb_v10_0_sim_netlist.v.
INFO: [IP_Flow 19-6926] IPCACHE: added file to list for BOM: c:/Users/curti/OneDrive/Documents/UIUC/ECE-385/Vivado_Projects/lab_6/lab_6.gen/sources_1/bd/mb_block/ip/mb_block_dlmb_v10_0/mb_block_dlmb_v10_0_sim_netlist.v
INFO: [IP_Flow 19-6928] IPCACHE: copied cached file c:/Users/curti/OneDrive/Documents/UIUC/ECE-385/Vivado_Projects/lab_6/lab_6.cache/ip/2022.2/8/b/8b859a7611e3417d/mb_block_dlmb_v10_0_sim_netlist.vhdl to c:/Users/curti/OneDrive/Documents/UIUC/ECE-385/Vivado_Projects/lab_6/lab_6.gen/sources_1/bd/mb_block/ip/mb_block_dlmb_v10_0/mb_block_dlmb_v10_0_sim_netlist.vhdl.
INFO: [IP_Flow 19-6926] IPCACHE: added file to list for BOM: c:/Users/curti/OneDrive/Documents/UIUC/ECE-385/Vivado_Projects/lab_6/lab_6.gen/sources_1/bd/mb_block/ip/mb_block_dlmb_v10_0/mb_block_dlmb_v10_0_sim_netlist.vhdl
INFO: [IP_Flow 19-6928] IPCACHE: copied cached file c:/Users/curti/OneDrive/Documents/UIUC/ECE-385/Vivado_Projects/lab_6/lab_6.cache/ip/2022.2/8/b/8b859a7611e3417d/mb_block_dlmb_v10_0_stub.v to c:/Users/curti/OneDrive/Documents/UIUC/ECE-385/Vivado_Projects/lab_6/lab_6.gen/sources_1/bd/mb_block/ip/mb_block_dlmb_v10_0/mb_block_dlmb_v10_0_stub.v.
INFO: [IP_Flow 19-6926] IPCACHE: added file to list for BOM: c:/Users/curti/OneDrive/Documents/UIUC/ECE-385/Vivado_Projects/lab_6/lab_6.gen/sources_1/bd/mb_block/ip/mb_block_dlmb_v10_0/mb_block_dlmb_v10_0_stub.v
INFO: [IP_Flow 19-6928] IPCACHE: copied cached file c:/Users/curti/OneDrive/Documents/UIUC/ECE-385/Vivado_Projects/lab_6/lab_6.cache/ip/2022.2/8/b/8b859a7611e3417d/mb_block_dlmb_v10_0_stub.vhdl to c:/Users/curti/OneDrive/Documents/UIUC/ECE-385/Vivado_Projects/lab_6/lab_6.gen/sources_1/bd/mb_block/ip/mb_block_dlmb_v10_0/mb_block_dlmb_v10_0_stub.vhdl.
INFO: [IP_Flow 19-6926] IPCACHE: added file to list for BOM: c:/Users/curti/OneDrive/Documents/UIUC/ECE-385/Vivado_Projects/lab_6/lab_6.gen/sources_1/bd/mb_block/ip/mb_block_dlmb_v10_0/mb_block_dlmb_v10_0_stub.vhdl
INFO: [IP_Flow 19-4993] Using cached IP synthesis design for IP mb_block_dlmb_v10_0, cache-ID = 8b859a7611e3417d; cache size = 12.429 MB.
INFO: [IP_Flow 19-6924] IPCACHE: Running cache check for IP inst: mb_block_microblaze_0_axi_intc_0
INFO: [IP_Flow 19-6922] IPCACHE: Exporting cached entry d2c77b3bf700753d to dir: c:/Users/curti/OneDrive/Documents/UIUC/ECE-385/Vivado_Projects/lab_6/lab_6.gen/sources_1/bd/mb_block/ip/mb_block_microblaze_0_axi_intc_0
INFO: [IP_Flow 19-6928] IPCACHE: copied cached file c:/Users/curti/OneDrive/Documents/UIUC/ECE-385/Vivado_Projects/lab_6/lab_6.cache/ip/2022.2/d/2/d2c77b3bf700753d/mb_block_microblaze_0_axi_intc_0.dcp to c:/Users/curti/OneDrive/Documents/UIUC/ECE-385/Vivado_Projects/lab_6/lab_6.gen/sources_1/bd/mb_block/ip/mb_block_microblaze_0_axi_intc_0/mb_block_microblaze_0_axi_intc_0.dcp.
INFO: [IP_Flow 19-6926] IPCACHE: added file to list for BOM: c:/Users/curti/OneDrive/Documents/UIUC/ECE-385/Vivado_Projects/lab_6/lab_6.gen/sources_1/bd/mb_block/ip/mb_block_microblaze_0_axi_intc_0/mb_block_microblaze_0_axi_intc_0.dcp
INFO: [IP_Flow 19-6928] IPCACHE: copied cached file c:/Users/curti/OneDrive/Documents/UIUC/ECE-385/Vivado_Projects/lab_6/lab_6.cache/ip/2022.2/d/2/d2c77b3bf700753d/mb_block_microblaze_0_axi_intc_0_sim_netlist.v to c:/Users/curti/OneDrive/Documents/UIUC/ECE-385/Vivado_Projects/lab_6/lab_6.gen/sources_1/bd/mb_block/ip/mb_block_microblaze_0_axi_intc_0/mb_block_microblaze_0_axi_intc_0_sim_netlist.v.
INFO: [IP_Flow 19-6926] IPCACHE: added file to list for BOM: c:/Users/curti/OneDrive/Documents/UIUC/ECE-385/Vivado_Projects/lab_6/lab_6.gen/sources_1/bd/mb_block/ip/mb_block_microblaze_0_axi_intc_0/mb_block_microblaze_0_axi_intc_0_sim_netlist.v
INFO: [IP_Flow 19-6928] IPCACHE: copied cached file c:/Users/curti/OneDrive/Documents/UIUC/ECE-385/Vivado_Projects/lab_6/lab_6.cache/ip/2022.2/d/2/d2c77b3bf700753d/mb_block_microblaze_0_axi_intc_0_sim_netlist.vhdl to c:/Users/curti/OneDrive/Documents/UIUC/ECE-385/Vivado_Projects/lab_6/lab_6.gen/sources_1/bd/mb_block/ip/mb_block_microblaze_0_axi_intc_0/mb_block_microblaze_0_axi_intc_0_sim_netlist.vhdl.
INFO: [IP_Flow 19-6926] IPCACHE: added file to list for BOM: c:/Users/curti/OneDrive/Documents/UIUC/ECE-385/Vivado_Projects/lab_6/lab_6.gen/sources_1/bd/mb_block/ip/mb_block_microblaze_0_axi_intc_0/mb_block_microblaze_0_axi_intc_0_sim_netlist.vhdl
INFO: [IP_Flow 19-6928] IPCACHE: copied cached file c:/Users/curti/OneDrive/Documents/UIUC/ECE-385/Vivado_Projects/lab_6/lab_6.cache/ip/2022.2/d/2/d2c77b3bf700753d/mb_block_microblaze_0_axi_intc_0_stub.v to c:/Users/curti/OneDrive/Documents/UIUC/ECE-385/Vivado_Projects/lab_6/lab_6.gen/sources_1/bd/mb_block/ip/mb_block_microblaze_0_axi_intc_0/mb_block_microblaze_0_axi_intc_0_stub.v.
INFO: [IP_Flow 19-6926] IPCACHE: added file to list for BOM: c:/Users/curti/OneDrive/Documents/UIUC/ECE-385/Vivado_Projects/lab_6/lab_6.gen/sources_1/bd/mb_block/ip/mb_block_microblaze_0_axi_intc_0/mb_block_microblaze_0_axi_intc_0_stub.v
INFO: [IP_Flow 19-6928] IPCACHE: copied cached file c:/Users/curti/OneDrive/Documents/UIUC/ECE-385/Vivado_Projects/lab_6/lab_6.cache/ip/2022.2/d/2/d2c77b3bf700753d/mb_block_microblaze_0_axi_intc_0_stub.vhdl to c:/Users/curti/OneDrive/Documents/UIUC/ECE-385/Vivado_Projects/lab_6/lab_6.gen/sources_1/bd/mb_block/ip/mb_block_microblaze_0_axi_intc_0/mb_block_microblaze_0_axi_intc_0_stub.vhdl.
INFO: [IP_Flow 19-6926] IPCACHE: added file to list for BOM: c:/Users/curti/OneDrive/Documents/UIUC/ECE-385/Vivado_Projects/lab_6/lab_6.gen/sources_1/bd/mb_block/ip/mb_block_microblaze_0_axi_intc_0/mb_block_microblaze_0_axi_intc_0_stub.vhdl
INFO: [IP_Flow 19-4993] Using cached IP synthesis design for IP mb_block_microblaze_0_axi_intc_0, cache-ID = d2c77b3bf700753d; cache size = 12.429 MB.
INFO: [IP_Flow 19-6924] IPCACHE: Running cache check for IP inst: mb_block_ilmb_bram_if_cntlr_0
INFO: [IP_Flow 19-6922] IPCACHE: Exporting cached entry a3792364786c2119 to dir: c:/Users/curti/OneDrive/Documents/UIUC/ECE-385/Vivado_Projects/lab_6/lab_6.gen/sources_1/bd/mb_block/ip/mb_block_ilmb_bram_if_cntlr_0
INFO: [IP_Flow 19-6928] IPCACHE: copied cached file c:/Users/curti/OneDrive/Documents/UIUC/ECE-385/Vivado_Projects/lab_6/lab_6.cache/ip/2022.2/a/3/a3792364786c2119/mb_block_ilmb_bram_if_cntlr_0.dcp to c:/Users/curti/OneDrive/Documents/UIUC/ECE-385/Vivado_Projects/lab_6/lab_6.gen/sources_1/bd/mb_block/ip/mb_block_ilmb_bram_if_cntlr_0/mb_block_ilmb_bram_if_cntlr_0.dcp.
INFO: [IP_Flow 19-6926] IPCACHE: added file to list for BOM: c:/Users/curti/OneDrive/Documents/UIUC/ECE-385/Vivado_Projects/lab_6/lab_6.gen/sources_1/bd/mb_block/ip/mb_block_ilmb_bram_if_cntlr_0/mb_block_ilmb_bram_if_cntlr_0.dcp
INFO: [IP_Flow 19-6928] IPCACHE: copied cached file c:/Users/curti/OneDrive/Documents/UIUC/ECE-385/Vivado_Projects/lab_6/lab_6.cache/ip/2022.2/a/3/a3792364786c2119/mb_block_ilmb_bram_if_cntlr_0_sim_netlist.v to c:/Users/curti/OneDrive/Documents/UIUC/ECE-385/Vivado_Projects/lab_6/lab_6.gen/sources_1/bd/mb_block/ip/mb_block_ilmb_bram_if_cntlr_0/mb_block_ilmb_bram_if_cntlr_0_sim_netlist.v.
INFO: [IP_Flow 19-6926] IPCACHE: added file to list for BOM: c:/Users/curti/OneDrive/Documents/UIUC/ECE-385/Vivado_Projects/lab_6/lab_6.gen/sources_1/bd/mb_block/ip/mb_block_ilmb_bram_if_cntlr_0/mb_block_ilmb_bram_if_cntlr_0_sim_netlist.v
INFO: [IP_Flow 19-6928] IPCACHE: copied cached file c:/Users/curti/OneDrive/Documents/UIUC/ECE-385/Vivado_Projects/lab_6/lab_6.cache/ip/2022.2/a/3/a3792364786c2119/mb_block_ilmb_bram_if_cntlr_0_sim_netlist.vhdl to c:/Users/curti/OneDrive/Documents/UIUC/ECE-385/Vivado_Projects/lab_6/lab_6.gen/sources_1/bd/mb_block/ip/mb_block_ilmb_bram_if_cntlr_0/mb_block_ilmb_bram_if_cntlr_0_sim_netlist.vhdl.
INFO: [IP_Flow 19-6926] IPCACHE: added file to list for BOM: c:/Users/curti/OneDrive/Documents/UIUC/ECE-385/Vivado_Projects/lab_6/lab_6.gen/sources_1/bd/mb_block/ip/mb_block_ilmb_bram_if_cntlr_0/mb_block_ilmb_bram_if_cntlr_0_sim_netlist.vhdl
INFO: [IP_Flow 19-6928] IPCACHE: copied cached file c:/Users/curti/OneDrive/Documents/UIUC/ECE-385/Vivado_Projects/lab_6/lab_6.cache/ip/2022.2/a/3/a3792364786c2119/mb_block_ilmb_bram_if_cntlr_0_stub.v to c:/Users/curti/OneDrive/Documents/UIUC/ECE-385/Vivado_Projects/lab_6/lab_6.gen/sources_1/bd/mb_block/ip/mb_block_ilmb_bram_if_cntlr_0/mb_block_ilmb_bram_if_cntlr_0_stub.v.
INFO: [IP_Flow 19-6926] IPCACHE: added file to list for BOM: c:/Users/curti/OneDrive/Documents/UIUC/ECE-385/Vivado_Projects/lab_6/lab_6.gen/sources_1/bd/mb_block/ip/mb_block_ilmb_bram_if_cntlr_0/mb_block_ilmb_bram_if_cntlr_0_stub.v
INFO: [IP_Flow 19-6928] IPCACHE: copied cached file c:/Users/curti/OneDrive/Documents/UIUC/ECE-385/Vivado_Projects/lab_6/lab_6.cache/ip/2022.2/a/3/a3792364786c2119/mb_block_ilmb_bram_if_cntlr_0_stub.vhdl to c:/Users/curti/OneDrive/Documents/UIUC/ECE-385/Vivado_Projects/lab_6/lab_6.gen/sources_1/bd/mb_block/ip/mb_block_ilmb_bram_if_cntlr_0/mb_block_ilmb_bram_if_cntlr_0_stub.vhdl.
INFO: [IP_Flow 19-6926] IPCACHE: added file to list for BOM: c:/Users/curti/OneDrive/Documents/UIUC/ECE-385/Vivado_Projects/lab_6/lab_6.gen/sources_1/bd/mb_block/ip/mb_block_ilmb_bram_if_cntlr_0/mb_block_ilmb_bram_if_cntlr_0_stub.vhdl
INFO: [IP_Flow 19-4993] Using cached IP synthesis design for IP mb_block_ilmb_bram_if_cntlr_0, cache-ID = a3792364786c2119; cache size = 12.429 MB.
INFO: [IP_Flow 19-6924] IPCACHE: Running cache check for IP inst: mb_block_ilmb_v10_0
INFO: [IP_Flow 19-6922] IPCACHE: Exporting cached entry 8b859a7611e3417d to dir: c:/Users/curti/OneDrive/Documents/UIUC/ECE-385/Vivado_Projects/lab_6/lab_6.gen/sources_1/bd/mb_block/ip/mb_block_ilmb_v10_0
INFO: [IP_Flow 19-6928] IPCACHE: copied cached file c:/Users/curti/OneDrive/Documents/UIUC/ECE-385/Vivado_Projects/lab_6/lab_6.cache/ip/2022.2/8/b/8b859a7611e3417d/mb_block_dlmb_v10_0.dcp to c:/Users/curti/OneDrive/Documents/UIUC/ECE-385/Vivado_Projects/lab_6/lab_6.gen/sources_1/bd/mb_block/ip/mb_block_ilmb_v10_0/mb_block_ilmb_v10_0.dcp.
INFO: [IP_Flow 19-6926] IPCACHE: added file to list for BOM: c:/Users/curti/OneDrive/Documents/UIUC/ECE-385/Vivado_Projects/lab_6/lab_6.gen/sources_1/bd/mb_block/ip/mb_block_ilmb_v10_0/mb_block_ilmb_v10_0.dcp
INFO: [IP_Flow 19-6928] IPCACHE: copied cached file c:/Users/curti/OneDrive/Documents/UIUC/ECE-385/Vivado_Projects/lab_6/lab_6.cache/ip/2022.2/8/b/8b859a7611e3417d/mb_block_dlmb_v10_0_sim_netlist.v to c:/Users/curti/OneDrive/Documents/UIUC/ECE-385/Vivado_Projects/lab_6/lab_6.gen/sources_1/bd/mb_block/ip/mb_block_ilmb_v10_0/mb_block_ilmb_v10_0_sim_netlist.v.
INFO: [IP_Flow 19-6926] IPCACHE: added file to list for BOM: c:/Users/curti/OneDrive/Documents/UIUC/ECE-385/Vivado_Projects/lab_6/lab_6.gen/sources_1/bd/mb_block/ip/mb_block_ilmb_v10_0/mb_block_ilmb_v10_0_sim_netlist.v
INFO: [IP_Flow 19-6928] IPCACHE: copied cached file c:/Users/curti/OneDrive/Documents/UIUC/ECE-385/Vivado_Projects/lab_6/lab_6.cache/ip/2022.2/8/b/8b859a7611e3417d/mb_block_dlmb_v10_0_sim_netlist.vhdl to c:/Users/curti/OneDrive/Documents/UIUC/ECE-385/Vivado_Projects/lab_6/lab_6.gen/sources_1/bd/mb_block/ip/mb_block_ilmb_v10_0/mb_block_ilmb_v10_0_sim_netlist.vhdl.
INFO: [IP_Flow 19-6926] IPCACHE: added file to list for BOM: c:/Users/curti/OneDrive/Documents/UIUC/ECE-385/Vivado_Projects/lab_6/lab_6.gen/sources_1/bd/mb_block/ip/mb_block_ilmb_v10_0/mb_block_ilmb_v10_0_sim_netlist.vhdl
INFO: [IP_Flow 19-6928] IPCACHE: copied cached file c:/Users/curti/OneDrive/Documents/UIUC/ECE-385/Vivado_Projects/lab_6/lab_6.cache/ip/2022.2/8/b/8b859a7611e3417d/mb_block_dlmb_v10_0_stub.v to c:/Users/curti/OneDrive/Documents/UIUC/ECE-385/Vivado_Projects/lab_6/lab_6.gen/sources_1/bd/mb_block/ip/mb_block_ilmb_v10_0/mb_block_ilmb_v10_0_stub.v.
INFO: [IP_Flow 19-6926] IPCACHE: added file to list for BOM: c:/Users/curti/OneDrive/Documents/UIUC/ECE-385/Vivado_Projects/lab_6/lab_6.gen/sources_1/bd/mb_block/ip/mb_block_ilmb_v10_0/mb_block_ilmb_v10_0_stub.v
INFO: [IP_Flow 19-6928] IPCACHE: copied cached file c:/Users/curti/OneDrive/Documents/UIUC/ECE-385/Vivado_Projects/lab_6/lab_6.cache/ip/2022.2/8/b/8b859a7611e3417d/mb_block_dlmb_v10_0_stub.vhdl to c:/Users/curti/OneDrive/Documents/UIUC/ECE-385/Vivado_Projects/lab_6/lab_6.gen/sources_1/bd/mb_block/ip/mb_block_ilmb_v10_0/mb_block_ilmb_v10_0_stub.vhdl.
INFO: [IP_Flow 19-6926] IPCACHE: added file to list for BOM: c:/Users/curti/OneDrive/Documents/UIUC/ECE-385/Vivado_Projects/lab_6/lab_6.gen/sources_1/bd/mb_block/ip/mb_block_ilmb_v10_0/mb_block_ilmb_v10_0_stub.vhdl
INFO: [IP_Flow 19-4993] Using cached IP synthesis design for IP mb_block_ilmb_v10_0, cache-ID = 8b859a7611e3417d; cache size = 12.429 MB.
INFO: [IP_Flow 19-6924] IPCACHE: Running cache check for IP inst: mb_block_lmb_bram_0
INFO: [IP_Flow 19-6922] IPCACHE: Exporting cached entry 73ec08daae07ea38 to dir: c:/Users/curti/OneDrive/Documents/UIUC/ECE-385/Vivado_Projects/lab_6/lab_6.gen/sources_1/bd/mb_block/ip/mb_block_lmb_bram_0
INFO: [IP_Flow 19-6928] IPCACHE: copied cached file c:/Users/curti/OneDrive/Documents/UIUC/ECE-385/Vivado_Projects/lab_6/lab_6.cache/ip/2022.2/7/3/73ec08daae07ea38/mb_block_lmb_bram_0.dcp to c:/Users/curti/OneDrive/Documents/UIUC/ECE-385/Vivado_Projects/lab_6/lab_6.gen/sources_1/bd/mb_block/ip/mb_block_lmb_bram_0/mb_block_lmb_bram_0.dcp.
INFO: [IP_Flow 19-6926] IPCACHE: added file to list for BOM: c:/Users/curti/OneDrive/Documents/UIUC/ECE-385/Vivado_Projects/lab_6/lab_6.gen/sources_1/bd/mb_block/ip/mb_block_lmb_bram_0/mb_block_lmb_bram_0.dcp
INFO: [IP_Flow 19-6928] IPCACHE: copied cached file c:/Users/curti/OneDrive/Documents/UIUC/ECE-385/Vivado_Projects/lab_6/lab_6.cache/ip/2022.2/7/3/73ec08daae07ea38/mb_block_lmb_bram_0_sim_netlist.v to c:/Users/curti/OneDrive/Documents/UIUC/ECE-385/Vivado_Projects/lab_6/lab_6.gen/sources_1/bd/mb_block/ip/mb_block_lmb_bram_0/mb_block_lmb_bram_0_sim_netlist.v.
INFO: [IP_Flow 19-6926] IPCACHE: added file to list for BOM: c:/Users/curti/OneDrive/Documents/UIUC/ECE-385/Vivado_Projects/lab_6/lab_6.gen/sources_1/bd/mb_block/ip/mb_block_lmb_bram_0/mb_block_lmb_bram_0_sim_netlist.v
INFO: [IP_Flow 19-6928] IPCACHE: copied cached file c:/Users/curti/OneDrive/Documents/UIUC/ECE-385/Vivado_Projects/lab_6/lab_6.cache/ip/2022.2/7/3/73ec08daae07ea38/mb_block_lmb_bram_0_sim_netlist.vhdl to c:/Users/curti/OneDrive/Documents/UIUC/ECE-385/Vivado_Projects/lab_6/lab_6.gen/sources_1/bd/mb_block/ip/mb_block_lmb_bram_0/mb_block_lmb_bram_0_sim_netlist.vhdl.
INFO: [IP_Flow 19-6926] IPCACHE: added file to list for BOM: c:/Users/curti/OneDrive/Documents/UIUC/ECE-385/Vivado_Projects/lab_6/lab_6.gen/sources_1/bd/mb_block/ip/mb_block_lmb_bram_0/mb_block_lmb_bram_0_sim_netlist.vhdl
INFO: [IP_Flow 19-6928] IPCACHE: copied cached file c:/Users/curti/OneDrive/Documents/UIUC/ECE-385/Vivado_Projects/lab_6/lab_6.cache/ip/2022.2/7/3/73ec08daae07ea38/mb_block_lmb_bram_0_stub.v to c:/Users/curti/OneDrive/Documents/UIUC/ECE-385/Vivado_Projects/lab_6/lab_6.gen/sources_1/bd/mb_block/ip/mb_block_lmb_bram_0/mb_block_lmb_bram_0_stub.v.
INFO: [IP_Flow 19-6926] IPCACHE: added file to list for BOM: c:/Users/curti/OneDrive/Documents/UIUC/ECE-385/Vivado_Projects/lab_6/lab_6.gen/sources_1/bd/mb_block/ip/mb_block_lmb_bram_0/mb_block_lmb_bram_0_stub.v
INFO: [IP_Flow 19-6928] IPCACHE: copied cached file c:/Users/curti/OneDrive/Documents/UIUC/ECE-385/Vivado_Projects/lab_6/lab_6.cache/ip/2022.2/7/3/73ec08daae07ea38/mb_block_lmb_bram_0_stub.vhdl to c:/Users/curti/OneDrive/Documents/UIUC/ECE-385/Vivado_Projects/lab_6/lab_6.gen/sources_1/bd/mb_block/ip/mb_block_lmb_bram_0/mb_block_lmb_bram_0_stub.vhdl.
INFO: [IP_Flow 19-6926] IPCACHE: added file to list for BOM: c:/Users/curti/OneDrive/Documents/UIUC/ECE-385/Vivado_Projects/lab_6/lab_6.gen/sources_1/bd/mb_block/ip/mb_block_lmb_bram_0/mb_block_lmb_bram_0_stub.vhdl
INFO: [IP_Flow 19-4993] Using cached IP synthesis design for IP mb_block_lmb_bram_0, cache-ID = 73ec08daae07ea38; cache size = 12.429 MB.
INFO: [IP_Flow 19-6924] IPCACHE: Running cache check for IP inst: mb_block_mdm_1_0
INFO: [IP_Flow 19-6922] IPCACHE: Exporting cached entry 7ba594287a66c4c3 to dir: c:/Users/curti/OneDrive/Documents/UIUC/ECE-385/Vivado_Projects/lab_6/lab_6.gen/sources_1/bd/mb_block/ip/mb_block_mdm_1_0
INFO: [IP_Flow 19-6928] IPCACHE: copied cached file c:/Users/curti/OneDrive/Documents/UIUC/ECE-385/Vivado_Projects/lab_6/lab_6.cache/ip/2022.2/7/b/7ba594287a66c4c3/mb_block_mdm_1_0.dcp to c:/Users/curti/OneDrive/Documents/UIUC/ECE-385/Vivado_Projects/lab_6/lab_6.gen/sources_1/bd/mb_block/ip/mb_block_mdm_1_0/mb_block_mdm_1_0.dcp.
INFO: [IP_Flow 19-6926] IPCACHE: added file to list for BOM: c:/Users/curti/OneDrive/Documents/UIUC/ECE-385/Vivado_Projects/lab_6/lab_6.gen/sources_1/bd/mb_block/ip/mb_block_mdm_1_0/mb_block_mdm_1_0.dcp
INFO: [IP_Flow 19-6928] IPCACHE: copied cached file c:/Users/curti/OneDrive/Documents/UIUC/ECE-385/Vivado_Projects/lab_6/lab_6.cache/ip/2022.2/7/b/7ba594287a66c4c3/mb_block_mdm_1_0_sim_netlist.v to c:/Users/curti/OneDrive/Documents/UIUC/ECE-385/Vivado_Projects/lab_6/lab_6.gen/sources_1/bd/mb_block/ip/mb_block_mdm_1_0/mb_block_mdm_1_0_sim_netlist.v.
INFO: [IP_Flow 19-6926] IPCACHE: added file to list for BOM: c:/Users/curti/OneDrive/Documents/UIUC/ECE-385/Vivado_Projects/lab_6/lab_6.gen/sources_1/bd/mb_block/ip/mb_block_mdm_1_0/mb_block_mdm_1_0_sim_netlist.v
INFO: [IP_Flow 19-6928] IPCACHE: copied cached file c:/Users/curti/OneDrive/Documents/UIUC/ECE-385/Vivado_Projects/lab_6/lab_6.cache/ip/2022.2/7/b/7ba594287a66c4c3/mb_block_mdm_1_0_sim_netlist.vhdl to c:/Users/curti/OneDrive/Documents/UIUC/ECE-385/Vivado_Projects/lab_6/lab_6.gen/sources_1/bd/mb_block/ip/mb_block_mdm_1_0/mb_block_mdm_1_0_sim_netlist.vhdl.
INFO: [IP_Flow 19-6926] IPCACHE: added file to list for BOM: c:/Users/curti/OneDrive/Documents/UIUC/ECE-385/Vivado_Projects/lab_6/lab_6.gen/sources_1/bd/mb_block/ip/mb_block_mdm_1_0/mb_block_mdm_1_0_sim_netlist.vhdl
INFO: [IP_Flow 19-6928] IPCACHE: copied cached file c:/Users/curti/OneDrive/Documents/UIUC/ECE-385/Vivado_Projects/lab_6/lab_6.cache/ip/2022.2/7/b/7ba594287a66c4c3/mb_block_mdm_1_0_stub.v to c:/Users/curti/OneDrive/Documents/UIUC/ECE-385/Vivado_Projects/lab_6/lab_6.gen/sources_1/bd/mb_block/ip/mb_block_mdm_1_0/mb_block_mdm_1_0_stub.v.
INFO: [IP_Flow 19-6926] IPCACHE: added file to list for BOM: c:/Users/curti/OneDrive/Documents/UIUC/ECE-385/Vivado_Projects/lab_6/lab_6.gen/sources_1/bd/mb_block/ip/mb_block_mdm_1_0/mb_block_mdm_1_0_stub.v
INFO: [IP_Flow 19-6928] IPCACHE: copied cached file c:/Users/curti/OneDrive/Documents/UIUC/ECE-385/Vivado_Projects/lab_6/lab_6.cache/ip/2022.2/7/b/7ba594287a66c4c3/mb_block_mdm_1_0_stub.vhdl to c:/Users/curti/OneDrive/Documents/UIUC/ECE-385/Vivado_Projects/lab_6/lab_6.gen/sources_1/bd/mb_block/ip/mb_block_mdm_1_0/mb_block_mdm_1_0_stub.vhdl.
INFO: [IP_Flow 19-6926] IPCACHE: added file to list for BOM: c:/Users/curti/OneDrive/Documents/UIUC/ECE-385/Vivado_Projects/lab_6/lab_6.gen/sources_1/bd/mb_block/ip/mb_block_mdm_1_0/mb_block_mdm_1_0_stub.vhdl
INFO: [IP_Flow 19-4993] Using cached IP synthesis design for IP mb_block_mdm_1_0, cache-ID = 7ba594287a66c4c3; cache size = 12.429 MB.
INFO: [IP_Flow 19-6924] IPCACHE: Running cache check for IP inst: mb_block_rst_clk_wiz_1_100M_0
INFO: [IP_Flow 19-6922] IPCACHE: Exporting cached entry 792adf34df1c7c56 to dir: c:/Users/curti/OneDrive/Documents/UIUC/ECE-385/Vivado_Projects/lab_6/lab_6.gen/sources_1/bd/mb_block/ip/mb_block_rst_clk_wiz_1_100M_0
INFO: [IP_Flow 19-6928] IPCACHE: copied cached file c:/Users/curti/OneDrive/Documents/UIUC/ECE-385/Vivado_Projects/lab_6/lab_6.cache/ip/2022.2/7/9/792adf34df1c7c56/mb_block_rst_clk_wiz_1_100M_0.dcp to c:/Users/curti/OneDrive/Documents/UIUC/ECE-385/Vivado_Projects/lab_6/lab_6.gen/sources_1/bd/mb_block/ip/mb_block_rst_clk_wiz_1_100M_0/mb_block_rst_clk_wiz_1_100M_0.dcp.
INFO: [IP_Flow 19-6926] IPCACHE: added file to list for BOM: c:/Users/curti/OneDrive/Documents/UIUC/ECE-385/Vivado_Projects/lab_6/lab_6.gen/sources_1/bd/mb_block/ip/mb_block_rst_clk_wiz_1_100M_0/mb_block_rst_clk_wiz_1_100M_0.dcp
INFO: [IP_Flow 19-6928] IPCACHE: copied cached file c:/Users/curti/OneDrive/Documents/UIUC/ECE-385/Vivado_Projects/lab_6/lab_6.cache/ip/2022.2/7/9/792adf34df1c7c56/mb_block_rst_clk_wiz_1_100M_0_sim_netlist.v to c:/Users/curti/OneDrive/Documents/UIUC/ECE-385/Vivado_Projects/lab_6/lab_6.gen/sources_1/bd/mb_block/ip/mb_block_rst_clk_wiz_1_100M_0/mb_block_rst_clk_wiz_1_100M_0_sim_netlist.v.
INFO: [IP_Flow 19-6926] IPCACHE: added file to list for BOM: c:/Users/curti/OneDrive/Documents/UIUC/ECE-385/Vivado_Projects/lab_6/lab_6.gen/sources_1/bd/mb_block/ip/mb_block_rst_clk_wiz_1_100M_0/mb_block_rst_clk_wiz_1_100M_0_sim_netlist.v
INFO: [IP_Flow 19-6928] IPCACHE: copied cached file c:/Users/curti/OneDrive/Documents/UIUC/ECE-385/Vivado_Projects/lab_6/lab_6.cache/ip/2022.2/7/9/792adf34df1c7c56/mb_block_rst_clk_wiz_1_100M_0_sim_netlist.vhdl to c:/Users/curti/OneDrive/Documents/UIUC/ECE-385/Vivado_Projects/lab_6/lab_6.gen/sources_1/bd/mb_block/ip/mb_block_rst_clk_wiz_1_100M_0/mb_block_rst_clk_wiz_1_100M_0_sim_netlist.vhdl.
INFO: [IP_Flow 19-6926] IPCACHE: added file to list for BOM: c:/Users/curti/OneDrive/Documents/UIUC/ECE-385/Vivado_Projects/lab_6/lab_6.gen/sources_1/bd/mb_block/ip/mb_block_rst_clk_wiz_1_100M_0/mb_block_rst_clk_wiz_1_100M_0_sim_netlist.vhdl
INFO: [IP_Flow 19-6928] IPCACHE: copied cached file c:/Users/curti/OneDrive/Documents/UIUC/ECE-385/Vivado_Projects/lab_6/lab_6.cache/ip/2022.2/7/9/792adf34df1c7c56/mb_block_rst_clk_wiz_1_100M_0_stub.v to c:/Users/curti/OneDrive/Documents/UIUC/ECE-385/Vivado_Projects/lab_6/lab_6.gen/sources_1/bd/mb_block/ip/mb_block_rst_clk_wiz_1_100M_0/mb_block_rst_clk_wiz_1_100M_0_stub.v.
INFO: [IP_Flow 19-6926] IPCACHE: added file to list for BOM: c:/Users/curti/OneDrive/Documents/UIUC/ECE-385/Vivado_Projects/lab_6/lab_6.gen/sources_1/bd/mb_block/ip/mb_block_rst_clk_wiz_1_100M_0/mb_block_rst_clk_wiz_1_100M_0_stub.v
INFO: [IP_Flow 19-6928] IPCACHE: copied cached file c:/Users/curti/OneDrive/Documents/UIUC/ECE-385/Vivado_Projects/lab_6/lab_6.cache/ip/2022.2/7/9/792adf34df1c7c56/mb_block_rst_clk_wiz_1_100M_0_stub.vhdl to c:/Users/curti/OneDrive/Documents/UIUC/ECE-385/Vivado_Projects/lab_6/lab_6.gen/sources_1/bd/mb_block/ip/mb_block_rst_clk_wiz_1_100M_0/mb_block_rst_clk_wiz_1_100M_0_stub.vhdl.
INFO: [IP_Flow 19-6926] IPCACHE: added file to list for BOM: c:/Users/curti/OneDrive/Documents/UIUC/ECE-385/Vivado_Projects/lab_6/lab_6.gen/sources_1/bd/mb_block/ip/mb_block_rst_clk_wiz_1_100M_0/mb_block_rst_clk_wiz_1_100M_0_stub.vhdl
INFO: [IP_Flow 19-4993] Using cached IP synthesis design for IP mb_block_rst_clk_wiz_1_100M_0, cache-ID = 792adf34df1c7c56; cache size = 12.429 MB.
INFO: [IP_Flow 19-6924] IPCACHE: Running cache check for IP inst: mb_block_microblaze_0_0
INFO: [IP_Flow 19-6922] IPCACHE: Exporting cached entry 1adc401b7514f7a0 to dir: c:/Users/curti/OneDrive/Documents/UIUC/ECE-385/Vivado_Projects/lab_6/lab_6.gen/sources_1/bd/mb_block/ip/mb_block_microblaze_0_0
INFO: [IP_Flow 19-6928] IPCACHE: copied cached file c:/Users/curti/OneDrive/Documents/UIUC/ECE-385/Vivado_Projects/lab_6/lab_6.cache/ip/2022.2/1/a/1adc401b7514f7a0/mb_block_microblaze_0_0.dcp to c:/Users/curti/OneDrive/Documents/UIUC/ECE-385/Vivado_Projects/lab_6/lab_6.gen/sources_1/bd/mb_block/ip/mb_block_microblaze_0_0/mb_block_microblaze_0_0.dcp.
INFO: [IP_Flow 19-6926] IPCACHE: added file to list for BOM: c:/Users/curti/OneDrive/Documents/UIUC/ECE-385/Vivado_Projects/lab_6/lab_6.gen/sources_1/bd/mb_block/ip/mb_block_microblaze_0_0/mb_block_microblaze_0_0.dcp
INFO: [IP_Flow 19-6928] IPCACHE: copied cached file c:/Users/curti/OneDrive/Documents/UIUC/ECE-385/Vivado_Projects/lab_6/lab_6.cache/ip/2022.2/1/a/1adc401b7514f7a0/mb_block_microblaze_0_0_sim_netlist.v to c:/Users/curti/OneDrive/Documents/UIUC/ECE-385/Vivado_Projects/lab_6/lab_6.gen/sources_1/bd/mb_block/ip/mb_block_microblaze_0_0/mb_block_microblaze_0_0_sim_netlist.v.
INFO: [IP_Flow 19-6926] IPCACHE: added file to list for BOM: c:/Users/curti/OneDrive/Documents/UIUC/ECE-385/Vivado_Projects/lab_6/lab_6.gen/sources_1/bd/mb_block/ip/mb_block_microblaze_0_0/mb_block_microblaze_0_0_sim_netlist.v
INFO: [IP_Flow 19-6928] IPCACHE: copied cached file c:/Users/curti/OneDrive/Documents/UIUC/ECE-385/Vivado_Projects/lab_6/lab_6.cache/ip/2022.2/1/a/1adc401b7514f7a0/mb_block_microblaze_0_0_sim_netlist.vhdl to c:/Users/curti/OneDrive/Documents/UIUC/ECE-385/Vivado_Projects/lab_6/lab_6.gen/sources_1/bd/mb_block/ip/mb_block_microblaze_0_0/mb_block_microblaze_0_0_sim_netlist.vhdl.
INFO: [IP_Flow 19-6926] IPCACHE: added file to list for BOM: c:/Users/curti/OneDrive/Documents/UIUC/ECE-385/Vivado_Projects/lab_6/lab_6.gen/sources_1/bd/mb_block/ip/mb_block_microblaze_0_0/mb_block_microblaze_0_0_sim_netlist.vhdl
INFO: [IP_Flow 19-6928] IPCACHE: copied cached file c:/Users/curti/OneDrive/Documents/UIUC/ECE-385/Vivado_Projects/lab_6/lab_6.cache/ip/2022.2/1/a/1adc401b7514f7a0/mb_block_microblaze_0_0_stub.v to c:/Users/curti/OneDrive/Documents/UIUC/ECE-385/Vivado_Projects/lab_6/lab_6.gen/sources_1/bd/mb_block/ip/mb_block_microblaze_0_0/mb_block_microblaze_0_0_stub.v.
INFO: [IP_Flow 19-6926] IPCACHE: added file to list for BOM: c:/Users/curti/OneDrive/Documents/UIUC/ECE-385/Vivado_Projects/lab_6/lab_6.gen/sources_1/bd/mb_block/ip/mb_block_microblaze_0_0/mb_block_microblaze_0_0_stub.v
INFO: [IP_Flow 19-6928] IPCACHE: copied cached file c:/Users/curti/OneDrive/Documents/UIUC/ECE-385/Vivado_Projects/lab_6/lab_6.cache/ip/2022.2/1/a/1adc401b7514f7a0/mb_block_microblaze_0_0_stub.vhdl to c:/Users/curti/OneDrive/Documents/UIUC/ECE-385/Vivado_Projects/lab_6/lab_6.gen/sources_1/bd/mb_block/ip/mb_block_microblaze_0_0/mb_block_microblaze_0_0_stub.vhdl.
INFO: [IP_Flow 19-6926] IPCACHE: added file to list for BOM: c:/Users/curti/OneDrive/Documents/UIUC/ECE-385/Vivado_Projects/lab_6/lab_6.gen/sources_1/bd/mb_block/ip/mb_block_microblaze_0_0/mb_block_microblaze_0_0_stub.vhdl
INFO: [IP_Flow 19-4993] Using cached IP synthesis design for IP mb_block_microblaze_0_0, cache-ID = 1adc401b7514f7a0; cache size = 12.429 MB.
[Thu Oct 17 12:55:51 2024] Launched synth_1...
Run output will be captured here: C:/Users/curti/OneDrive/Documents/UIUC/ECE-385/Vivado_Projects/lab_6/lab_6.runs/synth_1/runme.log
[Thu Oct 17 12:55:51 2024] Launched impl_1...
Run output will be captured here: C:/Users/curti/OneDrive/Documents/UIUC/ECE-385/Vivado_Projects/lab_6/lab_6.runs/impl_1/runme.log
launch_runs: Time (s): cpu = 00:00:04 ; elapsed = 00:00:10 . Memory (MB): peak = 1827.547 ; gain = 30.785
INFO: [Vivado 12-8231] Launching Vitis
INFO: [Vivado 12-417] Running vitis
INFO: [Vivado 12-8232] Vitis launch initiated. Please check console for any further messages.
open_hw_manager
write_hw_platform -fixed -include_bit -force -file C:/Users/curti/OneDrive/Documents/UIUC/ECE-385/Vivado_Projects/lab_6/mb_intro_top.xsa
INFO: [Project 1-1918] Creating Hardware Platform: C:/Users/curti/OneDrive/Documents/UIUC/ECE-385/Vivado_Projects/lab_6/mb_intro_top.xsa ...
INFO: [Project 1-1943] The Hardware Platform can be used for Hardware
INFO: [Project 1-1941] Successfully created Hardware Platform: C:/Users/curti/OneDrive/Documents/UIUC/ECE-385/Vivado_Projects/lab_6/mb_intro_top.xsa
INFO: [Hsi 55-2053] elapsed time for repository (C:/Xilinx/Vivado/2022.2/data/embeddedsw) loading 1 seconds
close_hw_manager
startgroup
create_bd_cell -type ip -vlnv xilinx.com:ip:axi_gpio:2.0 axi_gpio_1
endgroup
set_property location {2 399 -459} [get_bd_cells axi_gpio_1]
startgroup
create_bd_cell -type ip -vlnv xilinx.com:ip:axi_gpio:2.0 axi_gpio_2
endgroup
set_property location {2 538 -610} [get_bd_cells axi_gpio_2]
set_property -dict [list \
  CONFIG.C_ALL_OUTPUTS {1} \
  CONFIG.C_GPIO_WIDTH {16} \
] [get_bd_cells axi_gpio_2]
set_property -dict [list \
  CONFIG.C_ALL_INPUTS {1} \
  CONFIG.C_ALL_OUTPUTS {0} \
  CONFIG.C_GPIO_WIDTH {4} \
] [get_bd_cells axi_gpio_1]
set_property -dict [list \
  CONFIG.C_ALL_INPUTS {1} \
  CONFIG.C_ALL_OUTPUTS {0} \
] [get_bd_cells axi_gpio_2]
startgroup
apply_bd_automation -rule xilinx.com:bd_rule:board -config { Manual_Source {Auto}}  [get_bd_intf_pins axi_gpio_1/GPIO]
INFO: [BoardRule 102-8] create_bd_intf_port -mode Master -vlnv xilinx.com:interface:gpio_rtl:1.0 gpio_rtl_1
INFO: [BoardRule 102-9] connect_bd_intf_net /gpio_rtl_1 /axi_gpio_1/GPIO
apply_bd_automation -rule xilinx.com:bd_rule:axi4 -config { Clk_master {/clk_wiz_1/clk_out1 (100 MHz)} Clk_slave {Auto} Clk_xbar {/clk_wiz_1/clk_out1 (100 MHz)} Master {/microblaze_0 (Periph)} Slave {/axi_gpio_1/S_AXI} ddr_seg {Auto} intc_ip {/microblaze_0_axi_periph} master_apm {0}}  [get_bd_intf_pins axi_gpio_1/S_AXI]
Slave segment '/axi_gpio_1/S_AXI/Reg' is being assigned into address space '/microblaze_0/Data' at <0x4001_0000 [ 64K ]>.
apply_bd_automation -rule xilinx.com:bd_rule:board -config { Manual_Source {Auto}}  [get_bd_intf_pins axi_gpio_2/GPIO]
INFO: [BoardRule 102-8] create_bd_intf_port -mode Master -vlnv xilinx.com:interface:gpio_rtl:1.0 gpio_rtl_2
INFO: [BoardRule 102-9] connect_bd_intf_net /gpio_rtl_2 /axi_gpio_2/GPIO
apply_bd_automation -rule xilinx.com:bd_rule:axi4 -config { Clk_master {/clk_wiz_1/clk_out1 (100 MHz)} Clk_slave {Auto} Clk_xbar {/clk_wiz_1/clk_out1 (100 MHz)} Master {/microblaze_0 (Periph)} Slave {/axi_gpio_2/S_AXI} ddr_seg {Auto} intc_ip {/microblaze_0_axi_periph} master_apm {0}}  [get_bd_intf_pins axi_gpio_2/S_AXI]
Slave segment '/axi_gpio_2/S_AXI/Reg' is being assigned into address space '/microblaze_0/Data' at <0x4002_0000 [ 64K ]>.
endgroup
startgroup
endgroup
save_bd_design
Wrote  : <C:\Users\curti\OneDrive\Documents\UIUC\ECE-385\Vivado_Projects\lab_6\lab_6.srcs\sources_1\bd\mb_block\mb_block.bd> 
Wrote  : <C:/Users/curti/OneDrive/Documents/UIUC/ECE-385/Vivado_Projects/lab_6/lab_6.srcs/sources_1/bd/mb_block/ui/bd_d3042d03.ui> 
reset_run synth_1
INFO: [Project 1-1161] Replacing file C:/Users/curti/OneDrive/Documents/UIUC/ECE-385/Vivado_Projects/lab_6/lab_6.srcs/utils_1/imports/synth_1/mb_intro_top.dcp with file C:/Users/curti/OneDrive/Documents/UIUC/ECE-385/Vivado_Projects/lab_6/lab_6.runs/synth_1/mb_intro_top.dcp
launch_runs impl_1 -to_step write_bitstream -jobs 10
WARNING: [filemgmt 56-443] The ECC Algorithm string is empty. Setting the Memory Map to default ECC value to ECC_NONE.
WARNING: [filemgmt 56-443] The ECC Algorithm string is empty. Setting the Memory Map to default ECC value to ECC_NONE.
INFO: [xilinx.com:ip:axi_intc:4.1-1] /microblaze_0_axi_intc: The AXI INTC core has been configured to operate with synchronous clocks.
INFO: [xilinx.com:ip:clk_wiz:6.0-1] /clk_wiz_1 clk_wiz propagate
Wrote  : <C:\Users\curti\OneDrive\Documents\UIUC\ECE-385\Vivado_Projects\lab_6\lab_6.srcs\sources_1\bd\mb_block\mb_block.bd> 
Verilog Output written to : c:/Users/curti/OneDrive/Documents/UIUC/ECE-385/Vivado_Projects/lab_6/lab_6.gen/sources_1/bd/mb_block/synth/mb_block.v
Verilog Output written to : c:/Users/curti/OneDrive/Documents/UIUC/ECE-385/Vivado_Projects/lab_6/lab_6.gen/sources_1/bd/mb_block/sim/mb_block.v
Verilog Output written to : c:/Users/curti/OneDrive/Documents/UIUC/ECE-385/Vivado_Projects/lab_6/lab_6.gen/sources_1/bd/mb_block/hdl/mb_block_wrapper.v
INFO: [BD 41-1029] Generation completed for the IP Integrator block microblaze_0_axi_periph/xbar .
INFO: [BD 41-1029] Generation completed for the IP Integrator block axi_gpio_1 .
INFO: [BD 41-1029] Generation completed for the IP Integrator block axi_gpio_2 .
Exporting to file c:/Users/curti/OneDrive/Documents/UIUC/ECE-385/Vivado_Projects/lab_6/lab_6.gen/sources_1/bd/mb_block/hw_handoff/mb_block.hwh
Generated Hardware Definition File c:/Users/curti/OneDrive/Documents/UIUC/ECE-385/Vivado_Projects/lab_6/lab_6.gen/sources_1/bd/mb_block/synth/mb_block.hwdef
INFO: [IP_Flow 19-6930] IPCACHE: runCacheChecks() number of threads = 8
INFO: [IP_Flow 19-6921] IPCACHE: Adding cache check func to thread queue for IP mb_block_axi_gpio_1_0
INFO: [IP_Flow 19-6921] IPCACHE: Adding cache check func to thread queue for IP mb_block_axi_gpio_2_0
INFO: [IP_Flow 19-6921] IPCACHE: Adding cache check func to thread queue for IP mb_block_xbar_0
INFO: [IP_Flow 19-8020] IPCACHE: runCacheChecks() calling threadPool finishWork()
INFO: [IP_Flow 19-6924] IPCACHE: Running cache check for IP inst: mb_block_axi_gpio_1_0
INFO: [IP_Flow 19-6924] IPCACHE: Running cache check for IP inst: mb_block_axi_gpio_2_0
INFO: [IP_Flow 19-6924] IPCACHE: Running cache check for IP inst: mb_block_xbar_0
[Thu Oct 17 13:20:52 2024] Launched mb_block_xbar_0_synth_1, mb_block_axi_gpio_1_0_synth_1, mb_block_axi_gpio_2_0_synth_1, synth_1...
Run output will be captured here:
mb_block_xbar_0_synth_1: C:/Users/curti/OneDrive/Documents/UIUC/ECE-385/Vivado_Projects/lab_6/lab_6.runs/mb_block_xbar_0_synth_1/runme.log
mb_block_axi_gpio_1_0_synth_1: C:/Users/curti/OneDrive/Documents/UIUC/ECE-385/Vivado_Projects/lab_6/lab_6.runs/mb_block_axi_gpio_1_0_synth_1/runme.log
mb_block_axi_gpio_2_0_synth_1: C:/Users/curti/OneDrive/Documents/UIUC/ECE-385/Vivado_Projects/lab_6/lab_6.runs/mb_block_axi_gpio_2_0_synth_1/runme.log
synth_1: C:/Users/curti/OneDrive/Documents/UIUC/ECE-385/Vivado_Projects/lab_6/lab_6.runs/synth_1/runme.log
[Thu Oct 17 13:20:52 2024] Launched impl_1...
Run output will be captured here: C:/Users/curti/OneDrive/Documents/UIUC/ECE-385/Vivado_Projects/lab_6/lab_6.runs/impl_1/runme.log
launch_runs: Time (s): cpu = 00:00:03 ; elapsed = 00:00:12 . Memory (MB): peak = 1979.570 ; gain = 0.000
open_bd_design {C:/Users/curti/OneDrive/Documents/UIUC/ECE-385/Vivado_Projects/lab_6/lab_6.srcs/sources_1/bd/mb_block/mb_block.bd}
open_bd_design {C:/Users/curti/OneDrive/Documents/UIUC/ECE-385/Vivado_Projects/lab_6/lab_6.srcs/sources_1/bd/mb_block/mb_block.bd}
open_bd_design {C:/Users/curti/OneDrive/Documents/UIUC/ECE-385/Vivado_Projects/lab_6/lab_6.srcs/sources_1/bd/mb_block/mb_block.bd}
open_bd_design {C:/Users/curti/OneDrive/Documents/UIUC/ECE-385/Vivado_Projects/lab_6/lab_6.srcs/sources_1/bd/mb_block/mb_block.bd}
open_bd_design {C:/Users/curti/OneDrive/Documents/UIUC/ECE-385/Vivado_Projects/lab_6/lab_6.srcs/sources_1/bd/mb_block/mb_block.bd}
open_bd_design {C:/Users/curti/OneDrive/Documents/UIUC/ECE-385/Vivado_Projects/lab_6/lab_6.srcs/sources_1/bd/mb_block/mb_block.bd}
validate_bd_design -force
WARNING: [filemgmt 56-443] The ECC Algorithm string is empty. Setting the Memory Map to default ECC value to ECC_NONE.
INFO: [xilinx.com:ip:axi_intc:4.1-1] /microblaze_0_axi_intc: The AXI INTC core has been configured to operate with synchronous clocks.
INFO: [xilinx.com:ip:clk_wiz:6.0-1] /clk_wiz_1 clk_wiz propagate
make_wrapper -files [get_files C:/Users/curti/OneDrive/Documents/UIUC/ECE-385/Vivado_Projects/lab_6/lab_6.srcs/sources_1/bd/mb_block/mb_block.bd] -top
INFO: [BD 41-1662] The design 'mb_block.bd' is already validated. Therefore parameter propagation will not be re-run.
WARNING: [filemgmt 56-443] The ECC Algorithm string is empty. Setting the Memory Map to default ECC value to ECC_NONE.
WARNING: [filemgmt 56-443] The ECC Algorithm string is empty. Setting the Memory Map to default ECC value to ECC_NONE.
Wrote  : <C:\Users\curti\OneDrive\Documents\UIUC\ECE-385\Vivado_Projects\lab_6\lab_6.srcs\sources_1\bd\mb_block\mb_block.bd> 
Wrote  : <C:/Users/curti/OneDrive/Documents/UIUC/ECE-385/Vivado_Projects/lab_6/lab_6.srcs/sources_1/bd/mb_block/ui/bd_d3042d03.ui> 
Verilog Output written to : c:/Users/curti/OneDrive/Documents/UIUC/ECE-385/Vivado_Projects/lab_6/lab_6.gen/sources_1/bd/mb_block/synth/mb_block.v
Verilog Output written to : c:/Users/curti/OneDrive/Documents/UIUC/ECE-385/Vivado_Projects/lab_6/lab_6.gen/sources_1/bd/mb_block/sim/mb_block.v
Verilog Output written to : c:/Users/curti/OneDrive/Documents/UIUC/ECE-385/Vivado_Projects/lab_6/lab_6.gen/sources_1/bd/mb_block/hdl/mb_block_wrapper.v
reset_run synth_1
launch_runs impl_1 -to_step write_bitstream -jobs 10
INFO: [BD 41-1662] The design 'mb_block.bd' is already validated. Therefore parameter propagation will not be re-run.
WARNING: [filemgmt 56-443] The ECC Algorithm string is empty. Setting the Memory Map to default ECC value to ECC_NONE.
WARNING: [filemgmt 56-443] The ECC Algorithm string is empty. Setting the Memory Map to default ECC value to ECC_NONE.
Verilog Output written to : c:/Users/curti/OneDrive/Documents/UIUC/ECE-385/Vivado_Projects/lab_6/lab_6.gen/sources_1/bd/mb_block/synth/mb_block.v
Verilog Output written to : c:/Users/curti/OneDrive/Documents/UIUC/ECE-385/Vivado_Projects/lab_6/lab_6.gen/sources_1/bd/mb_block/sim/mb_block.v
Verilog Output written to : c:/Users/curti/OneDrive/Documents/UIUC/ECE-385/Vivado_Projects/lab_6/lab_6.gen/sources_1/bd/mb_block/hdl/mb_block_wrapper.v
Exporting to file c:/Users/curti/OneDrive/Documents/UIUC/ECE-385/Vivado_Projects/lab_6/lab_6.gen/sources_1/bd/mb_block/hw_handoff/mb_block.hwh
Generated Hardware Definition File c:/Users/curti/OneDrive/Documents/UIUC/ECE-385/Vivado_Projects/lab_6/lab_6.gen/sources_1/bd/mb_block/synth/mb_block.hwdef
[Thu Oct 17 13:30:41 2024] Launched synth_1...
Run output will be captured here: C:/Users/curti/OneDrive/Documents/UIUC/ECE-385/Vivado_Projects/lab_6/lab_6.runs/synth_1/runme.log
[Thu Oct 17 13:30:41 2024] Launched impl_1...
Run output will be captured here: C:/Users/curti/OneDrive/Documents/UIUC/ECE-385/Vivado_Projects/lab_6/lab_6.runs/impl_1/runme.log
launch_runs: Time (s): cpu = 00:00:01 ; elapsed = 00:00:06 . Memory (MB): peak = 1979.570 ; gain = 0.000
open_run impl_1
INFO: [Device 21-403] Loading part xc7s50csga324-1
Netlist sorting complete. Time (s): cpu = 00:00:00 ; elapsed = 00:00:00.157 . Memory (MB): peak = 2039.824 ; gain = 0.000
INFO: [Netlist 29-17] Analyzing 322 Unisim elements for replacement
INFO: [Netlist 29-28] Unisim Transformation completed in 0 CPU seconds
INFO: [Project 1-479] Netlist was created with Vivado 2022.2
INFO: [Project 1-570] Preparing netlist for logic optimization
INFO: [Timing 38-478] Restoring timing data from binary archive.
INFO: [Timing 38-479] Binary timing data restore complete.
INFO: [Project 1-856] Restoring constraints from binary archive.
INFO: [Project 1-853] Binary constraint restore complete.
Reading XDEF placement.
Reading placer database...
Reading XDEF routing.
Read XDEF Files: Time (s): cpu = 00:00:00 ; elapsed = 00:00:00.350 . Memory (MB): peak = 2605.504 ; gain = 0.000
Restored from archive | CPU: 0.000000 secs | Memory: 0.000000 MB |
Finished XDEF File Restore: Time (s): cpu = 00:00:00 ; elapsed = 00:00:00.351 . Memory (MB): peak = 2605.504 ; gain = 0.000
Generating merged BMM file for the design top 'mb_intro_top'...
INFO: [Memdata 28-144] Successfully populated the BRAM INIT strings from the following elf files: c:/Users/curti/OneDrive/Documents/UIUC/ECE-385/Vivado_Projects/lab_6/lab_6.gen/sources_1/bd/mb_block/ip/mb_block_microblaze_0_0/data/mb_bootloop_le.elf 
Netlist sorting complete. Time (s): cpu = 00:00:00 ; elapsed = 00:00:00.008 . Memory (MB): peak = 2605.504 ; gain = 0.000
INFO: [Project 1-111] Unisim Transformation Summary:
  A total of 240 instances were transformed.
  LUT6_2 => LUT6_2 (LUT5, LUT6): 143 instances
  RAM16X1D => RAM32X1D (RAMD32(x2)): 32 instances
  RAM32X1D => RAM32X1D (RAMD32(x2)): 64 instances
  SRLC16E => SRL16E: 1 instance 

open_run: Time (s): cpu = 00:00:11 ; elapsed = 00:00:11 . Memory (MB): peak = 2756.598 ; gain = 777.027
write_hw_platform -fixed -include_bit -force -file C:/Users/curti/OneDrive/Documents/UIUC/ECE-385/Vivado_Projects/lab_6/mb_intro_top.xsa
INFO: [Project 1-1918] Creating Hardware Platform: C:/Users/curti/OneDrive/Documents/UIUC/ECE-385/Vivado_Projects/lab_6/mb_intro_top.xsa ...
INFO: [Project 1-1943] The Hardware Platform can be used for Hardware
INFO: [Project 1-1941] Successfully created Hardware Platform: C:/Users/curti/OneDrive/Documents/UIUC/ECE-385/Vivado_Projects/lab_6/mb_intro_top.xsa
exit
INFO: [Common 17-206] Exiting Vivado at Thu Oct 17 13:53:57 2024...
