#-----------------------------------------------------------
# Vivado v2022.2 (64-bit)
# SW Build 3671981 on Fri Oct 14 05:00:03 MDT 2022
# IP Build 3669848 on Fri Oct 14 08:30:02 MDT 2022
# Start of session at: Thu Oct  3 18:34:55 2024
# Process ID: 10136
# Current directory: C:/Users/curti/OneDrive/Documents/UIUC/ECE-385/Vivado Projects/lab_5
# Command line: vivado.exe -gui_launcher_event rodinguilauncherevent31700 C:\Users\curti\OneDrive\Documents\UIUC\ECE-385\Vivado Projects\lab_5\lab_5.xpr
# Log file: C:/Users/curti/OneDrive/Documents/UIUC/ECE-385/Vivado Projects/lab_5/vivado.log
# Journal file: C:/Users/curti/OneDrive/Documents/UIUC/ECE-385/Vivado Projects/lab_5\vivado.jou
# Running On: Curtis-Laptop, OS: Windows, CPU Frequency: 2688 MHz, CPU Physical cores: 14, Host memory: 34014 MB
#-----------------------------------------------------------
start_gui
open_project {C:/Users/curti/OneDrive/Documents/UIUC/ECE-385/Vivado Projects/lab_5/lab_5.xpr}
WARNING: [Board 49-26] cannot add Board Part xilinx.com:ac701:part0:1.4 available at C:/Xilinx/Vivado/2022.2/data/xhub/boards/XilinxBoardStore/boards/Xilinx/ac701/1.4/board.xml as part xc7a200tfbg676-2 specified in board_part file is either invalid or not available
WARNING: [Board 49-26] cannot add Board Part xilinx.com:k26c:part0:1.2 available at C:/Xilinx/Vivado/2022.2/data/xhub/boards/XilinxBoardStore/boards/Xilinx/k26c/1.2/board.xml as part xck26-sfvc784-2lv-c specified in board_part file is either invalid or not available
WARNING: [Board 49-26] cannot add Board Part xilinx.com:k26c:part0:1.3 available at C:/Xilinx/Vivado/2022.2/data/xhub/boards/XilinxBoardStore/boards/Xilinx/k26c/1.3/board.xml as part xck26-sfvc784-2lv-c specified in board_part file is either invalid or not available
WARNING: [Board 49-26] cannot add Board Part xilinx.com:k26c:part0:1.4 available at C:/Xilinx/Vivado/2022.2/data/xhub/boards/XilinxBoardStore/boards/Xilinx/k26c/1.4/board.xml as part xck26-sfvc784-2lv-c specified in board_part file is either invalid or not available
WARNING: [Board 49-26] cannot add Board Part xilinx.com:k26i:part0:1.2 available at C:/Xilinx/Vivado/2022.2/data/xhub/boards/XilinxBoardStore/boards/Xilinx/k26i/1.2/board.xml as part xck26-sfvc784-2lvi-i specified in board_part file is either invalid or not available
WARNING: [Board 49-26] cannot add Board Part xilinx.com:k26i:part0:1.3 available at C:/Xilinx/Vivado/2022.2/data/xhub/boards/XilinxBoardStore/boards/Xilinx/k26i/1.3/board.xml as part xck26-sfvc784-2lvi-i specified in board_part file is either invalid or not available
WARNING: [Board 49-26] cannot add Board Part xilinx.com:k26i:part0:1.4 available at C:/Xilinx/Vivado/2022.2/data/xhub/boards/XilinxBoardStore/boards/Xilinx/k26i/1.4/board.xml as part xck26-sfvc784-2lvi-i specified in board_part file is either invalid or not available
WARNING: [Board 49-26] cannot add Board Part xilinx.com:kc705:part0:1.6 available at C:/Xilinx/Vivado/2022.2/data/xhub/boards/XilinxBoardStore/boards/Xilinx/kc705/1.6/board.xml as part xc7k325tffg900-2 specified in board_part file is either invalid or not available
WARNING: [Board 49-26] cannot add Board Part xilinx.com:kcu105:part0:1.6 available at C:/Xilinx/Vivado/2022.2/data/xhub/boards/XilinxBoardStore/boards/Xilinx/kcu105/1.6/board.xml as part xcku040-ffva1156-2-e specified in board_part file is either invalid or not available
WARNING: [Board 49-26] cannot add Board Part xilinx.com:kcu105:part0:1.7 available at C:/Xilinx/Vivado/2022.2/data/xhub/boards/XilinxBoardStore/boards/Xilinx/kcu105/1.7/board.xml as part xcku040-ffva1156-2-e specified in board_part file is either invalid or not available
WARNING: [Board 49-26] cannot add Board Part xilinx.com:kcu116:part0:1.4 available at C:/Xilinx/Vivado/2022.2/data/xhub/boards/XilinxBoardStore/boards/Xilinx/kcu116/1.4/board.xml as part xcku5p-ffvb676-2-e specified in board_part file is either invalid or not available
WARNING: [Board 49-26] cannot add Board Part xilinx.com:kcu116:part0:1.5 available at C:/Xilinx/Vivado/2022.2/data/xhub/boards/XilinxBoardStore/boards/Xilinx/kcu116/1.5/board.xml as part xcku5p-ffvb676-2-e specified in board_part file is either invalid or not available
WARNING: [Board 49-26] cannot add Board Part xilinx.com:kcu1500:part0:1.2 available at C:/Xilinx/Vivado/2022.2/data/xhub/boards/XilinxBoardStore/boards/Xilinx/kcu1500/1.2/board.xml as part xcku115-flvb2104-2-e specified in board_part file is either invalid or not available
WARNING: [Board 49-26] cannot add Board Part xilinx.com:kr260_som:part0:1.0 available at C:/Xilinx/Vivado/2022.2/data/xhub/boards/XilinxBoardStore/boards/Xilinx/kr260_som/1.0/board.xml as part xck26-sfvc784-2lv-c specified in board_part file is either invalid or not available
WARNING: [Board 49-26] cannot add Board Part xilinx.com:kr260_som:part0:1.1 available at C:/Xilinx/Vivado/2022.2/data/xhub/boards/XilinxBoardStore/boards/Xilinx/kr260_som/1.1/board.xml as part xck26-sfvc784-2lv-c specified in board_part file is either invalid or not available
WARNING: [Board 49-26] cannot add Board Part xilinx.com:kv260_som:part0:1.2 available at C:/Xilinx/Vivado/2022.2/data/xhub/boards/XilinxBoardStore/boards/Xilinx/kv260_som/1.2/board.xml as part xck26-sfvc784-2lv-c specified in board_part file is either invalid or not available
WARNING: [Board 49-26] cannot add Board Part xilinx.com:kv260_som:part0:1.3 available at C:/Xilinx/Vivado/2022.2/data/xhub/boards/XilinxBoardStore/boards/Xilinx/kv260_som/1.3/board.xml as part xck26-sfvc784-2lv-c specified in board_part file is either invalid or not available
WARNING: [Board 49-26] cannot add Board Part xilinx.com:kv260_som:part0:1.4 available at C:/Xilinx/Vivado/2022.2/data/xhub/boards/XilinxBoardStore/boards/Xilinx/kv260_som/1.4/board.xml as part xck26-sfvc784-2lv-c specified in board_part file is either invalid or not available
WARNING: [Board 49-26] cannot add Board Part xilinx.com:vc707:part0:1.4 available at C:/Xilinx/Vivado/2022.2/data/xhub/boards/XilinxBoardStore/boards/Xilinx/vc707/1.4/board.xml as part xc7vx485tffg1761-2 specified in board_part file is either invalid or not available
WARNING: [Board 49-26] cannot add Board Part xilinx.com:vc709:part0:1.8 available at C:/Xilinx/Vivado/2022.2/data/xhub/boards/XilinxBoardStore/boards/Xilinx/vc709/1.8/board.xml as part xc7vx690tffg1761-2 specified in board_part file is either invalid or not available
WARNING: [Board 49-26] cannot add Board Part xilinx.com:vck190:part0:2.2 available at C:/Xilinx/Vivado/2022.2/data/xhub/boards/XilinxBoardStore/boards/Xilinx/vck190/production/2.2/board.xml as part xcvc1902-vsva2197-2mp-e-s specified in board_part file is either invalid or not available
WARNING: [Board 49-26] cannot add Board Part xilinx.com:vck190:part0:3.0 available at C:/Xilinx/Vivado/2022.2/data/xhub/boards/XilinxBoardStore/boards/Xilinx/vck190/production/3.0/board.xml as part xcvc1902-vsva2197-2mp-e-s specified in board_part file is either invalid or not available
WARNING: [Board 49-26] cannot add Board Part xilinx.com:vck190:part0:3.1 available at C:/Xilinx/Vivado/2022.2/data/xhub/boards/XilinxBoardStore/boards/Xilinx/vck190/production/3.1/board.xml as part xcvc1902-vsva2197-2mp-e-s specified in board_part file is either invalid or not available
WARNING: [Board 49-26] cannot add Board Part xilinx.com:vck190_newl:part0:1.0 available at C:/Xilinx/Vivado/2022.2/data/xhub/boards/XilinxBoardStore/boards/Xilinx/vck190_newl/production/1.0/board.xml as part xcvc1902-vsva2197-2mp-e-s specified in board_part file is either invalid or not available
WARNING: [Board 49-26] cannot add Board Part xilinx.com:vcu108:part0:1.6 available at C:/Xilinx/Vivado/2022.2/data/xhub/boards/XilinxBoardStore/boards/Xilinx/vcu108/1.6/board.xml as part xcvu095-ffva2104-2-e specified in board_part file is either invalid or not available
WARNING: [Board 49-26] cannot add Board Part xilinx.com:vcu108:part0:1.7 available at C:/Xilinx/Vivado/2022.2/data/xhub/boards/XilinxBoardStore/boards/Xilinx/vcu108/1.7/board.xml as part xcvu095-ffva2104-2-e specified in board_part file is either invalid or not available
WARNING: [Board 49-26] cannot add Board Part xilinx.com:vcu110:part0:1.4 available at C:/Xilinx/Vivado/2022.2/data/xhub/boards/XilinxBoardStore/boards/Xilinx/vcu110/1.4/board.xml as part xcvu190-flgc2104-2-e specified in board_part file is either invalid or not available
WARNING: [Board 49-26] cannot add Board Part xilinx.com:vcu118:part0:2.0 available at C:/Xilinx/Vivado/2022.2/data/xhub/boards/XilinxBoardStore/boards/Xilinx/vcu118/2.0/board.xml as part xcvu9p-flga2104-2l-e specified in board_part file is either invalid or not available
WARNING: [Board 49-26] cannot add Board Part xilinx.com:vcu118:part0:2.3 available at C:/Xilinx/Vivado/2022.2/data/xhub/boards/XilinxBoardStore/boards/Xilinx/vcu118/2.3/board.xml as part xcvu9p-flga2104-2l-e specified in board_part file is either invalid or not available
WARNING: [Board 49-26] cannot add Board Part xilinx.com:vcu118:part0:2.4 available at C:/Xilinx/Vivado/2022.2/data/xhub/boards/XilinxBoardStore/boards/Xilinx/vcu118/2.4/board.xml as part xcvu9p-flga2104-2l-e specified in board_part file is either invalid or not available
WARNING: [Board 49-26] cannot add Board Part xilinx.com:vcu128:part0:1.0 available at C:/Xilinx/Vivado/2022.2/data/xhub/boards/XilinxBoardStore/boards/Xilinx/vcu128/production/1.0/board.xml as part xcvu37p-fsvh2892-2l-e specified in board_part file is either invalid or not available
WARNING: [Board 49-26] cannot add Board Part xilinx.com:vcu129:part0:1.0 available at C:/Xilinx/Vivado/2022.2/data/xhub/boards/XilinxBoardStore/boards/Xilinx/vcu129/production/1.0/board.xml as part xcvu29p-fsga2577-2l-e specified in board_part file is either invalid or not available
WARNING: [Board 49-26] cannot add Board Part xilinx.com:vcu1525:part0:1.3 available at C:/Xilinx/Vivado/2022.2/data/xhub/boards/XilinxBoardStore/boards/Xilinx/vcu1525/1.3/board.xml as part xcvu9p-fsgd2104-2l-e specified in board_part file is either invalid or not available
WARNING: [Board 49-26] cannot add Board Part xilinx.com:vek280_es:part0:1.0 available at C:/Xilinx/Vivado/2022.2/data/xhub/boards/XilinxBoardStore/boards/Xilinx/vek280/es/1.0/board.xml as part xcve2802-vsvh1760-2lp-e-s-es1 specified in board_part file is either invalid or not available
WARNING: [Board 49-26] cannot add Board Part xilinx.com:vermeo_t1_mpsoc:part0:1.0 available at C:/Xilinx/Vivado/2022.2/data/xhub/boards/XilinxBoardStore/boards/Xilinx/vermeo_t1_mpsoc/1.0/board.xml as part xczu19eg-ffvd1760-2l-e specified in board_part file is either invalid or not available
WARNING: [Board 49-26] cannot add Board Part xilinx.com:vermeo_t1_rfsoc:part0:1.0 available at C:/Xilinx/Vivado/2022.2/data/xhub/boards/XilinxBoardStore/boards/Xilinx/vermeo_t1_rfsoc/1.0/board.xml as part xczu21dr-ffvd1156-2l-e specified in board_part file is either invalid or not available
WARNING: [Board 49-26] cannot add Board Part xilinx.com:vhk158_es:part0:1.0 available at C:/Xilinx/Vivado/2022.2/data/xhub/boards/XilinxBoardStore/boards/Xilinx/vhk158/es/1.0/board.xml as part xcvh1582-vsva3697-2mp-e-s-es1 specified in board_part file is either invalid or not available
WARNING: [Board 49-26] cannot add Board Part xilinx.com:vmk180:part0:2.2 available at C:/Xilinx/Vivado/2022.2/data/xhub/boards/XilinxBoardStore/boards/Xilinx/vmk180/production/2.2/board.xml as part xcvm1802-vsva2197-2mp-e-s specified in board_part file is either invalid or not available
WARNING: [Board 49-26] cannot add Board Part xilinx.com:vmk180:part0:3.0 available at C:/Xilinx/Vivado/2022.2/data/xhub/boards/XilinxBoardStore/boards/Xilinx/vmk180/production/3.0/board.xml as part xcvm1802-vsva2197-2mp-e-s specified in board_part file is either invalid or not available
WARNING: [Board 49-26] cannot add Board Part xilinx.com:vmk180:part0:3.1 available at C:/Xilinx/Vivado/2022.2/data/xhub/boards/XilinxBoardStore/boards/Xilinx/vmk180/production/3.1/board.xml as part xcvm1802-vsva2197-2mp-e-s specified in board_part file is either invalid or not available
WARNING: [Board 49-26] cannot add Board Part xilinx.com:vmk180_newl:part0:1.0 available at C:/Xilinx/Vivado/2022.2/data/xhub/boards/XilinxBoardStore/boards/Xilinx/vmk180_newl/production/1.0/board.xml as part xcvm1802-vsva2197-2mp-e-s specified in board_part file is either invalid or not available
WARNING: [Board 49-26] cannot add Board Part xilinx.com:vpk120:part0:1.0 available at C:/Xilinx/Vivado/2022.2/data/xhub/boards/XilinxBoardStore/boards/Xilinx/vpk120/production/1.0/board.xml as part xcvp1202-vsva2785-2mp-e-s specified in board_part file is either invalid or not available
WARNING: [Board 49-26] cannot add Board Part xilinx.com:vpk120_es:part0:1.2 available at C:/Xilinx/Vivado/2022.2/data/xhub/boards/XilinxBoardStore/boards/Xilinx/vpk120/es/1.2/board.xml as part xcvp1202-vsva2785-2mp-e-s-es1 specified in board_part file is either invalid or not available
WARNING: [Board 49-26] cannot add Board Part xilinx.com:vpk120_es_revb:part0:1.0 available at C:/Xilinx/Vivado/2022.2/data/xhub/boards/XilinxBoardStore/boards/Xilinx/vpk120_revb/es/1.0/board.xml as part xcvp1202-vsva2785-2mp-e-s-es1 specified in board_part file is either invalid or not available
WARNING: [Board 49-26] cannot add Board Part xilinx.com:vpk180_es:part0:1.0 available at C:/Xilinx/Vivado/2022.2/data/xhub/boards/XilinxBoardStore/boards/Xilinx/vpk180/es/1.0/board.xml as part xcvp1802-lsvc4072-2mp-e-s-es1 specified in board_part file is either invalid or not available
WARNING: [Board 49-26] cannot add Board Part xilinx.com:zc702:part0:1.4 available at C:/Xilinx/Vivado/2022.2/data/xhub/boards/XilinxBoardStore/boards/Xilinx/zc702/1.4/board.xml as part xc7z020clg484-1 specified in board_part file is either invalid or not available
WARNING: [Board 49-26] cannot add Board Part xilinx.com:zc706:part0:1.4 available at C:/Xilinx/Vivado/2022.2/data/xhub/boards/XilinxBoardStore/boards/Xilinx/zc706/1.4/board.xml as part xc7z045ffg900-2 specified in board_part file is either invalid or not available
WARNING: [Board 49-26] cannot add Board Part xilinx.com:zcu102:part0:3.3 available at C:/Xilinx/Vivado/2022.2/data/xhub/boards/XilinxBoardStore/boards/Xilinx/zcu102/3.3/board.xml as part xczu9eg-ffvb1156-2-e specified in board_part file is either invalid or not available
WARNING: [Board 49-26] cannot add Board Part xilinx.com:zcu102:part0:3.4 available at C:/Xilinx/Vivado/2022.2/data/xhub/boards/XilinxBoardStore/boards/Xilinx/zcu102/3.4/board.xml as part xczu9eg-ffvb1156-2-e specified in board_part file is either invalid or not available
WARNING: [Board 49-26] cannot add Board Part xilinx.com:zcu104:part0:1.1 available at C:/Xilinx/Vivado/2022.2/data/xhub/boards/XilinxBoardStore/boards/Xilinx/zcu104/1.1/board.xml as part xczu7ev-ffvc1156-2-e specified in board_part file is either invalid or not available
WARNING: [Board 49-26] cannot add Board Part xilinx.com:zcu106:part0:2.4 available at C:/Xilinx/Vivado/2022.2/data/xhub/boards/XilinxBoardStore/boards/Xilinx/zcu106/2.4/board.xml as part xczu7ev-ffvc1156-2-e specified in board_part file is either invalid or not available
WARNING: [Board 49-26] cannot add Board Part xilinx.com:zcu106:part0:2.5 available at C:/Xilinx/Vivado/2022.2/data/xhub/boards/XilinxBoardStore/boards/Xilinx/zcu106/2.5/board.xml as part xczu7ev-ffvc1156-2-e specified in board_part file is either invalid or not available
WARNING: [Board 49-26] cannot add Board Part xilinx.com:zcu106:part0:2.6 available at C:/Xilinx/Vivado/2022.2/data/xhub/boards/XilinxBoardStore/boards/Xilinx/zcu106/2.6/board.xml as part xczu7ev-ffvc1156-2-e specified in board_part file is either invalid or not available
WARNING: [Board 49-26] cannot add Board Part xilinx.com:zcu111:part0:1.2 available at C:/Xilinx/Vivado/2022.2/data/xhub/boards/XilinxBoardStore/boards/Xilinx/zcu111/1.2/board.xml as part xczu28dr-ffvg1517-2-e specified in board_part file is either invalid or not available
WARNING: [Board 49-26] cannot add Board Part xilinx.com:zcu111:part0:1.3 available at C:/Xilinx/Vivado/2022.2/data/xhub/boards/XilinxBoardStore/boards/Xilinx/zcu111/1.3/board.xml as part xczu28dr-ffvg1517-2-e specified in board_part file is either invalid or not available
WARNING: [Board 49-26] cannot add Board Part xilinx.com:zcu111:part0:1.4 available at C:/Xilinx/Vivado/2022.2/data/xhub/boards/XilinxBoardStore/boards/Xilinx/zcu111/1.4/board.xml as part xczu28dr-ffvg1517-2-e specified in board_part file is either invalid or not available
WARNING: [Board 49-26] cannot add Board Part xilinx.com:zcu1275:part0:1.0 available at C:/Xilinx/Vivado/2022.2/data/xhub/boards/XilinxBoardStore/boards/Xilinx/zcu1275/1.0/board.xml as part xczu29dr-ffvf1760-2-e specified in board_part file is either invalid or not available
WARNING: [Board 49-26] cannot add Board Part xilinx.com:zcu1285:part0:1.0 available at C:/Xilinx/Vivado/2022.2/data/xhub/boards/XilinxBoardStore/boards/Xilinx/zcu1285/1.0/board.xml as part xczu39dr-ffvf1760-2-i specified in board_part file is either invalid or not available
WARNING: [Board 49-26] cannot add Board Part xilinx.com:zcu208:part0:2.0 available at C:/Xilinx/Vivado/2022.2/data/xhub/boards/XilinxBoardStore/boards/Xilinx/zcu208/production/2.0/board.xml as part xczu48dr-fsvg1517-2-e specified in board_part file is either invalid or not available
WARNING: [Board 49-26] cannot add Board Part xilinx.com:zcu208ld:part0:2.0 available at C:/Xilinx/Vivado/2022.2/data/xhub/boards/XilinxBoardStore/boards/Xilinx/zcu208ld/production/2.0/board.xml as part xczu58dr-fsvg1517-2-i specified in board_part file is either invalid or not available
WARNING: [Board 49-26] cannot add Board Part xilinx.com:zcu216:part0:2.0 available at C:/Xilinx/Vivado/2022.2/data/xhub/boards/XilinxBoardStore/boards/Xilinx/zcu216/production/2.0/board.xml as part xczu49dr-ffvf1760-2-e specified in board_part file is either invalid or not available
WARNING: [Board 49-26] cannot add Board Part xilinx.com:zcu216ld:part0:2.0 available at C:/Xilinx/Vivado/2022.2/data/xhub/boards/XilinxBoardStore/boards/Xilinx/zcu216ld/production/2.0/board.xml as part xczu59dr-ffvf1760-2-i specified in board_part file is either invalid or not available
WARNING: [Board 49-26] cannot add Board Part xilinx.com:zcu670:part0:2.0 available at C:/Xilinx/Vivado/2022.2/data/xhub/boards/XilinxBoardStore/boards/Xilinx/zcu670/2.0/board.xml as part xczu67dr-fsve1156-2-i specified in board_part file is either invalid or not available
WARNING: [Board 49-26] cannot add Board Part xilinx.com:zcu670ld:part0:1.0 available at C:/Xilinx/Vivado/2022.2/data/xhub/boards/XilinxBoardStore/boards/Xilinx/zcu670ld/1.0/board.xml as part xczu57dr-fsve1156-2-i specified in board_part file is either invalid or not available
CRITICAL WARNING: [Project 1-19] Could not find the file 'C:/Users/curti/OneDrive/Documents/UIUC/ECE-385/Vivado Projects/lab5_provided_fa24/srcs/control.sv'.
CRITICAL WARNING: [Project 1-19] Could not find the file 'C:/Users/curti/OneDrive/Documents/UIUC/ECE-385/Vivado Projects/lab5_provided_fa24/srcs/cpu.sv'.
CRITICAL WARNING: [Project 1-19] Could not find the file 'C:/Users/curti/OneDrive/Documents/UIUC/ECE-385/Vivado Projects/lab5_provided_fa24/srcs/cpu_to_io.sv'.
CRITICAL WARNING: [Project 1-19] Could not find the file 'C:/Users/curti/OneDrive/Documents/UIUC/ECE-385/Vivado Projects/lab5_provided_fa24/srcs/hex_driver.sv'.
CRITICAL WARNING: [Project 1-19] Could not find the file 'C:/Users/curti/OneDrive/Documents/UIUC/ECE-385/Vivado Projects/lab5_provided_fa24/srcs/types.sv'.
CRITICAL WARNING: [Project 1-19] Could not find the file 'C:/Users/curti/OneDrive/Documents/UIUC/ECE-385/Vivado Projects/lab5_provided_fa24/srcs/instantiate_ram.sv'.
CRITICAL WARNING: [Project 1-19] Could not find the file 'C:/Users/curti/OneDrive/Documents/UIUC/ECE-385/Vivado Projects/lab5_provided_fa24/srcs/load_reg.sv'.
CRITICAL WARNING: [Project 1-19] Could not find the file 'C:/Users/curti/OneDrive/Documents/UIUC/ECE-385/Vivado Projects/lab5_provided_fa24/srcs/memory.sv'.
CRITICAL WARNING: [Project 1-19] Could not find the file 'C:/Users/curti/OneDrive/Documents/UIUC/ECE-385/Vivado Projects/lab5_provided_fa24/srcs/slc3.sv'.
CRITICAL WARNING: [Project 1-19] Could not find the file 'C:/Users/curti/OneDrive/Documents/UIUC/ECE-385/Vivado Projects/lab5_provided_fa24/srcs/sync.sv'.
CRITICAL WARNING: [Project 1-19] Could not find the file 'C:/Users/curti/OneDrive/Documents/UIUC/ECE-385/Vivado Projects/lab5_provided_fa24/srcs/processor_top.sv'.
CRITICAL WARNING: [Project 1-19] Could not find the file 'C:/Users/curti/OneDrive/Documents/UIUC/ECE-385/Vivado Projects/lab5_provided_fa24/srcs/test_memory.sv'.
CRITICAL WARNING: [Project 1-19] Could not find the file 'C:/Users/curti/OneDrive/Documents/UIUC/ECE-385/Vivado Projects/lab5_provided_fa24/pin_assignment/top.xdc'.
Scanning sources...
Finished scanning sources
INFO: [IP_Flow 19-234] Refreshing IP repositories
INFO: [IP_Flow 19-1704] No user IP repositories specified
INFO: [IP_Flow 19-2313] Loaded Vivado IP repository 'C:/Xilinx/Vivado/2022.2/data/ip'.
open_project: Time (s): cpu = 00:00:10 ; elapsed = 00:00:11 . Memory (MB): peak = 1131.164 ; gain = 344.789
add_files -norecurse {{C:/Users/curti/OneDrive/Documents/UIUC/ECE-385/Vivado Projects/lab_5/lab5_provided_fa24/srcs/control.sv} {C:/Users/curti/OneDrive/Documents/UIUC/ECE-385/Vivado Projects/lab_5/lab5_provided_fa24/srcs/cpu.sv} {C:/Users/curti/OneDrive/Documents/UIUC/ECE-385/Vivado Projects/lab_5/lab5_provided_fa24/srcs/test_memory.sv} {C:/Users/curti/OneDrive/Documents/UIUC/ECE-385/Vivado Projects/lab_5/lab5_provided_fa24/srcs/types.sv} {C:/Users/curti/OneDrive/Documents/UIUC/ECE-385/Vivado Projects/lab_5/lab5_provided_fa24/srcs/cpu_to_io.sv} {C:/Users/curti/OneDrive/Documents/UIUC/ECE-385/Vivado Projects/lab_5/lab5_provided_fa24/srcs/slc3.sv} {C:/Users/curti/OneDrive/Documents/UIUC/ECE-385/Vivado Projects/lab_5/lab5_provided_fa24/srcs/memory.sv} {C:/Users/curti/OneDrive/Documents/UIUC/ECE-385/Vivado Projects/lab_5/lab5_provided_fa24/srcs/sync.sv} {C:/Users/curti/OneDrive/Documents/UIUC/ECE-385/Vivado Projects/lab_5/lab5_provided_fa24/srcs/processor_top.sv} {C:/Users/curti/OneDrive/Documents/UIUC/ECE-385/Vivado Projects/lab_5/lab5_provided_fa24/srcs/hex_driver.sv} {C:/Users/curti/OneDrive/Documents/UIUC/ECE-385/Vivado Projects/lab_5/lab5_provided_fa24/srcs/instantiate_ram.sv} {C:/Users/curti/OneDrive/Documents/UIUC/ECE-385/Vivado Projects/lab_5/lab5_provided_fa24/srcs/load_reg.sv}}
file mkdir C:/Users/curti/OneDrive/Documents/UIUC/ECE-385/Vivado Projects/lab5_provided_fa24/pin_assignment
file mkdir C:/Users/curti/OneDrive/Documents/UIUC/ECE-385/Vivado Projects/lab5_provided_fa24/pin_assignment
file mkdir C:/Users/curti/OneDrive/Documents/UIUC/ECE-385/Vivado Projects/lab5_provided_fa24/pin_assignment
file mkdir C:/Users/curti/OneDrive/Documents/UIUC/ECE-385/Vivado Projects/lab5_provided_fa24/pin_assignment
file mkdir C:/Users/curti/OneDrive/Documents/UIUC/ECE-385/Vivado Projects/lab5_provided_fa24/pin_assignment
add_files -fileset constrs_1 -norecurse {{C:/Users/curti/OneDrive/Documents/UIUC/ECE-385/Vivado Projects/lab_5/lab5_provided_fa24/pin_assignment/top.xdc}}
file mkdir C:/Users/curti/OneDrive/Documents/UIUC/ECE-385/Vivado Projects/lab5_provided_fa24/pin_assignment
export_ip_user_files -of_objects  [get_files {{C:/Users/curti/OneDrive/Documents/UIUC/ECE-385/Vivado Projects/lab5_provided_fa24/srcs/control.sv}}] -no_script -reset -force -quiet
remove_files  {{C:/Users/curti/OneDrive/Documents/UIUC/ECE-385/Vivado Projects/lab5_provided_fa24/srcs/control.sv}}
remove_files  {{C:/Users/curti/OneDrive/Documents/UIUC/ECE-385/Vivado Projects/lab5_provided_fa24/srcs/control.sv}}
WARNING: [Vivado 12-818] No files matched 'C:/Users/curti/OneDrive/Documents/UIUC/ECE-385/Vivado Projects/lab5_provided_fa24/srcs/control.sv'
remove_files  {{C:/Users/curti/OneDrive/Documents/UIUC/ECE-385/Vivado Projects/lab5_provided_fa24/srcs/control.sv}}
WARNING: [Vivado 12-818] No files matched 'C:/Users/curti/OneDrive/Documents/UIUC/ECE-385/Vivado Projects/lab5_provided_fa24/srcs/control.sv'
export_ip_user_files -of_objects  [get_files {{C:/Users/curti/OneDrive/Documents/UIUC/ECE-385/Vivado Projects/lab5_provided_fa24/srcs/cpu.sv}}] -no_script -reset -force -quiet
remove_files  {{C:/Users/curti/OneDrive/Documents/UIUC/ECE-385/Vivado Projects/lab5_provided_fa24/srcs/cpu.sv}}
export_ip_user_files -of_objects  [get_files {{C:/Users/curti/OneDrive/Documents/UIUC/ECE-385/Vivado Projects/lab5_provided_fa24/srcs/cpu_to_io.sv}}] -no_script -reset -force -quiet
remove_files  {{C:/Users/curti/OneDrive/Documents/UIUC/ECE-385/Vivado Projects/lab5_provided_fa24/srcs/cpu_to_io.sv}}
export_ip_user_files -of_objects  [get_files {{C:/Users/curti/OneDrive/Documents/UIUC/ECE-385/Vivado Projects/lab5_provided_fa24/pin_assignment/top.xdc}}] -no_script -reset -force -quiet
remove_files  -fileset constrs_1 {{C:/Users/curti/OneDrive/Documents/UIUC/ECE-385/Vivado Projects/lab5_provided_fa24/pin_assignment/top.xdc}}
export_ip_user_files -of_objects  [get_files {{C:/Users/curti/OneDrive/Documents/UIUC/ECE-385/Vivado Projects/lab5_provided_fa24/srcs/types.sv}}] -no_script -reset -force -quiet
remove_files  {{C:/Users/curti/OneDrive/Documents/UIUC/ECE-385/Vivado Projects/lab5_provided_fa24/srcs/types.sv}}
export_ip_user_files -of_objects  [get_files {{C:/Users/curti/OneDrive/Documents/UIUC/ECE-385/Vivado Projects/lab5_provided_fa24/srcs/memory.sv}}] -no_script -reset -force -quiet
remove_files  {{C:/Users/curti/OneDrive/Documents/UIUC/ECE-385/Vivado Projects/lab5_provided_fa24/srcs/memory.sv}}
export_ip_user_files -of_objects  [get_files {{C:/Users/curti/OneDrive/Documents/UIUC/ECE-385/Vivado Projects/lab5_provided_fa24/srcs/hex_driver.sv}}] -no_script -reset -force -quiet
remove_files  {{C:/Users/curti/OneDrive/Documents/UIUC/ECE-385/Vivado Projects/lab5_provided_fa24/srcs/hex_driver.sv}}
remove_files  {{C:/Users/curti/OneDrive/Documents/UIUC/ECE-385/Vivado Projects/lab5_provided_fa24/srcs/hex_driver.sv}}
WARNING: [Vivado 12-818] No files matched 'C:/Users/curti/OneDrive/Documents/UIUC/ECE-385/Vivado Projects/lab5_provided_fa24/srcs/hex_driver.sv'
export_ip_user_files -of_objects  [get_files {{C:/Users/curti/OneDrive/Documents/UIUC/ECE-385/Vivado Projects/lab5_provided_fa24/srcs/instantiate_ram.sv}}] -no_script -reset -force -quiet
remove_files  {{C:/Users/curti/OneDrive/Documents/UIUC/ECE-385/Vivado Projects/lab5_provided_fa24/srcs/instantiate_ram.sv}}
export_ip_user_files -of_objects  [get_files {{C:/Users/curti/OneDrive/Documents/UIUC/ECE-385/Vivado Projects/lab5_provided_fa24/srcs/load_reg.sv}}] -no_script -reset -force -quiet
remove_files  {{C:/Users/curti/OneDrive/Documents/UIUC/ECE-385/Vivado Projects/lab5_provided_fa24/srcs/load_reg.sv}}
export_ip_user_files -of_objects  [get_files {{C:/Users/curti/OneDrive/Documents/UIUC/ECE-385/Vivado Projects/lab5_provided_fa24/srcs/slc3.sv}}] -no_script -reset -force -quiet
remove_files  {{C:/Users/curti/OneDrive/Documents/UIUC/ECE-385/Vivado Projects/lab5_provided_fa24/srcs/slc3.sv}}
export_ip_user_files -of_objects  [get_files {{C:/Users/curti/OneDrive/Documents/UIUC/ECE-385/Vivado Projects/lab5_provided_fa24/srcs/sync.sv}}] -no_script -reset -force -quiet
remove_files  {{C:/Users/curti/OneDrive/Documents/UIUC/ECE-385/Vivado Projects/lab5_provided_fa24/srcs/sync.sv}}
export_ip_user_files -of_objects  [get_files {{C:/Users/curti/OneDrive/Documents/UIUC/ECE-385/Vivado Projects/lab5_provided_fa24/srcs/test_memory.sv}}] -no_script -reset -force -quiet
remove_files  {{C:/Users/curti/OneDrive/Documents/UIUC/ECE-385/Vivado Projects/lab5_provided_fa24/srcs/test_memory.sv}}
export_ip_user_files -of_objects  [get_files {{C:/Users/curti/OneDrive/Documents/UIUC/ECE-385/Vivado Projects/lab5_provided_fa24/srcs/processor_top.sv}}] -no_script -reset -force -quiet
remove_files  {{C:/Users/curti/OneDrive/Documents/UIUC/ECE-385/Vivado Projects/lab5_provided_fa24/srcs/processor_top.sv}}
launch_simulation
Command: launch_simulation 
INFO: [Vivado 12-12493] Simulation top is 'testbench'
WARNING: [Vivado 12-13340] Unable to auto find GCC executables from simulator install path! (path not set)
WARNING: [Vivado 12-13277] Compiled library path does not exist: ''
INFO: [Vivado 12-5698] Checking validity of IPs in the design for the 'XSim' simulator...
INFO: [Vivado 12-5682] Launching behavioral simulation in 'C:/Users/curti/OneDrive/Documents/UIUC/ECE-385/Vivado Projects/lab_5/lab_5.sim/sim_1/behav/xsim'
INFO: [Vivado 12-13660] Precompiled IP simulation library mode is enabled (default). The design IP libraries will be referenced from the compiled library path. Please note that if the precompiled version of the library is not found from the path or the IP is in locked state, then the library source files for these IPs will be compiled locally as part of the compile order.
INFO: [Vivado 12-4795] Using compiled simulation libraries for IPs
INFO: [SIM-utils-51] Simulation object is 'sim_1'
INFO: [SIM-utils-72] Using boost library from 'C:/Xilinx/Vivado/2022.2/tps/boost_1_72_0'
INFO: [USF-XSim-7] Finding pre-compiled libraries...
INFO: [USF-XSim-11] File 'C:/Xilinx/Vivado/2022.2/data/xsim/xsim.ini' copied to run dir:'C:/Users/curti/OneDrive/Documents/UIUC/ECE-385/Vivado Projects/lab_5/lab_5.sim/sim_1/behav/xsim'
INFO: [SIM-utils-54] Inspecting design source files for 'testbench' in fileset 'sim_1'...
INFO: [USF-XSim-97] Finding global include files...
INFO: [USF-XSim-100] Fetching design files from 'sources_1'...(this may take a while)...
INFO: [USF-XSim-101] Fetching design files from 'sim_1'...
INFO: [USF-XSim-2] XSim::Compile design
INFO: [USF-XSim-61] Executing 'COMPILE and ANALYZE' step in 'C:/Users/curti/OneDrive/Documents/UIUC/ECE-385/Vivado Projects/lab_5/lab_5.sim/sim_1/behav/xsim'
"xvlog --incr --relax -L uvm -prj testbench_vlog.prj"
INFO: [VRFC 10-2263] Analyzing SystemVerilog file "C:/Users/curti/OneDrive/Documents/UIUC/ECE-385/Vivado Projects/lab_5/lab5_provided_fa24/srcs/control.sv" into library xil_defaultlib
INFO: [VRFC 10-311] analyzing module control
INFO: [VRFC 10-2263] Analyzing SystemVerilog file "C:/Users/curti/OneDrive/Documents/UIUC/ECE-385/Vivado Projects/lab_5/lab5_provided_fa24/srcs/cpu.sv" into library xil_defaultlib
INFO: [VRFC 10-311] analyzing module cpu
INFO: [VRFC 10-2263] Analyzing SystemVerilog file "C:/Users/curti/OneDrive/Documents/UIUC/ECE-385/Vivado Projects/lab_5/lab5_provided_fa24/srcs/test_memory.sv" into library xil_defaultlib
INFO: [VRFC 10-311] analyzing module test_memory
INFO: [VRFC 10-2263] Analyzing SystemVerilog file "C:/Users/curti/OneDrive/Documents/UIUC/ECE-385/Vivado Projects/lab_5/lab5_provided_fa24/srcs/types.sv" into library xil_defaultlib
INFO: [VRFC 10-2263] Analyzing SystemVerilog file "C:/Users/curti/OneDrive/Documents/UIUC/ECE-385/Vivado Projects/lab_5/lab5_provided_fa24/srcs/cpu_to_io.sv" into library xil_defaultlib
INFO: [VRFC 10-311] analyzing module cpu_to_io
INFO: [VRFC 10-2263] Analyzing SystemVerilog file "C:/Users/curti/OneDrive/Documents/UIUC/ECE-385/Vivado Projects/lab_5/lab5_provided_fa24/srcs/slc3.sv" into library xil_defaultlib
INFO: [VRFC 10-311] analyzing module slc3
INFO: [VRFC 10-2263] Analyzing SystemVerilog file "C:/Users/curti/OneDrive/Documents/UIUC/ECE-385/Vivado Projects/lab_5/lab5_provided_fa24/srcs/memory.sv" into library xil_defaultlib
INFO: [VRFC 10-311] analyzing module memory
INFO: [VRFC 10-2263] Analyzing SystemVerilog file "C:/Users/curti/OneDrive/Documents/UIUC/ECE-385/Vivado Projects/lab_5/lab5_provided_fa24/srcs/sync.sv" into library xil_defaultlib
INFO: [VRFC 10-311] analyzing module sync_debounce
INFO: [VRFC 10-311] analyzing module sync_flop
INFO: [VRFC 10-2263] Analyzing SystemVerilog file "C:/Users/curti/OneDrive/Documents/UIUC/ECE-385/Vivado Projects/lab_5/lab5_provided_fa24/srcs/processor_top.sv" into library xil_defaultlib
INFO: [VRFC 10-311] analyzing module processor_top
INFO: [VRFC 10-2263] Analyzing SystemVerilog file "C:/Users/curti/OneDrive/Documents/UIUC/ECE-385/Vivado Projects/lab_5/lab5_provided_fa24/srcs/hex_driver.sv" into library xil_defaultlib
INFO: [VRFC 10-311] analyzing module hex_driver
INFO: [VRFC 10-311] analyzing module nibble_to_hex
INFO: [VRFC 10-2263] Analyzing SystemVerilog file "C:/Users/curti/OneDrive/Documents/UIUC/ECE-385/Vivado Projects/lab_5/lab5_provided_fa24/srcs/instantiate_ram.sv" into library xil_defaultlib
INFO: [VRFC 10-311] analyzing module instantiate_ram
INFO: [VRFC 10-2263] Analyzing SystemVerilog file "C:/Users/curti/OneDrive/Documents/UIUC/ECE-385/Vivado Projects/lab_5/lab5_provided_fa24/srcs/load_reg.sv" into library xil_defaultlib
INFO: [VRFC 10-311] analyzing module load_reg
INFO: [USF-XSim-69] 'compile' step finished in '3' seconds
INFO: [USF-XSim-3] XSim::Elaborate design
INFO: [USF-XSim-61] Executing 'ELABORATE' step in 'C:/Users/curti/OneDrive/Documents/UIUC/ECE-385/Vivado Projects/lab_5/lab_5.sim/sim_1/behav/xsim'
"xelab --incr --debug typical --relax --mt 2 -L xil_defaultlib -L blk_mem_gen_v8_4_5 -L uvm -L unisims_ver -L unimacro_ver -L secureip -L xpm --snapshot testbench_behav xil_defaultlib.testbench xil_defaultlib.glbl -log elaborate.log"
Vivado Simulator v2022.2
Copyright 1986-1999, 2001-2022 Xilinx, Inc. All Rights Reserved.
Running: C:/Xilinx/Vivado/2022.2/bin/unwrapped/win64.o/xelab.exe --incr --debug typical --relax --mt 2 -L xil_defaultlib -L blk_mem_gen_v8_4_5 -L uvm -L unisims_ver -L unimacro_ver -L secureip -L xpm --snapshot testbench_behav xil_defaultlib.testbench xil_defaultlib.glbl -log elaborate.log 
Using 2 slave threads.
Starting static elaboration
Pass Through NonSizing Optimizer
Completed static elaboration
Starting simulation data flow analysis
WARNING: [XSIM 43-4100] "C:/Users/curti/OneDrive/Documents/UIUC/ECE-385/Vivado Projects/lab_5/lab_5.srcs/sim_1/new/testbench.sv" Line 1. Module testbench has a timescale but at least one module in design doesn't have timescale.
WARNING: [XSIM 43-4100] "C:/Users/curti/OneDrive/Documents/UIUC/ECE-385/Vivado Projects/lab_5/lab_5.srcs/sim_1/new/testbench.sv" Line 1. Module testbench has a timescale but at least one module in design doesn't have timescale.
WARNING: [XSIM 43-4100] "C:/Users/curti/OneDrive/Documents/UIUC/ECE-385/Vivado Projects/lab_5/lab_5.sim/sim_1/behav/xsim/glbl.v" Line 6. Module glbl has a timescale but at least one module in design doesn't have timescale.
WARNING: [XSIM 43-4100] "C:/Users/curti/OneDrive/Documents/UIUC/ECE-385/Vivado Projects/lab_5/lab_5.sim/sim_1/behav/xsim/glbl.v" Line 6. Module glbl has a timescale but at least one module in design doesn't have timescale.
Completed simulation data flow analysis
Time Resolution for simulation is 1ps
Compiling package xil_defaultlib.$unit_control_sv_3391659018
Compiling package xil_defaultlib.SLC3_TYPES
Compiling module xil_defaultlib.sync_debounce
Compiling module xil_defaultlib.sync_flop
Compiling module xil_defaultlib.control
Compiling module xil_defaultlib.load_reg(DATA_WIDTH=16)
Compiling module xil_defaultlib.cpu
Compiling module xil_defaultlib.nibble_to_hex
Compiling module xil_defaultlib.hex_driver_default
Compiling module xil_defaultlib.cpu_to_io
Compiling module xil_defaultlib.slc3
Compiling module xil_defaultlib.test_memory
Compiling module xil_defaultlib.memory
Compiling module xil_defaultlib.processor_top_default
Compiling module xil_defaultlib.testbench
Compiling module xil_defaultlib.glbl
Built simulation snapshot testbench_behav
INFO: [USF-XSim-69] 'elaborate' step finished in '4' seconds
INFO: [USF-XSim-4] XSim::Simulate design
INFO: [USF-XSim-61] Executing 'SIMULATE' step in 'C:/Users/curti/OneDrive/Documents/UIUC/ECE-385/Vivado Projects/lab_5/lab_5.sim/sim_1/behav/xsim'
INFO: [USF-XSim-98] *** Running xsim
   with args "testbench_behav -key {Behavioral:sim_1:Functional:testbench} -tclbatch {testbench.tcl} -view {{C:/Users/curti/OneDrive/Documents/UIUC/ECE-385/Vivado Projects/lab_5/testbench_behav.wcfg}} -log {simulate.log}"
INFO: [USF-XSim-8] Loading simulator feature
Time resolution is 1 ps
open_wave_config {C:/Users/curti/OneDrive/Documents/UIUC/ECE-385/Vivado Projects/lab_5/testbench_behav.wcfg}
source testbench.tcl
# set curr_wave [current_wave_config]
# if { [string length $curr_wave] == 0 } {
#   if { [llength [get_objects]] > 0} {
#     add_wave /
#     set_property needs_save false [current_wave_config]
#   } else {
#      send_msg_id Add_Wave-1 WARNING "No top level signals found. Simulator will start without a wave window. If you want to open a wave window go to 'File->New Waveform Configuration' or type 'create_wave_config' in the TCL console."
#   }
# }
# run 5000ns
$finish called at time : 3300 ns : File "C:/Users/curti/OneDrive/Documents/UIUC/ECE-385/Vivado Projects/lab_5/lab_5.srcs/sim_1/new/testbench.sv" Line 91
INFO: [USF-XSim-96] XSim completed. Design snapshot 'testbench_behav' loaded.
INFO: [USF-XSim-97] XSim simulation ran for 5000ns
launch_simulation: Time (s): cpu = 00:00:04 ; elapsed = 00:00:13 . Memory (MB): peak = 1211.246 ; gain = 31.289
save_wave_config {C:/Users/curti/OneDrive/Documents/UIUC/ECE-385/Vivado Projects/lab_5/testbench_behav.wcfg}
close_sim
INFO: [Simtcl 6-16] Simulation closed
launch_simulation
Command: launch_simulation 
INFO: [Vivado 12-12493] Simulation top is 'testbench'
WARNING: [Vivado 12-13340] Unable to auto find GCC executables from simulator install path! (path not set)
WARNING: [Vivado 12-13277] Compiled library path does not exist: ''
INFO: [Vivado 12-5698] Checking validity of IPs in the design for the 'XSim' simulator...
INFO: [Vivado 12-5682] Launching behavioral simulation in 'C:/Users/curti/OneDrive/Documents/UIUC/ECE-385/Vivado Projects/lab_5/lab_5.sim/sim_1/behav/xsim'
INFO: [Vivado 12-13660] Precompiled IP simulation library mode is enabled (default). The design IP libraries will be referenced from the compiled library path. Please note that if the precompiled version of the library is not found from the path or the IP is in locked state, then the library source files for these IPs will be compiled locally as part of the compile order.
INFO: [Vivado 12-4795] Using compiled simulation libraries for IPs
INFO: [SIM-utils-51] Simulation object is 'sim_1'
INFO: [SIM-utils-72] Using boost library from 'C:/Xilinx/Vivado/2022.2/tps/boost_1_72_0'
INFO: [USF-XSim-7] Finding pre-compiled libraries...
INFO: [USF-XSim-11] File 'C:/Xilinx/Vivado/2022.2/data/xsim/xsim.ini' copied to run dir:'C:/Users/curti/OneDrive/Documents/UIUC/ECE-385/Vivado Projects/lab_5/lab_5.sim/sim_1/behav/xsim'
INFO: [SIM-utils-54] Inspecting design source files for 'testbench' in fileset 'sim_1'...
INFO: [USF-XSim-97] Finding global include files...
INFO: [USF-XSim-100] Fetching design files from 'sources_1'...(this may take a while)...
INFO: [USF-XSim-101] Fetching design files from 'sim_1'...
INFO: [USF-XSim-2] XSim::Compile design
INFO: [USF-XSim-61] Executing 'COMPILE and ANALYZE' step in 'C:/Users/curti/OneDrive/Documents/UIUC/ECE-385/Vivado Projects/lab_5/lab_5.sim/sim_1/behav/xsim'
"xvlog --incr --relax -L uvm -prj testbench_vlog.prj"
INFO: [USF-XSim-69] 'compile' step finished in '2' seconds
INFO: [USF-XSim-3] XSim::Elaborate design
INFO: [USF-XSim-61] Executing 'ELABORATE' step in 'C:/Users/curti/OneDrive/Documents/UIUC/ECE-385/Vivado Projects/lab_5/lab_5.sim/sim_1/behav/xsim'
"xelab --incr --debug typical --relax --mt 2 -L xil_defaultlib -L blk_mem_gen_v8_4_5 -L uvm -L unisims_ver -L unimacro_ver -L secureip -L xpm --snapshot testbench_behav xil_defaultlib.testbench xil_defaultlib.glbl -log elaborate.log"
Vivado Simulator v2022.2
Copyright 1986-1999, 2001-2022 Xilinx, Inc. All Rights Reserved.
Running: C:/Xilinx/Vivado/2022.2/bin/unwrapped/win64.o/xelab.exe --incr --debug typical --relax --mt 2 -L xil_defaultlib -L blk_mem_gen_v8_4_5 -L uvm -L unisims_ver -L unimacro_ver -L secureip -L xpm --snapshot testbench_behav xil_defaultlib.testbench xil_defaultlib.glbl -log elaborate.log 
Using 2 slave threads.
Starting static elaboration
Pass Through NonSizing Optimizer
Completed static elaboration
INFO: [XSIM 43-4323] No Change in HDL. Linking previously generated obj files to create kernel
INFO: [USF-XSim-69] 'elaborate' step finished in '3' seconds
INFO: [USF-XSim-4] XSim::Simulate design
INFO: [USF-XSim-61] Executing 'SIMULATE' step in 'C:/Users/curti/OneDrive/Documents/UIUC/ECE-385/Vivado Projects/lab_5/lab_5.sim/sim_1/behav/xsim'
INFO: [USF-XSim-98] *** Running xsim
   with args "testbench_behav -key {Behavioral:sim_1:Functional:testbench} -tclbatch {testbench.tcl} -view {{C:/Users/curti/OneDrive/Documents/UIUC/ECE-385/Vivado Projects/lab_5/testbench_behav.wcfg}} -log {simulate.log}"
INFO: [USF-XSim-8] Loading simulator feature
Time resolution is 1 ps
open_wave_config {C:/Users/curti/OneDrive/Documents/UIUC/ECE-385/Vivado Projects/lab_5/testbench_behav.wcfg}
source testbench.tcl
# set curr_wave [current_wave_config]
# if { [string length $curr_wave] == 0 } {
#   if { [llength [get_objects]] > 0} {
#     add_wave /
#     set_property needs_save false [current_wave_config]
#   } else {
#      send_msg_id Add_Wave-1 WARNING "No top level signals found. Simulator will start without a wave window. If you want to open a wave window go to 'File->New Waveform Configuration' or type 'create_wave_config' in the TCL console."
#   }
# }
# run 5000ns
$finish called at time : 3300 ns : File "C:/Users/curti/OneDrive/Documents/UIUC/ECE-385/Vivado Projects/lab_5/lab_5.srcs/sim_1/new/testbench.sv" Line 91
INFO: [USF-XSim-96] XSim completed. Design snapshot 'testbench_behav' loaded.
INFO: [USF-XSim-97] XSim simulation ran for 5000ns
launch_simulation: Time (s): cpu = 00:00:02 ; elapsed = 00:00:09 . Memory (MB): peak = 1219.875 ; gain = 5.508
save_wave_config {C:/Users/curti/OneDrive/Documents/UIUC/ECE-385/Vivado Projects/lab_5/testbench_behav.wcfg}
reset_run synth_1
INFO: [Project 1-1161] Replacing file C:/Users/curti/OneDrive/Documents/UIUC/ECE-385/Vivado Projects/lab_5/lab_5.srcs/utils_1/imports/synth_1/processor_top.dcp with file C:/Users/curti/OneDrive/Documents/UIUC/ECE-385/Vivado Projects/lab_5/lab_5.runs/synth_1/processor_top.dcp
WARNING: [Vivado 12-1017] Problems encountered:
1. Failed to delete one or more files in run directory C:/Users/curti/OneDrive/Documents/UIUC/ECE-385/Vivado Projects/lab_5/lab_5.runs/synth_1

launch_runs impl_1 -to_step write_bitstream -jobs 10
INFO: [Vivado 12-4149] The synthesis checkpoint for IP 'C:/Users/curti/OneDrive/Documents/UIUC/ECE-385/Vivado Projects/lab_5/lab_5.srcs/sources_1/ip/blk_mem_gen_0_2/blk_mem_gen_0.xci' is already up-to-date
INFO: [Vivado 12-4149] The synthesis checkpoint for IP 'C:/Users/curti/OneDrive/Documents/UIUC/ECE-385/Vivado Projects/lab_5/lab_5.srcs/sources_1/ip/blk_mem_gen_1_1/blk_mem_gen_1.xci' is already up-to-date
[Thu Oct  3 18:43:48 2024] Launched synth_1...
Run output will be captured here: C:/Users/curti/OneDrive/Documents/UIUC/ECE-385/Vivado Projects/lab_5/lab_5.runs/synth_1/runme.log
[Thu Oct  3 18:43:48 2024] Launched impl_1...
Run output will be captured here: C:/Users/curti/OneDrive/Documents/UIUC/ECE-385/Vivado Projects/lab_5/lab_5.runs/impl_1/runme.log
open_hw_manager
connect_hw_server -allow_non_jtag
INFO: [Labtools 27-2285] Connecting to hw_server url TCP:localhost:3121
INFO: [Labtools 27-2222] Launching hw_server...
INFO: [Labtools 27-2221] Launch Output:

****** Xilinx hw_server v2022.2
  **** Build date : Oct 14 2022 at 05:18:10
    ** Copyright 1986-2022 Xilinx, Inc. All Rights Reserved.


INFO: [Labtools 27-3415] Connecting to cs_server url TCP:localhost:0
INFO: [Labtools 27-3417] Launching cs_server...
INFO: [Labtools 27-2221] Launch Output:


******** Xilinx cs_server v2022.2.0
  ****** Build date   : Oct 04 2022-18:25:37
    **** Build number : 2022.2.1664925937
      ** Copyright 2017-2024 Xilinx, Inc. All Rights Reserved.



connect_hw_server: Time (s): cpu = 00:00:01 ; elapsed = 00:00:07 . Memory (MB): peak = 1230.629 ; gain = 0.000
open_hw_target
INFO: [Labtoolstcl 44-466] Opening hw_target localhost:3121/xilinx_tcf/Xilinx/887100000005A
open_hw_target: Time (s): cpu = 00:00:05 ; elapsed = 00:00:08 . Memory (MB): peak = 3393.164 ; gain = 2162.535
set_property PROGRAM.FILE {C:/Users/curti/OneDrive/Documents/UIUC/ECE-385/Vivado Projects/lab_5/lab_5.runs/impl_1/processor_top.bit} [get_hw_devices xc7s50_0]
current_hw_device [get_hw_devices xc7s50_0]
refresh_hw_device -update_hw_probes false [lindex [get_hw_devices xc7s50_0] 0]
INFO: [Labtools 27-1434] Device xc7s50 (JTAG device index = 0) is programmed with a design that has no supported debug core(s) in it.
set_property PROBES.FILE {} [get_hw_devices xc7s50_0]
set_property FULL_PROBES.FILE {} [get_hw_devices xc7s50_0]
set_property PROGRAM.FILE {C:/Users/curti/OneDrive/Documents/UIUC/ECE-385/Vivado Projects/lab_5/lab_5.runs/impl_1/processor_top.bit} [get_hw_devices xc7s50_0]
program_hw_devices [get_hw_devices xc7s50_0]
INFO: [Labtools 27-3164] End of startup status: HIGH
refresh_hw_device [lindex [get_hw_devices xc7s50_0] 0]
INFO: [Labtools 27-1434] Device xc7s50 (JTAG device index = 0) is programmed with a design that has no supported debug core(s) in it.
ERROR: [Labtoolstcl 44-513] HW Target shutdown. Closing target: localhost:3121/xilinx_tcf/Xilinx/887100000005A
close_sim
INFO: [Simtcl 6-16] Simulation closed
exit
INFO: [Common 17-206] Exiting Vivado at Thu Oct  3 18:48:58 2024...
