
*** Running vivado
    with args -log multiplier.vds -m64 -product Vivado -mode batch -messageDb vivado.pb -notrace -source multiplier.tcl



****** Vivado v2022.2 (64-bit)
  **** SW Build 3671981 on Fri Oct 14 05:00:03 MDT 2022
  **** IP Build 3669848 on Fri Oct 14 08:30:02 MDT 2022
    ** Copyright 1986-2022 Xilinx, Inc. All Rights Reserved.

source multiplier.tcl -notrace
Command: read_checkpoint -auto_incremental -incremental {C:/Users/curti/OneDrive/Documents/UIUC/ECE 385/Vivado Projects/lab4/lab4.srcs/utils_1/imports/synth_1/multiplier.dcp}
INFO: [Vivado 12-5825] Read reference checkpoint from C:/Users/curti/OneDrive/Documents/UIUC/ECE 385/Vivado Projects/lab4/lab4.srcs/utils_1/imports/synth_1/multiplier.dcp for incremental synthesis
INFO: [Vivado 12-7989] Please ensure there are no constraint changes
Command: synth_design -top multiplier -part xc7s50csga324-1
Starting synth_design
Attempting to get a license for feature 'Synthesis' and/or device 'xc7s50'
INFO: [Common 17-349] Got license for feature 'Synthesis' and/or device 'xc7s50'
INFO: [Device 21-403] Loading part xc7s50csga324-1
INFO: [Designutils 20-5440] No compile time benefit to using incremental synthesis; A full resynthesis will be run
INFO: [Designutils 20-4379] Flow is switching to default flow due to incremental criteria not met. If you would like to alter this behaviour and have the flow terminate instead, please set the following parameter config_implementation {autoIncr.Synth.RejectBehavior Terminate}
INFO: [Synth 8-7079] Multithreading enabled for synth_design using a maximum of 2 processes.
INFO: [Synth 8-7078] Launching helper process for spawning children vivado processes
INFO: [Synth 8-7075] Helper process launched with PID 40344
INFO: [Synth 8-11241] undeclared symbol 'REGCCE', assumed default net type 'wire' [C:/Xilinx/Vivado/2022.2/data/verilog/src/unimacro/BRAM_SINGLE_MACRO.v:2170]
WARNING: [Synth 8-11121] redeclaration of ANSI port 'q' is not allowed [C:/Users/curti/OneDrive/Documents/UIUC/ECE 385/Vivado Projects/lab4/lab4.srcs/sources_1/new/Synchronizers.sv:20]
---------------------------------------------------------------------------------
Starting RTL Elaboration : Time (s): cpu = 00:00:00 ; elapsed = 00:00:06 . Memory (MB): peak = 1179.367 ; gain = 409.207
---------------------------------------------------------------------------------
INFO: [Synth 8-6157] synthesizing module 'multiplier' [C:/Users/curti/OneDrive/Documents/UIUC/ECE 385/Vivado Projects/lab4/lab4.srcs/sources_1/new/multiplier.sv:23]
INFO: [Synth 8-6157] synthesizing module 'reg_9' [C:/Users/curti/OneDrive/Documents/UIUC/ECE 385/Vivado Projects/lab4/lab4.srcs/sources_1/new/Reg_9.sv:1]
INFO: [Synth 8-6155] done synthesizing module 'reg_9' (0#1) [C:/Users/curti/OneDrive/Documents/UIUC/ECE 385/Vivado Projects/lab4/lab4.srcs/sources_1/new/Reg_9.sv:1]
INFO: [Synth 8-6157] synthesizing module 'reg_8' [C:/Users/curti/OneDrive/Documents/UIUC/ECE 385/Vivado Projects/lab4/lab4.srcs/sources_1/new/Reg_8.sv:1]
INFO: [Synth 8-6155] done synthesizing module 'reg_8' (0#1) [C:/Users/curti/OneDrive/Documents/UIUC/ECE 385/Vivado Projects/lab4/lab4.srcs/sources_1/new/Reg_8.sv:1]
INFO: [Synth 8-6157] synthesizing module 'hex_driver' [C:/Users/curti/OneDrive/Documents/UIUC/ECE 385/Vivado Projects/lab4/lab4.srcs/sources_1/new/hex_driver.sv:1]
INFO: [Synth 8-6157] synthesizing module 'nibble_to_hex' [C:/Users/curti/OneDrive/Documents/UIUC/ECE 385/Vivado Projects/lab4/lab4.srcs/sources_1/new/hex_driver.sv:11]
INFO: [Synth 8-6155] done synthesizing module 'nibble_to_hex' (0#1) [C:/Users/curti/OneDrive/Documents/UIUC/ECE 385/Vivado Projects/lab4/lab4.srcs/sources_1/new/hex_driver.sv:11]
INFO: [Synth 8-6157] synthesizing module 'nibble_to_hex' [C:/Users/curti/OneDrive/Documents/UIUC/ECE 385/Vivado Projects/lab4/lab4.srcs/sources_1/new/hex_driver.sv:11]
INFO: [Synth 8-6155] done synthesizing module 'nibble_to_hex' (0#1) [C:/Users/curti/OneDrive/Documents/UIUC/ECE 385/Vivado Projects/lab4/lab4.srcs/sources_1/new/hex_driver.sv:11]
INFO: [Synth 8-6157] synthesizing module 'nibble_to_hex' [C:/Users/curti/OneDrive/Documents/UIUC/ECE 385/Vivado Projects/lab4/lab4.srcs/sources_1/new/hex_driver.sv:11]
INFO: [Synth 8-6155] done synthesizing module 'nibble_to_hex' (0#1) [C:/Users/curti/OneDrive/Documents/UIUC/ECE 385/Vivado Projects/lab4/lab4.srcs/sources_1/new/hex_driver.sv:11]
INFO: [Synth 8-6157] synthesizing module 'nibble_to_hex' [C:/Users/curti/OneDrive/Documents/UIUC/ECE 385/Vivado Projects/lab4/lab4.srcs/sources_1/new/hex_driver.sv:11]
INFO: [Synth 8-6155] done synthesizing module 'nibble_to_hex' (0#1) [C:/Users/curti/OneDrive/Documents/UIUC/ECE 385/Vivado Projects/lab4/lab4.srcs/sources_1/new/hex_driver.sv:11]
INFO: [Synth 8-6155] done synthesizing module 'hex_driver' (0#1) [C:/Users/curti/OneDrive/Documents/UIUC/ECE 385/Vivado Projects/lab4/lab4.srcs/sources_1/new/hex_driver.sv:1]
INFO: [Synth 8-6157] synthesizing module 'ripple_adder' [C:/Users/curti/OneDrive/Documents/UIUC/ECE 385/Vivado Projects/lab3/lab3.srcs/sources_1/imports/design_source/ripple_adder.sv:1]
INFO: [Synth 8-6157] synthesizing module 'full_adder' [C:/Users/curti/OneDrive/Documents/UIUC/ECE 385/Vivado Projects/lab4/lab4.srcs/sources_1/new/multiplier.sv:144]
INFO: [Synth 8-6155] done synthesizing module 'full_adder' (0#1) [C:/Users/curti/OneDrive/Documents/UIUC/ECE 385/Vivado Projects/lab4/lab4.srcs/sources_1/new/multiplier.sv:144]
INFO: [Synth 8-6155] done synthesizing module 'ripple_adder' (0#1) [C:/Users/curti/OneDrive/Documents/UIUC/ECE 385/Vivado Projects/lab3/lab3.srcs/sources_1/imports/design_source/ripple_adder.sv:1]
INFO: [Synth 8-6157] synthesizing module 'control_unit' [C:/Users/curti/OneDrive/Documents/UIUC/ECE 385/Vivado Projects/lab4/lab4.srcs/sources_1/new/control_unit.sv:22]
INFO: [Synth 8-294] found qualifier unique on case statement: implementing as parallel_case [C:/Users/curti/OneDrive/Documents/UIUC/ECE 385/Vivado Projects/lab4/lab4.srcs/sources_1/new/control_unit.sv:58]
WARNING: [Synth 8-6090] variable 'next_state' is written by both blocking and non-blocking assignments, entire logic could be removed [C:/Users/curti/OneDrive/Documents/UIUC/ECE 385/Vivado Projects/lab4/lab4.srcs/sources_1/new/control_unit.sv:62]
WARNING: [Synth 8-6090] variable 'next_state' is written by both blocking and non-blocking assignments, entire logic could be removed [C:/Users/curti/OneDrive/Documents/UIUC/ECE 385/Vivado Projects/lab4/lab4.srcs/sources_1/new/control_unit.sv:64]
WARNING: [Synth 8-6090] variable 'next_state' is written by both blocking and non-blocking assignments, entire logic could be removed [C:/Users/curti/OneDrive/Documents/UIUC/ECE 385/Vivado Projects/lab4/lab4.srcs/sources_1/new/control_unit.sv:70]
WARNING: [Synth 8-6090] variable 'next_state' is written by both blocking and non-blocking assignments, entire logic could be removed [C:/Users/curti/OneDrive/Documents/UIUC/ECE 385/Vivado Projects/lab4/lab4.srcs/sources_1/new/control_unit.sv:72]
WARNING: [Synth 8-6090] variable 'next_state' is written by both blocking and non-blocking assignments, entire logic could be removed [C:/Users/curti/OneDrive/Documents/UIUC/ECE 385/Vivado Projects/lab4/lab4.srcs/sources_1/new/control_unit.sv:78]
WARNING: [Synth 8-6090] variable 'next_state' is written by both blocking and non-blocking assignments, entire logic could be removed [C:/Users/curti/OneDrive/Documents/UIUC/ECE 385/Vivado Projects/lab4/lab4.srcs/sources_1/new/control_unit.sv:80]
WARNING: [Synth 8-6090] variable 'next_state' is written by both blocking and non-blocking assignments, entire logic could be removed [C:/Users/curti/OneDrive/Documents/UIUC/ECE 385/Vivado Projects/lab4/lab4.srcs/sources_1/new/control_unit.sv:86]
WARNING: [Synth 8-6090] variable 'next_state' is written by both blocking and non-blocking assignments, entire logic could be removed [C:/Users/curti/OneDrive/Documents/UIUC/ECE 385/Vivado Projects/lab4/lab4.srcs/sources_1/new/control_unit.sv:88]
WARNING: [Synth 8-6090] variable 'next_state' is written by both blocking and non-blocking assignments, entire logic could be removed [C:/Users/curti/OneDrive/Documents/UIUC/ECE 385/Vivado Projects/lab4/lab4.srcs/sources_1/new/control_unit.sv:94]
WARNING: [Synth 8-6090] variable 'next_state' is written by both blocking and non-blocking assignments, entire logic could be removed [C:/Users/curti/OneDrive/Documents/UIUC/ECE 385/Vivado Projects/lab4/lab4.srcs/sources_1/new/control_unit.sv:96]
WARNING: [Synth 8-6090] variable 'next_state' is written by both blocking and non-blocking assignments, entire logic could be removed [C:/Users/curti/OneDrive/Documents/UIUC/ECE 385/Vivado Projects/lab4/lab4.srcs/sources_1/new/control_unit.sv:102]
WARNING: [Synth 8-6090] variable 'next_state' is written by both blocking and non-blocking assignments, entire logic could be removed [C:/Users/curti/OneDrive/Documents/UIUC/ECE 385/Vivado Projects/lab4/lab4.srcs/sources_1/new/control_unit.sv:104]
WARNING: [Synth 8-6090] variable 'next_state' is written by both blocking and non-blocking assignments, entire logic could be removed [C:/Users/curti/OneDrive/Documents/UIUC/ECE 385/Vivado Projects/lab4/lab4.srcs/sources_1/new/control_unit.sv:110]
WARNING: [Synth 8-6090] variable 'next_state' is written by both blocking and non-blocking assignments, entire logic could be removed [C:/Users/curti/OneDrive/Documents/UIUC/ECE 385/Vivado Projects/lab4/lab4.srcs/sources_1/new/control_unit.sv:112]
WARNING: [Synth 8-6090] variable 'next_state' is written by both blocking and non-blocking assignments, entire logic could be removed [C:/Users/curti/OneDrive/Documents/UIUC/ECE 385/Vivado Projects/lab4/lab4.srcs/sources_1/new/control_unit.sv:118]
WARNING: [Synth 8-6090] variable 'next_state' is written by both blocking and non-blocking assignments, entire logic could be removed [C:/Users/curti/OneDrive/Documents/UIUC/ECE 385/Vivado Projects/lab4/lab4.srcs/sources_1/new/control_unit.sv:120]
WARNING: [Synth 8-6090] variable 'next_state' is written by both blocking and non-blocking assignments, entire logic could be removed [C:/Users/curti/OneDrive/Documents/UIUC/ECE 385/Vivado Projects/lab4/lab4.srcs/sources_1/new/control_unit.sv:123]
WARNING: [Synth 8-6090] variable 'next_state' is written by both blocking and non-blocking assignments, entire logic could be removed [C:/Users/curti/OneDrive/Documents/UIUC/ECE 385/Vivado Projects/lab4/lab4.srcs/sources_1/new/control_unit.sv:126]
INFO: [Synth 8-155] case statement is not full and has no default [C:/Users/curti/OneDrive/Documents/UIUC/ECE 385/Vivado Projects/lab4/lab4.srcs/sources_1/new/control_unit.sv:129]
INFO: [Synth 8-6155] done synthesizing module 'control_unit' (0#1) [C:/Users/curti/OneDrive/Documents/UIUC/ECE 385/Vivado Projects/lab4/lab4.srcs/sources_1/new/control_unit.sv:22]
INFO: [Synth 8-6157] synthesizing module 'sync_debounce' [C:/Users/curti/OneDrive/Documents/UIUC/ECE 385/Vivado Projects/lab4/lab4.srcs/sources_1/new/Synchronizers.sv:13]
INFO: [Synth 8-6155] done synthesizing module 'sync_debounce' (0#1) [C:/Users/curti/OneDrive/Documents/UIUC/ECE 385/Vivado Projects/lab4/lab4.srcs/sources_1/new/Synchronizers.sv:13]
INFO: [Synth 8-6155] done synthesizing module 'multiplier' (0#1) [C:/Users/curti/OneDrive/Documents/UIUC/ECE 385/Vivado Projects/lab4/lab4.srcs/sources_1/new/multiplier.sv:23]
WARNING: [Synth 8-3848] Net Load_A_En in module/entity multiplier does not have driver. [C:/Users/curti/OneDrive/Documents/UIUC/ECE 385/Vivado Projects/lab4/lab4.srcs/sources_1/new/multiplier.sv:57]
WARNING: [Synth 8-7129] Port B[7] in module control_unit is either unconnected or has no load
WARNING: [Synth 8-7129] Port B[6] in module control_unit is either unconnected or has no load
WARNING: [Synth 8-7129] Port B[5] in module control_unit is either unconnected or has no load
WARNING: [Synth 8-7129] Port B[4] in module control_unit is either unconnected or has no load
WARNING: [Synth 8-7129] Port B[3] in module control_unit is either unconnected or has no load
WARNING: [Synth 8-7129] Port B[2] in module control_unit is either unconnected or has no load
WARNING: [Synth 8-7129] Port B[1] in module control_unit is either unconnected or has no load
---------------------------------------------------------------------------------
Finished RTL Elaboration : Time (s): cpu = 00:00:01 ; elapsed = 00:00:09 . Memory (MB): peak = 1270.297 ; gain = 500.137
---------------------------------------------------------------------------------
---------------------------------------------------------------------------------
Start Handling Custom Attributes
---------------------------------------------------------------------------------
---------------------------------------------------------------------------------
Finished Handling Custom Attributes : Time (s): cpu = 00:00:01 ; elapsed = 00:00:09 . Memory (MB): peak = 1270.297 ; gain = 500.137
---------------------------------------------------------------------------------
---------------------------------------------------------------------------------
Finished RTL Optimization Phase 1 : Time (s): cpu = 00:00:01 ; elapsed = 00:00:09 . Memory (MB): peak = 1270.297 ; gain = 500.137
---------------------------------------------------------------------------------
Netlist sorting complete. Time (s): cpu = 00:00:00 ; elapsed = 00:00:00.006 . Memory (MB): peak = 1270.297 ; gain = 0.000
INFO: [Project 1-570] Preparing netlist for logic optimization

Processing XDC Constraints
Initializing timing engine
Parsing XDC File [C:/Users/curti/Downloads/lab3_provided_fa24-1/pin_assignment/top.xdc]
WARNING: [Vivado 12-584] No ports matched 'sw_i[15]'. [C:/Users/curti/Downloads/lab3_provided_fa24-1/pin_assignment/top.xdc:1]
CRITICAL WARNING: [Common 17-55] 'set_property' expects at least one object. [C:/Users/curti/Downloads/lab3_provided_fa24-1/pin_assignment/top.xdc:1]
Resolution: If [get_<value>] was used to populate the object, check to make sure this command returns at least one valid object.
WARNING: [Vivado 12-584] No ports matched 'sw_i[14]'. [C:/Users/curti/Downloads/lab3_provided_fa24-1/pin_assignment/top.xdc:2]
CRITICAL WARNING: [Common 17-55] 'set_property' expects at least one object. [C:/Users/curti/Downloads/lab3_provided_fa24-1/pin_assignment/top.xdc:2]
Resolution: If [get_<value>] was used to populate the object, check to make sure this command returns at least one valid object.
WARNING: [Vivado 12-584] No ports matched 'sw_i[13]'. [C:/Users/curti/Downloads/lab3_provided_fa24-1/pin_assignment/top.xdc:3]
CRITICAL WARNING: [Common 17-55] 'set_property' expects at least one object. [C:/Users/curti/Downloads/lab3_provided_fa24-1/pin_assignment/top.xdc:3]
Resolution: If [get_<value>] was used to populate the object, check to make sure this command returns at least one valid object.
WARNING: [Vivado 12-584] No ports matched 'sw_i[12]'. [C:/Users/curti/Downloads/lab3_provided_fa24-1/pin_assignment/top.xdc:4]
CRITICAL WARNING: [Common 17-55] 'set_property' expects at least one object. [C:/Users/curti/Downloads/lab3_provided_fa24-1/pin_assignment/top.xdc:4]
Resolution: If [get_<value>] was used to populate the object, check to make sure this command returns at least one valid object.
WARNING: [Vivado 12-584] No ports matched 'sw_i[11]'. [C:/Users/curti/Downloads/lab3_provided_fa24-1/pin_assignment/top.xdc:5]
CRITICAL WARNING: [Common 17-55] 'set_property' expects at least one object. [C:/Users/curti/Downloads/lab3_provided_fa24-1/pin_assignment/top.xdc:5]
Resolution: If [get_<value>] was used to populate the object, check to make sure this command returns at least one valid object.
WARNING: [Vivado 12-584] No ports matched 'sw_i[10]'. [C:/Users/curti/Downloads/lab3_provided_fa24-1/pin_assignment/top.xdc:6]
CRITICAL WARNING: [Common 17-55] 'set_property' expects at least one object. [C:/Users/curti/Downloads/lab3_provided_fa24-1/pin_assignment/top.xdc:6]
Resolution: If [get_<value>] was used to populate the object, check to make sure this command returns at least one valid object.
WARNING: [Vivado 12-584] No ports matched 'sw_i[9]'. [C:/Users/curti/Downloads/lab3_provided_fa24-1/pin_assignment/top.xdc:7]
CRITICAL WARNING: [Common 17-55] 'set_property' expects at least one object. [C:/Users/curti/Downloads/lab3_provided_fa24-1/pin_assignment/top.xdc:7]
Resolution: If [get_<value>] was used to populate the object, check to make sure this command returns at least one valid object.
WARNING: [Vivado 12-584] No ports matched 'sw_i[8]'. [C:/Users/curti/Downloads/lab3_provided_fa24-1/pin_assignment/top.xdc:8]
CRITICAL WARNING: [Common 17-55] 'set_property' expects at least one object. [C:/Users/curti/Downloads/lab3_provided_fa24-1/pin_assignment/top.xdc:8]
Resolution: If [get_<value>] was used to populate the object, check to make sure this command returns at least one valid object.
WARNING: [Vivado 12-584] No ports matched 'sw_i[7]'. [C:/Users/curti/Downloads/lab3_provided_fa24-1/pin_assignment/top.xdc:9]
CRITICAL WARNING: [Common 17-55] 'set_property' expects at least one object. [C:/Users/curti/Downloads/lab3_provided_fa24-1/pin_assignment/top.xdc:9]
Resolution: If [get_<value>] was used to populate the object, check to make sure this command returns at least one valid object.
WARNING: [Vivado 12-584] No ports matched 'sw_i[6]'. [C:/Users/curti/Downloads/lab3_provided_fa24-1/pin_assignment/top.xdc:10]
CRITICAL WARNING: [Common 17-55] 'set_property' expects at least one object. [C:/Users/curti/Downloads/lab3_provided_fa24-1/pin_assignment/top.xdc:10]
Resolution: If [get_<value>] was used to populate the object, check to make sure this command returns at least one valid object.
WARNING: [Vivado 12-584] No ports matched 'sw_i[5]'. [C:/Users/curti/Downloads/lab3_provided_fa24-1/pin_assignment/top.xdc:11]
CRITICAL WARNING: [Common 17-55] 'set_property' expects at least one object. [C:/Users/curti/Downloads/lab3_provided_fa24-1/pin_assignment/top.xdc:11]
Resolution: If [get_<value>] was used to populate the object, check to make sure this command returns at least one valid object.
WARNING: [Vivado 12-584] No ports matched 'sw_i[4]'. [C:/Users/curti/Downloads/lab3_provided_fa24-1/pin_assignment/top.xdc:12]
CRITICAL WARNING: [Common 17-55] 'set_property' expects at least one object. [C:/Users/curti/Downloads/lab3_provided_fa24-1/pin_assignment/top.xdc:12]
Resolution: If [get_<value>] was used to populate the object, check to make sure this command returns at least one valid object.
WARNING: [Vivado 12-584] No ports matched 'sw_i[3]'. [C:/Users/curti/Downloads/lab3_provided_fa24-1/pin_assignment/top.xdc:13]
CRITICAL WARNING: [Common 17-55] 'set_property' expects at least one object. [C:/Users/curti/Downloads/lab3_provided_fa24-1/pin_assignment/top.xdc:13]
Resolution: If [get_<value>] was used to populate the object, check to make sure this command returns at least one valid object.
WARNING: [Vivado 12-584] No ports matched 'sw_i[2]'. [C:/Users/curti/Downloads/lab3_provided_fa24-1/pin_assignment/top.xdc:14]
CRITICAL WARNING: [Common 17-55] 'set_property' expects at least one object. [C:/Users/curti/Downloads/lab3_provided_fa24-1/pin_assignment/top.xdc:14]
Resolution: If [get_<value>] was used to populate the object, check to make sure this command returns at least one valid object.
WARNING: [Vivado 12-584] No ports matched 'sw_i[1]'. [C:/Users/curti/Downloads/lab3_provided_fa24-1/pin_assignment/top.xdc:15]
CRITICAL WARNING: [Common 17-55] 'set_property' expects at least one object. [C:/Users/curti/Downloads/lab3_provided_fa24-1/pin_assignment/top.xdc:15]
Resolution: If [get_<value>] was used to populate the object, check to make sure this command returns at least one valid object.
WARNING: [Vivado 12-584] No ports matched 'sw_i[0]'. [C:/Users/curti/Downloads/lab3_provided_fa24-1/pin_assignment/top.xdc:16]
CRITICAL WARNING: [Common 17-55] 'set_property' expects at least one object. [C:/Users/curti/Downloads/lab3_provided_fa24-1/pin_assignment/top.xdc:16]
Resolution: If [get_<value>] was used to populate the object, check to make sure this command returns at least one valid object.
WARNING: [Vivado 12-584] No ports matched 'sw_i[0]'. [C:/Users/curti/Downloads/lab3_provided_fa24-1/pin_assignment/top.xdc:18]
CRITICAL WARNING: [Common 17-55] 'set_property' expects at least one object. [C:/Users/curti/Downloads/lab3_provided_fa24-1/pin_assignment/top.xdc:18]
Resolution: If [get_<value>] was used to populate the object, check to make sure this command returns at least one valid object.
WARNING: [Vivado 12-584] No ports matched 'sw_i[1]'. [C:/Users/curti/Downloads/lab3_provided_fa24-1/pin_assignment/top.xdc:19]
CRITICAL WARNING: [Common 17-55] 'set_property' expects at least one object. [C:/Users/curti/Downloads/lab3_provided_fa24-1/pin_assignment/top.xdc:19]
Resolution: If [get_<value>] was used to populate the object, check to make sure this command returns at least one valid object.
WARNING: [Vivado 12-584] No ports matched 'sw_i[2]'. [C:/Users/curti/Downloads/lab3_provided_fa24-1/pin_assignment/top.xdc:20]
CRITICAL WARNING: [Common 17-55] 'set_property' expects at least one object. [C:/Users/curti/Downloads/lab3_provided_fa24-1/pin_assignment/top.xdc:20]
Resolution: If [get_<value>] was used to populate the object, check to make sure this command returns at least one valid object.
WARNING: [Vivado 12-584] No ports matched 'sw_i[3]'. [C:/Users/curti/Downloads/lab3_provided_fa24-1/pin_assignment/top.xdc:21]
CRITICAL WARNING: [Common 17-55] 'set_property' expects at least one object. [C:/Users/curti/Downloads/lab3_provided_fa24-1/pin_assignment/top.xdc:21]
Resolution: If [get_<value>] was used to populate the object, check to make sure this command returns at least one valid object.
WARNING: [Vivado 12-584] No ports matched 'sw_i[4]'. [C:/Users/curti/Downloads/lab3_provided_fa24-1/pin_assignment/top.xdc:22]
CRITICAL WARNING: [Common 17-55] 'set_property' expects at least one object. [C:/Users/curti/Downloads/lab3_provided_fa24-1/pin_assignment/top.xdc:22]
Resolution: If [get_<value>] was used to populate the object, check to make sure this command returns at least one valid object.
WARNING: [Vivado 12-584] No ports matched 'sw_i[5]'. [C:/Users/curti/Downloads/lab3_provided_fa24-1/pin_assignment/top.xdc:23]
CRITICAL WARNING: [Common 17-55] 'set_property' expects at least one object. [C:/Users/curti/Downloads/lab3_provided_fa24-1/pin_assignment/top.xdc:23]
Resolution: If [get_<value>] was used to populate the object, check to make sure this command returns at least one valid object.
WARNING: [Vivado 12-584] No ports matched 'sw_i[6]'. [C:/Users/curti/Downloads/lab3_provided_fa24-1/pin_assignment/top.xdc:24]
CRITICAL WARNING: [Common 17-55] 'set_property' expects at least one object. [C:/Users/curti/Downloads/lab3_provided_fa24-1/pin_assignment/top.xdc:24]
Resolution: If [get_<value>] was used to populate the object, check to make sure this command returns at least one valid object.
WARNING: [Vivado 12-584] No ports matched 'sw_i[7]'. [C:/Users/curti/Downloads/lab3_provided_fa24-1/pin_assignment/top.xdc:25]
CRITICAL WARNING: [Common 17-55] 'set_property' expects at least one object. [C:/Users/curti/Downloads/lab3_provided_fa24-1/pin_assignment/top.xdc:25]
Resolution: If [get_<value>] was used to populate the object, check to make sure this command returns at least one valid object.
WARNING: [Vivado 12-584] No ports matched 'sw_i[8]'. [C:/Users/curti/Downloads/lab3_provided_fa24-1/pin_assignment/top.xdc:26]
CRITICAL WARNING: [Common 17-55] 'set_property' expects at least one object. [C:/Users/curti/Downloads/lab3_provided_fa24-1/pin_assignment/top.xdc:26]
Resolution: If [get_<value>] was used to populate the object, check to make sure this command returns at least one valid object.
WARNING: [Vivado 12-584] No ports matched 'sw_i[9]'. [C:/Users/curti/Downloads/lab3_provided_fa24-1/pin_assignment/top.xdc:27]
CRITICAL WARNING: [Common 17-55] 'set_property' expects at least one object. [C:/Users/curti/Downloads/lab3_provided_fa24-1/pin_assignment/top.xdc:27]
Resolution: If [get_<value>] was used to populate the object, check to make sure this command returns at least one valid object.
WARNING: [Vivado 12-584] No ports matched 'run_i'. [C:/Users/curti/Downloads/lab3_provided_fa24-1/pin_assignment/top.xdc:28]
CRITICAL WARNING: [Common 17-55] 'set_property' expects at least one object. [C:/Users/curti/Downloads/lab3_provided_fa24-1/pin_assignment/top.xdc:28]
Resolution: If [get_<value>] was used to populate the object, check to make sure this command returns at least one valid object.
WARNING: [Vivado 12-584] No ports matched 'reset'. [C:/Users/curti/Downloads/lab3_provided_fa24-1/pin_assignment/top.xdc:29]
CRITICAL WARNING: [Common 17-55] 'set_property' expects at least one object. [C:/Users/curti/Downloads/lab3_provided_fa24-1/pin_assignment/top.xdc:29]
Resolution: If [get_<value>] was used to populate the object, check to make sure this command returns at least one valid object.
WARNING: [Vivado 12-584] No ports matched 'reset'. [C:/Users/curti/Downloads/lab3_provided_fa24-1/pin_assignment/top.xdc:32]
CRITICAL WARNING: [Common 17-55] 'set_property' expects at least one object. [C:/Users/curti/Downloads/lab3_provided_fa24-1/pin_assignment/top.xdc:32]
Resolution: If [get_<value>] was used to populate the object, check to make sure this command returns at least one valid object.
WARNING: [Vivado 12-584] No ports matched 'run_i'. [C:/Users/curti/Downloads/lab3_provided_fa24-1/pin_assignment/top.xdc:33]
CRITICAL WARNING: [Common 17-55] 'set_property' expects at least one object. [C:/Users/curti/Downloads/lab3_provided_fa24-1/pin_assignment/top.xdc:33]
Resolution: If [get_<value>] was used to populate the object, check to make sure this command returns at least one valid object.
WARNING: [Vivado 12-584] No ports matched 'sign_led'. [C:/Users/curti/Downloads/lab3_provided_fa24-1/pin_assignment/top.xdc:40]
CRITICAL WARNING: [Common 17-55] 'set_property' expects at least one object. [C:/Users/curti/Downloads/lab3_provided_fa24-1/pin_assignment/top.xdc:40]
Resolution: If [get_<value>] was used to populate the object, check to make sure this command returns at least one valid object.
WARNING: [Vivado 12-584] No ports matched 'sign_led'. [C:/Users/curti/Downloads/lab3_provided_fa24-1/pin_assignment/top.xdc:41]
CRITICAL WARNING: [Common 17-55] 'set_property' expects at least one object. [C:/Users/curti/Downloads/lab3_provided_fa24-1/pin_assignment/top.xdc:41]
Resolution: If [get_<value>] was used to populate the object, check to make sure this command returns at least one valid object.
WARNING: [Vivado 12-584] No ports matched 'hex_grid_a[3]'. [C:/Users/curti/Downloads/lab3_provided_fa24-1/pin_assignment/top.xdc:42]
CRITICAL WARNING: [Common 17-55] 'set_property' expects at least one object. [C:/Users/curti/Downloads/lab3_provided_fa24-1/pin_assignment/top.xdc:42]
Resolution: If [get_<value>] was used to populate the object, check to make sure this command returns at least one valid object.
WARNING: [Vivado 12-584] No ports matched 'hex_grid_a[2]'. [C:/Users/curti/Downloads/lab3_provided_fa24-1/pin_assignment/top.xdc:43]
CRITICAL WARNING: [Common 17-55] 'set_property' expects at least one object. [C:/Users/curti/Downloads/lab3_provided_fa24-1/pin_assignment/top.xdc:43]
Resolution: If [get_<value>] was used to populate the object, check to make sure this command returns at least one valid object.
WARNING: [Vivado 12-584] No ports matched 'hex_grid_a[1]'. [C:/Users/curti/Downloads/lab3_provided_fa24-1/pin_assignment/top.xdc:44]
CRITICAL WARNING: [Common 17-55] 'set_property' expects at least one object. [C:/Users/curti/Downloads/lab3_provided_fa24-1/pin_assignment/top.xdc:44]
Resolution: If [get_<value>] was used to populate the object, check to make sure this command returns at least one valid object.
WARNING: [Vivado 12-584] No ports matched 'hex_grid_a[0]'. [C:/Users/curti/Downloads/lab3_provided_fa24-1/pin_assignment/top.xdc:45]
CRITICAL WARNING: [Common 17-55] 'set_property' expects at least one object. [C:/Users/curti/Downloads/lab3_provided_fa24-1/pin_assignment/top.xdc:45]
Resolution: If [get_<value>] was used to populate the object, check to make sure this command returns at least one valid object.
WARNING: [Vivado 12-584] No ports matched 'hex_grid_b[3]'. [C:/Users/curti/Downloads/lab3_provided_fa24-1/pin_assignment/top.xdc:46]
CRITICAL WARNING: [Common 17-55] 'set_property' expects at least one object. [C:/Users/curti/Downloads/lab3_provided_fa24-1/pin_assignment/top.xdc:46]
Resolution: If [get_<value>] was used to populate the object, check to make sure this command returns at least one valid object.
WARNING: [Vivado 12-584] No ports matched 'hex_grid_b[2]'. [C:/Users/curti/Downloads/lab3_provided_fa24-1/pin_assignment/top.xdc:47]
CRITICAL WARNING: [Common 17-55] 'set_property' expects at least one object. [C:/Users/curti/Downloads/lab3_provided_fa24-1/pin_assignment/top.xdc:47]
Resolution: If [get_<value>] was used to populate the object, check to make sure this command returns at least one valid object.
WARNING: [Vivado 12-584] No ports matched 'hex_grid_b[1]'. [C:/Users/curti/Downloads/lab3_provided_fa24-1/pin_assignment/top.xdc:48]
CRITICAL WARNING: [Common 17-55] 'set_property' expects at least one object. [C:/Users/curti/Downloads/lab3_provided_fa24-1/pin_assignment/top.xdc:48]
Resolution: If [get_<value>] was used to populate the object, check to make sure this command returns at least one valid object.
WARNING: [Vivado 12-584] No ports matched 'hex_grid_b[0]'. [C:/Users/curti/Downloads/lab3_provided_fa24-1/pin_assignment/top.xdc:49]
CRITICAL WARNING: [Common 17-55] 'set_property' expects at least one object. [C:/Users/curti/Downloads/lab3_provided_fa24-1/pin_assignment/top.xdc:49]
Resolution: If [get_<value>] was used to populate the object, check to make sure this command returns at least one valid object.
WARNING: [Vivado 12-584] No ports matched 'hex_seg_a[7]'. [C:/Users/curti/Downloads/lab3_provided_fa24-1/pin_assignment/top.xdc:50]
CRITICAL WARNING: [Common 17-55] 'set_property' expects at least one object. [C:/Users/curti/Downloads/lab3_provided_fa24-1/pin_assignment/top.xdc:50]
Resolution: If [get_<value>] was used to populate the object, check to make sure this command returns at least one valid object.
WARNING: [Vivado 12-584] No ports matched 'hex_seg_a[6]'. [C:/Users/curti/Downloads/lab3_provided_fa24-1/pin_assignment/top.xdc:51]
CRITICAL WARNING: [Common 17-55] 'set_property' expects at least one object. [C:/Users/curti/Downloads/lab3_provided_fa24-1/pin_assignment/top.xdc:51]
Resolution: If [get_<value>] was used to populate the object, check to make sure this command returns at least one valid object.
WARNING: [Vivado 12-584] No ports matched 'hex_seg_a[5]'. [C:/Users/curti/Downloads/lab3_provided_fa24-1/pin_assignment/top.xdc:52]
CRITICAL WARNING: [Common 17-55] 'set_property' expects at least one object. [C:/Users/curti/Downloads/lab3_provided_fa24-1/pin_assignment/top.xdc:52]
Resolution: If [get_<value>] was used to populate the object, check to make sure this command returns at least one valid object.
WARNING: [Vivado 12-584] No ports matched 'hex_seg_a[4]'. [C:/Users/curti/Downloads/lab3_provided_fa24-1/pin_assignment/top.xdc:53]
CRITICAL WARNING: [Common 17-55] 'set_property' expects at least one object. [C:/Users/curti/Downloads/lab3_provided_fa24-1/pin_assignment/top.xdc:53]
Resolution: If [get_<value>] was used to populate the object, check to make sure this command returns at least one valid object.
WARNING: [Vivado 12-584] No ports matched 'hex_seg_a[3]'. [C:/Users/curti/Downloads/lab3_provided_fa24-1/pin_assignment/top.xdc:54]
CRITICAL WARNING: [Common 17-55] 'set_property' expects at least one object. [C:/Users/curti/Downloads/lab3_provided_fa24-1/pin_assignment/top.xdc:54]
Resolution: If [get_<value>] was used to populate the object, check to make sure this command returns at least one valid object.
WARNING: [Vivado 12-584] No ports matched 'hex_seg_a[2]'. [C:/Users/curti/Downloads/lab3_provided_fa24-1/pin_assignment/top.xdc:55]
CRITICAL WARNING: [Common 17-55] 'set_property' expects at least one object. [C:/Users/curti/Downloads/lab3_provided_fa24-1/pin_assignment/top.xdc:55]
Resolution: If [get_<value>] was used to populate the object, check to make sure this command returns at least one valid object.
WARNING: [Vivado 12-584] No ports matched 'hex_seg_a[1]'. [C:/Users/curti/Downloads/lab3_provided_fa24-1/pin_assignment/top.xdc:56]
CRITICAL WARNING: [Common 17-55] 'set_property' expects at least one object. [C:/Users/curti/Downloads/lab3_provided_fa24-1/pin_assignment/top.xdc:56]
Resolution: If [get_<value>] was used to populate the object, check to make sure this command returns at least one valid object.
WARNING: [Vivado 12-584] No ports matched 'hex_seg_a[0]'. [C:/Users/curti/Downloads/lab3_provided_fa24-1/pin_assignment/top.xdc:57]
CRITICAL WARNING: [Common 17-55] 'set_property' expects at least one object. [C:/Users/curti/Downloads/lab3_provided_fa24-1/pin_assignment/top.xdc:57]
Resolution: If [get_<value>] was used to populate the object, check to make sure this command returns at least one valid object.
WARNING: [Vivado 12-584] No ports matched 'hex_seg_b[7]'. [C:/Users/curti/Downloads/lab3_provided_fa24-1/pin_assignment/top.xdc:58]
CRITICAL WARNING: [Common 17-55] 'set_property' expects at least one object. [C:/Users/curti/Downloads/lab3_provided_fa24-1/pin_assignment/top.xdc:58]
Resolution: If [get_<value>] was used to populate the object, check to make sure this command returns at least one valid object.
WARNING: [Vivado 12-584] No ports matched 'hex_seg_b[6]'. [C:/Users/curti/Downloads/lab3_provided_fa24-1/pin_assignment/top.xdc:59]
CRITICAL WARNING: [Common 17-55] 'set_property' expects at least one object. [C:/Users/curti/Downloads/lab3_provided_fa24-1/pin_assignment/top.xdc:59]
Resolution: If [get_<value>] was used to populate the object, check to make sure this command returns at least one valid object.
WARNING: [Vivado 12-584] No ports matched 'hex_seg_b[5]'. [C:/Users/curti/Downloads/lab3_provided_fa24-1/pin_assignment/top.xdc:60]
CRITICAL WARNING: [Common 17-55] 'set_property' expects at least one object. [C:/Users/curti/Downloads/lab3_provided_fa24-1/pin_assignment/top.xdc:60]
Resolution: If [get_<value>] was used to populate the object, check to make sure this command returns at least one valid object.
WARNING: [Vivado 12-584] No ports matched 'hex_seg_b[4]'. [C:/Users/curti/Downloads/lab3_provided_fa24-1/pin_assignment/top.xdc:61]
CRITICAL WARNING: [Common 17-55] 'set_property' expects at least one object. [C:/Users/curti/Downloads/lab3_provided_fa24-1/pin_assignment/top.xdc:61]
Resolution: If [get_<value>] was used to populate the object, check to make sure this command returns at least one valid object.
WARNING: [Vivado 12-584] No ports matched 'hex_seg_b[3]'. [C:/Users/curti/Downloads/lab3_provided_fa24-1/pin_assignment/top.xdc:62]
CRITICAL WARNING: [Common 17-55] 'set_property' expects at least one object. [C:/Users/curti/Downloads/lab3_provided_fa24-1/pin_assignment/top.xdc:62]
Resolution: If [get_<value>] was used to populate the object, check to make sure this command returns at least one valid object.
WARNING: [Vivado 12-584] No ports matched 'hex_seg_b[2]'. [C:/Users/curti/Downloads/lab3_provided_fa24-1/pin_assignment/top.xdc:63]
CRITICAL WARNING: [Common 17-55] 'set_property' expects at least one object. [C:/Users/curti/Downloads/lab3_provided_fa24-1/pin_assignment/top.xdc:63]
Resolution: If [get_<value>] was used to populate the object, check to make sure this command returns at least one valid object.
WARNING: [Vivado 12-584] No ports matched 'hex_seg_b[1]'. [C:/Users/curti/Downloads/lab3_provided_fa24-1/pin_assignment/top.xdc:64]
CRITICAL WARNING: [Common 17-55] 'set_property' expects at least one object. [C:/Users/curti/Downloads/lab3_provided_fa24-1/pin_assignment/top.xdc:64]
Resolution: If [get_<value>] was used to populate the object, check to make sure this command returns at least one valid object.
WARNING: [Vivado 12-584] No ports matched 'hex_seg_b[0]'. [C:/Users/curti/Downloads/lab3_provided_fa24-1/pin_assignment/top.xdc:65]
CRITICAL WARNING: [Common 17-55] 'set_property' expects at least one object. [C:/Users/curti/Downloads/lab3_provided_fa24-1/pin_assignment/top.xdc:65]
Resolution: If [get_<value>] was used to populate the object, check to make sure this command returns at least one valid object.
WARNING: [Vivado 12-584] No ports matched 'hex_grid_a[0]'. [C:/Users/curti/Downloads/lab3_provided_fa24-1/pin_assignment/top.xdc:66]
CRITICAL WARNING: [Common 17-55] 'set_property' expects at least one object. [C:/Users/curti/Downloads/lab3_provided_fa24-1/pin_assignment/top.xdc:66]
Resolution: If [get_<value>] was used to populate the object, check to make sure this command returns at least one valid object.
WARNING: [Vivado 12-584] No ports matched 'hex_grid_a[1]'. [C:/Users/curti/Downloads/lab3_provided_fa24-1/pin_assignment/top.xdc:67]
CRITICAL WARNING: [Common 17-55] 'set_property' expects at least one object. [C:/Users/curti/Downloads/lab3_provided_fa24-1/pin_assignment/top.xdc:67]
Resolution: If [get_<value>] was used to populate the object, check to make sure this command returns at least one valid object.
WARNING: [Vivado 12-584] No ports matched 'hex_grid_a[2]'. [C:/Users/curti/Downloads/lab3_provided_fa24-1/pin_assignment/top.xdc:68]
CRITICAL WARNING: [Common 17-55] 'set_property' expects at least one object. [C:/Users/curti/Downloads/lab3_provided_fa24-1/pin_assignment/top.xdc:68]
Resolution: If [get_<value>] was used to populate the object, check to make sure this command returns at least one valid object.
WARNING: [Vivado 12-584] No ports matched 'hex_grid_a[3]'. [C:/Users/curti/Downloads/lab3_provided_fa24-1/pin_assignment/top.xdc:69]
CRITICAL WARNING: [Common 17-55] 'set_property' expects at least one object. [C:/Users/curti/Downloads/lab3_provided_fa24-1/pin_assignment/top.xdc:69]
Resolution: If [get_<value>] was used to populate the object, check to make sure this command returns at least one valid object.
WARNING: [Vivado 12-584] No ports matched 'hex_seg_a[0]'. [C:/Users/curti/Downloads/lab3_provided_fa24-1/pin_assignment/top.xdc:70]
CRITICAL WARNING: [Common 17-55] 'set_property' expects at least one object. [C:/Users/curti/Downloads/lab3_provided_fa24-1/pin_assignment/top.xdc:70]
Resolution: If [get_<value>] was used to populate the object, check to make sure this command returns at least one valid object.
WARNING: [Vivado 12-584] No ports matched 'hex_seg_a[1]'. [C:/Users/curti/Downloads/lab3_provided_fa24-1/pin_assignment/top.xdc:71]
CRITICAL WARNING: [Common 17-55] 'set_property' expects at least one object. [C:/Users/curti/Downloads/lab3_provided_fa24-1/pin_assignment/top.xdc:71]
Resolution: If [get_<value>] was used to populate the object, check to make sure this command returns at least one valid object.
WARNING: [Vivado 12-584] No ports matched 'hex_seg_a[2]'. [C:/Users/curti/Downloads/lab3_provided_fa24-1/pin_assignment/top.xdc:72]
CRITICAL WARNING: [Common 17-55] 'set_property' expects at least one object. [C:/Users/curti/Downloads/lab3_provided_fa24-1/pin_assignment/top.xdc:72]
Resolution: If [get_<value>] was used to populate the object, check to make sure this command returns at least one valid object.
WARNING: [Vivado 12-584] No ports matched 'hex_seg_a[3]'. [C:/Users/curti/Downloads/lab3_provided_fa24-1/pin_assignment/top.xdc:73]
CRITICAL WARNING: [Common 17-55] 'set_property' expects at least one object. [C:/Users/curti/Downloads/lab3_provided_fa24-1/pin_assignment/top.xdc:73]
Resolution: If [get_<value>] was used to populate the object, check to make sure this command returns at least one valid object.
WARNING: [Vivado 12-584] No ports matched 'hex_seg_a[4]'. [C:/Users/curti/Downloads/lab3_provided_fa24-1/pin_assignment/top.xdc:74]
CRITICAL WARNING: [Common 17-55] 'set_property' expects at least one object. [C:/Users/curti/Downloads/lab3_provided_fa24-1/pin_assignment/top.xdc:74]
Resolution: If [get_<value>] was used to populate the object, check to make sure this command returns at least one valid object.
WARNING: [Vivado 12-584] No ports matched 'hex_seg_a[5]'. [C:/Users/curti/Downloads/lab3_provided_fa24-1/pin_assignment/top.xdc:75]
CRITICAL WARNING: [Common 17-55] 'set_property' expects at least one object. [C:/Users/curti/Downloads/lab3_provided_fa24-1/pin_assignment/top.xdc:75]
Resolution: If [get_<value>] was used to populate the object, check to make sure this command returns at least one valid object.
WARNING: [Vivado 12-584] No ports matched 'hex_seg_a[6]'. [C:/Users/curti/Downloads/lab3_provided_fa24-1/pin_assignment/top.xdc:76]
CRITICAL WARNING: [Common 17-55] 'set_property' expects at least one object. [C:/Users/curti/Downloads/lab3_provided_fa24-1/pin_assignment/top.xdc:76]
Resolution: If [get_<value>] was used to populate the object, check to make sure this command returns at least one valid object.
WARNING: [Vivado 12-584] No ports matched 'hex_seg_a[7]'. [C:/Users/curti/Downloads/lab3_provided_fa24-1/pin_assignment/top.xdc:77]
CRITICAL WARNING: [Common 17-55] 'set_property' expects at least one object. [C:/Users/curti/Downloads/lab3_provided_fa24-1/pin_assignment/top.xdc:77]
Resolution: If [get_<value>] was used to populate the object, check to make sure this command returns at least one valid object.
WARNING: [Vivado 12-584] No ports matched 'hex_seg_b[0]'. [C:/Users/curti/Downloads/lab3_provided_fa24-1/pin_assignment/top.xdc:78]
CRITICAL WARNING: [Common 17-55] 'set_property' expects at least one object. [C:/Users/curti/Downloads/lab3_provided_fa24-1/pin_assignment/top.xdc:78]
Resolution: If [get_<value>] was used to populate the object, check to make sure this command returns at least one valid object.
WARNING: [Vivado 12-584] No ports matched 'hex_seg_b[1]'. [C:/Users/curti/Downloads/lab3_provided_fa24-1/pin_assignment/top.xdc:79]
CRITICAL WARNING: [Common 17-55] 'set_property' expects at least one object. [C:/Users/curti/Downloads/lab3_provided_fa24-1/pin_assignment/top.xdc:79]
Resolution: If [get_<value>] was used to populate the object, check to make sure this command returns at least one valid object.
WARNING: [Vivado 12-584] No ports matched 'hex_seg_b[2]'. [C:/Users/curti/Downloads/lab3_provided_fa24-1/pin_assignment/top.xdc:80]
CRITICAL WARNING: [Common 17-55] 'set_property' expects at least one object. [C:/Users/curti/Downloads/lab3_provided_fa24-1/pin_assignment/top.xdc:80]
Resolution: If [get_<value>] was used to populate the object, check to make sure this command returns at least one valid object.
WARNING: [Vivado 12-584] No ports matched 'hex_seg_b[3]'. [C:/Users/curti/Downloads/lab3_provided_fa24-1/pin_assignment/top.xdc:81]
CRITICAL WARNING: [Common 17-55] 'set_property' expects at least one object. [C:/Users/curti/Downloads/lab3_provided_fa24-1/pin_assignment/top.xdc:81]
Resolution: If [get_<value>] was used to populate the object, check to make sure this command returns at least one valid object.
WARNING: [Vivado 12-584] No ports matched 'hex_seg_b[4]'. [C:/Users/curti/Downloads/lab3_provided_fa24-1/pin_assignment/top.xdc:82]
CRITICAL WARNING: [Common 17-55] 'set_property' expects at least one object. [C:/Users/curti/Downloads/lab3_provided_fa24-1/pin_assignment/top.xdc:82]
Resolution: If [get_<value>] was used to populate the object, check to make sure this command returns at least one valid object.
WARNING: [Vivado 12-584] No ports matched 'hex_seg_b[5]'. [C:/Users/curti/Downloads/lab3_provided_fa24-1/pin_assignment/top.xdc:83]
CRITICAL WARNING: [Common 17-55] 'set_property' expects at least one object. [C:/Users/curti/Downloads/lab3_provided_fa24-1/pin_assignment/top.xdc:83]
Resolution: If [get_<value>] was used to populate the object, check to make sure this command returns at least one valid object.
WARNING: [Vivado 12-584] No ports matched 'hex_seg_b[6]'. [C:/Users/curti/Downloads/lab3_provided_fa24-1/pin_assignment/top.xdc:84]
CRITICAL WARNING: [Common 17-55] 'set_property' expects at least one object. [C:/Users/curti/Downloads/lab3_provided_fa24-1/pin_assignment/top.xdc:84]
Resolution: If [get_<value>] was used to populate the object, check to make sure this command returns at least one valid object.
WARNING: [Vivado 12-584] No ports matched 'hex_seg_b[7]'. [C:/Users/curti/Downloads/lab3_provided_fa24-1/pin_assignment/top.xdc:85]
CRITICAL WARNING: [Common 17-55] 'set_property' expects at least one object. [C:/Users/curti/Downloads/lab3_provided_fa24-1/pin_assignment/top.xdc:85]
Resolution: If [get_<value>] was used to populate the object, check to make sure this command returns at least one valid object.
WARNING: [Vivado 12-584] No ports matched 'hex_grid_b[0]'. [C:/Users/curti/Downloads/lab3_provided_fa24-1/pin_assignment/top.xdc:86]
CRITICAL WARNING: [Common 17-55] 'set_property' expects at least one object. [C:/Users/curti/Downloads/lab3_provided_fa24-1/pin_assignment/top.xdc:86]
Resolution: If [get_<value>] was used to populate the object, check to make sure this command returns at least one valid object.
WARNING: [Vivado 12-584] No ports matched 'hex_grid_b[1]'. [C:/Users/curti/Downloads/lab3_provided_fa24-1/pin_assignment/top.xdc:87]
CRITICAL WARNING: [Common 17-55] 'set_property' expects at least one object. [C:/Users/curti/Downloads/lab3_provided_fa24-1/pin_assignment/top.xdc:87]
Resolution: If [get_<value>] was used to populate the object, check to make sure this command returns at least one valid object.
WARNING: [Vivado 12-584] No ports matched 'hex_grid_b[2]'. [C:/Users/curti/Downloads/lab3_provided_fa24-1/pin_assignment/top.xdc:88]
CRITICAL WARNING: [Common 17-55] 'set_property' expects at least one object. [C:/Users/curti/Downloads/lab3_provided_fa24-1/pin_assignment/top.xdc:88]
Resolution: If [get_<value>] was used to populate the object, check to make sure this command returns at least one valid object.
WARNING: [Vivado 12-584] No ports matched 'hex_grid_b[3]'. [C:/Users/curti/Downloads/lab3_provided_fa24-1/pin_assignment/top.xdc:89]
CRITICAL WARNING: [Common 17-55] 'set_property' expects at least one object. [C:/Users/curti/Downloads/lab3_provided_fa24-1/pin_assignment/top.xdc:89]
Resolution: If [get_<value>] was used to populate the object, check to make sure this command returns at least one valid object.
WARNING: [Vivado 12-584] No ports matched 'sw_i[10]'. [C:/Users/curti/Downloads/lab3_provided_fa24-1/pin_assignment/top.xdc:90]
CRITICAL WARNING: [Common 17-55] 'set_property' expects at least one object. [C:/Users/curti/Downloads/lab3_provided_fa24-1/pin_assignment/top.xdc:90]
Resolution: If [get_<value>] was used to populate the object, check to make sure this command returns at least one valid object.
WARNING: [Vivado 12-584] No ports matched 'sw_i[11]'. [C:/Users/curti/Downloads/lab3_provided_fa24-1/pin_assignment/top.xdc:91]
CRITICAL WARNING: [Common 17-55] 'set_property' expects at least one object. [C:/Users/curti/Downloads/lab3_provided_fa24-1/pin_assignment/top.xdc:91]
Resolution: If [get_<value>] was used to populate the object, check to make sure this command returns at least one valid object.
WARNING: [Vivado 12-584] No ports matched 'sw_i[12]'. [C:/Users/curti/Downloads/lab3_provided_fa24-1/pin_assignment/top.xdc:92]
CRITICAL WARNING: [Common 17-55] 'set_property' expects at least one object. [C:/Users/curti/Downloads/lab3_provided_fa24-1/pin_assignment/top.xdc:92]
Resolution: If [get_<value>] was used to populate the object, check to make sure this command returns at least one valid object.
WARNING: [Vivado 12-584] No ports matched 'sw_i[13]'. [C:/Users/curti/Downloads/lab3_provided_fa24-1/pin_assignment/top.xdc:93]
CRITICAL WARNING: [Common 17-55] 'set_property' expects at least one object. [C:/Users/curti/Downloads/lab3_provided_fa24-1/pin_assignment/top.xdc:93]
Resolution: If [get_<value>] was used to populate the object, check to make sure this command returns at least one valid object.
WARNING: [Vivado 12-584] No ports matched 'sw_i[14]'. [C:/Users/curti/Downloads/lab3_provided_fa24-1/pin_assignment/top.xdc:94]
CRITICAL WARNING: [Common 17-55] 'set_property' expects at least one object. [C:/Users/curti/Downloads/lab3_provided_fa24-1/pin_assignment/top.xdc:94]
Resolution: If [get_<value>] was used to populate the object, check to make sure this command returns at least one valid object.
WARNING: [Vivado 12-584] No ports matched 'sw_i[15]'. [C:/Users/curti/Downloads/lab3_provided_fa24-1/pin_assignment/top.xdc:95]
CRITICAL WARNING: [Common 17-55] 'set_property' expects at least one object. [C:/Users/curti/Downloads/lab3_provided_fa24-1/pin_assignment/top.xdc:95]
Resolution: If [get_<value>] was used to populate the object, check to make sure this command returns at least one valid object.
Finished Parsing XDC File [C:/Users/curti/Downloads/lab3_provided_fa24-1/pin_assignment/top.xdc]
INFO: [Project 1-236] Implementation specific constraints were found while reading constraint file [C:/Users/curti/Downloads/lab3_provided_fa24-1/pin_assignment/top.xdc]. These constraints will be ignored for synthesis but will be used in implementation. Impacted constraints are listed in the file [.Xil/multiplier_propImpl.xdc].
Resolution: To avoid this warning, move constraints listed in [.Xil/multiplier_propImpl.xdc] to another XDC file and exclude this new file from synthesis with the used_in_synthesis property (File Properties dialog in GUI) and re-run elaboration/synthesis.
Completed Processing XDC Constraints

Netlist sorting complete. Time (s): cpu = 00:00:00 ; elapsed = 00:00:00.001 . Memory (MB): peak = 1327.684 ; gain = 0.000
INFO: [Project 1-111] Unisim Transformation Summary:
No Unisim elements were transformed.

Constraint Validation Runtime : Time (s): cpu = 00:00:00 ; elapsed = 00:00:00.004 . Memory (MB): peak = 1327.684 ; gain = 0.000
INFO: [Designutils 20-5440] No compile time benefit to using incremental synthesis; A full resynthesis will be run
INFO: [Designutils 20-4379] Flow is switching to default flow due to incremental criteria not met. If you would like to alter this behaviour and have the flow terminate instead, please set the following parameter config_implementation {autoIncr.Synth.RejectBehavior Terminate}
INFO: [Synth 8-11241] undeclared symbol 'REGCCE', assumed default net type 'wire' [C:/Xilinx/Vivado/2022.2/data/verilog/src/unimacro/BRAM_SINGLE_MACRO.v:2170]
---------------------------------------------------------------------------------
Finished Constraint Validation : Time (s): cpu = 00:00:04 ; elapsed = 00:00:19 . Memory (MB): peak = 1327.684 ; gain = 557.523
---------------------------------------------------------------------------------
---------------------------------------------------------------------------------
Start Loading Part and Timing Information
---------------------------------------------------------------------------------
Loading part: xc7s50csga324-1
---------------------------------------------------------------------------------
Finished Loading Part and Timing Information : Time (s): cpu = 00:00:04 ; elapsed = 00:00:19 . Memory (MB): peak = 1327.684 ; gain = 557.523
---------------------------------------------------------------------------------
---------------------------------------------------------------------------------
Start Applying 'set_property' XDC Constraints
---------------------------------------------------------------------------------
---------------------------------------------------------------------------------
Finished applying 'set_property' XDC Constraints : Time (s): cpu = 00:00:04 ; elapsed = 00:00:19 . Memory (MB): peak = 1327.684 ; gain = 557.523
---------------------------------------------------------------------------------
INFO: [Synth 8-802] inferred FSM for state register 'curr_state_reg' in module 'control_unit'
---------------------------------------------------------------------------------------------------
                   State |                     New Encoding |                Previous Encoding 
---------------------------------------------------------------------------------------------------
              stateStart |                            00000 |                            00000
               stateAdd1 |                            00001 |                            01001
             stateShift1 |                            00010 |                            00001
               stateAdd2 |                            00011 |                            01010
             stateShift2 |                            00100 |                            00010
               stateAdd3 |                            00101 |                            01011
             stateShift3 |                            00110 |                            00011
               stateAdd4 |                            00111 |                            01100
             stateShift4 |                            01000 |                            00100
               stateAdd5 |                            01001 |                            01101
             stateShift5 |                            01010 |                            00101
               stateAdd6 |                            01011 |                            01110
             stateShift6 |                            01100 |                            00110
               stateAdd7 |                            01101 |                            01111
             stateShift7 |                            01110 |                            00111
                stateSub |                            01111 |                            10001
             stateShift8 |                            10000 |                            01000
---------------------------------------------------------------------------------------------------
INFO: [Synth 8-3354] encoded FSM with state register 'curr_state_reg' using encoding 'sequential' in module 'control_unit'
---------------------------------------------------------------------------------
Finished RTL Optimization Phase 2 : Time (s): cpu = 00:00:04 ; elapsed = 00:00:20 . Memory (MB): peak = 1327.684 ; gain = 557.523
---------------------------------------------------------------------------------
---------------------------------------------------------------------------------
Start RTL Component Statistics 
---------------------------------------------------------------------------------
Detailed RTL Component Info : 
+---XORs : 
	   3 Input      1 Bit         XORs := 9     
	   2 Input      1 Bit         XORs := 10    
+---Registers : 
	                9 Bit    Registers := 1     
	                8 Bit    Registers := 1     
	                1 Bit    Registers := 30    
+---Muxes : 
	   2 Input    9 Bit        Muxes := 6     
	   2 Input    8 Bit        Muxes := 3     
	   4 Input    8 Bit        Muxes := 1     
	  17 Input    5 Bit        Muxes := 6     
	  27 Input    5 Bit        Muxes := 1     
	   5 Input    4 Bit        Muxes := 1     
	   2 Input    1 Bit        Muxes := 3     
	  19 Input    1 Bit        Muxes := 6     
	  17 Input    1 Bit        Muxes := 1     
---------------------------------------------------------------------------------
Finished RTL Component Statistics 
---------------------------------------------------------------------------------
---------------------------------------------------------------------------------
Start Part Resource Summary
---------------------------------------------------------------------------------
Part Resources:
DSPs: 120 (col length:60)
BRAMs: 150 (col length: RAMB18 60 RAMB36 30)
---------------------------------------------------------------------------------
Finished Part Resource Summary
---------------------------------------------------------------------------------
---------------------------------------------------------------------------------
Start Cross Boundary and Area Optimization
---------------------------------------------------------------------------------
WARNING: [Synth 8-7080] Parallel synthesis criteria is not met
WARNING: [Synth 8-3917] design multiplier has port hex_seg[7] driven by constant 1
---------------------------------------------------------------------------------
Finished Cross Boundary and Area Optimization : Time (s): cpu = 00:00:04 ; elapsed = 00:00:24 . Memory (MB): peak = 1327.684 ; gain = 557.523
---------------------------------------------------------------------------------
