INFO: [VRFC 10-2263] Analyzing Verilog file "C:/Users/curti/OneDrive/Documents/UIUC/ECE-385/lab5-123/lab_5_123894/lab_5_123894.sim/sim_1/synth/func/xsim/processor_top_func_synth.v" into library xil_defaultlib
INFO: [VRFC 10-311] analyzing module alu
INFO: [VRFC 10-311] analyzing module blk_mem_gen_0
INFO: [VRFC 10-311] analyzing module br_en
INFO: [VRFC 10-311] analyzing module control
INFO: [VRFC 10-311] analyzing module cpu
INFO: [VRFC 10-311] analyzing module cpu_to_io
INFO: [VRFC 10-311] analyzing module hex_driver
INFO: [VRFC 10-311] analyzing module instantiate_ram
INFO: [VRFC 10-311] analyzing module load_reg
INFO: [VRFC 10-311] analyzing module load_reg_17
INFO: [VRFC 10-311] analyzing module load_reg_18
INFO: [VRFC 10-311] analyzing module load_reg_19
INFO: [VRFC 10-311] analyzing module memory
INFO: [VRFC 10-311] analyzing module pcmux
INFO: [VRFC 10-311] analyzing module processor_top
INFO: [VRFC 10-311] analyzing module register_unit
INFO: [VRFC 10-311] analyzing module slc3
INFO: [VRFC 10-311] analyzing module sync_debounce
INFO: [VRFC 10-311] analyzing module sync_debounce_0
INFO: [VRFC 10-311] analyzing module sync_debounce_1
INFO: [VRFC 10-311] analyzing module sync_flop
INFO: [VRFC 10-311] analyzing module sync_flop_10
INFO: [VRFC 10-311] analyzing module sync_flop_11
INFO: [VRFC 10-311] analyzing module sync_flop_12
INFO: [VRFC 10-311] analyzing module sync_flop_13
INFO: [VRFC 10-311] analyzing module sync_flop_14
INFO: [VRFC 10-311] analyzing module sync_flop_15
INFO: [VRFC 10-311] analyzing module sync_flop_16
INFO: [VRFC 10-311] analyzing module sync_flop_2
INFO: [VRFC 10-311] analyzing module sync_flop_3
INFO: [VRFC 10-311] analyzing module sync_flop_4
INFO: [VRFC 10-311] analyzing module sync_flop_5
INFO: [VRFC 10-311] analyzing module sync_flop_6
INFO: [VRFC 10-311] analyzing module sync_flop_7
INFO: [VRFC 10-311] analyzing module sync_flop_8
INFO: [VRFC 10-311] analyzing module sync_flop_9
INFO: [VRFC 10-311] analyzing module blk_mem_gen_0_blk_mem_gen_generic_cstr
INFO: [VRFC 10-311] analyzing module blk_mem_gen_0_blk_mem_gen_prim_width
INFO: [VRFC 10-311] analyzing module blk_mem_gen_0_blk_mem_gen_prim_wrapper
INFO: [VRFC 10-311] analyzing module blk_mem_gen_0_blk_mem_gen_top
INFO: [VRFC 10-311] analyzing module blk_mem_gen_0_blk_mem_gen_v8_4_5
INFO: [VRFC 10-311] analyzing module blk_mem_gen_0_blk_mem_gen_v8_4_5_synth
INFO: [VRFC 10-311] analyzing module glbl
